<?xml version="1.0" encoding="utf-8"?>
<CoverageSession xmlns:xsd="http://www.w3.org/2001/XMLSchema" xmlns:xsi="http://www.w3.org/2001/XMLSchema-instance" Version="4.7.922.0">
  <Summary numSequencePoints="486" visitedSequencePoints="400" numBranchPoints="84" visitedBranchPoints="67" sequenceCoverage="82.30" branchCoverage="79.76" maxCyclomaticComplexity="2" minCyclomaticComplexity="1" maxCrapScore="6" minCrapScore="1" visitedClasses="6" numClasses="7" visitedMethods="65" numMethods="72" />
  <Modules>
    <Module hash="9B-1F-17-2A-59-EE-78-D9-89-06-35-6D-A1-C3-72-4D-27-18-70-4E">
      <Summary numSequencePoints="328" visitedSequencePoints="321" numBranchPoints="46" visitedBranchPoints="46" sequenceCoverage="97.87" branchCoverage="100" maxCyclomaticComplexity="1" minCyclomaticComplexity="1" maxCrapScore="2" minCrapScore="1" visitedClasses="5" numClasses="5" visitedMethods="46" numMethods="46" />
      <ModulePath>C:\projectsGit\OOP2Curs\OOP2.0\OOP2Curs\Semester_3\Lab6\Lab11\UnitTestProject1\bin\fine-code-coverage-Debug\UnitTestProject1.dll</ModulePath>
      <ModuleTime>2025-02-13T16:21:19.205232Z</ModuleTime>
      <ModuleName>UnitTestProject1</ModuleName>
      <Files>
        <File uid="1" fullPath="C:\projectsGit\OOP2Curs\OOP2.0\OOP2Curs\Semester_3\Lab6\Lab11\UnitTestProject1\UnitTest1.cs" />
      </Files>
      <Classes>
        <Class>
          <Summary numSequencePoints="316" visitedSequencePoints="313" numBranchPoints="42" visitedBranchPoints="42" sequenceCoverage="99.05" branchCoverage="100" maxCyclomaticComplexity="1" minCyclomaticComplexity="1" maxCrapScore="2" minCrapScore="1" visitedClasses="1" numClasses="1" visitedMethods="42" numMethods="42" />
          <FullName>UnitTestProject.UnitTest1</FullName>
          <Methods>
            <Method visited="true" cyclomaticComplexity="1" nPathComplexity="0" sequenceCoverage="100" branchCoverage="100" crapScore="1" isConstructor="false" isStatic="false" isGetter="false" isSetter="false">
              <Summary numSequencePoints="7" visitedSequencePoints="7" numBranchPoints="1" visitedBranchPoints="1" sequenceCoverage="100" branchCoverage="100" maxCyclomaticComplexity="1" minCyclomaticComplexity="1" maxCrapScore="1" minCrapScore="1" visitedClasses="0" numClasses="0" visitedMethods="1" numMethods="1" />
              <MetadataToken>100663297</MetadataToken>
              <Name>System.Void UnitTestProject.UnitTest1::TestMethodTestCollectionsAdd()</Name>
              <FileRef uid="1" />
              <SequencePoints>
                <SequencePoint vc="1" uspid="1" ordinal="0" offset="0" sl="15" sc="9" el="15" ec="10" bec="0" bev="0" fileid="1" />
                <SequencePoint vc="1" uspid="2" ordinal="1" offset="1" sl="17" sc="13" el="17" ec="70" bec="0" bev="0" fileid="1" />
                <SequencePoint vc="1" uspid="3" ordinal="2" offset="8" sl="19" sc="13" el="19" ec="31" bec="0" bev="0" fileid="1" />
                <SequencePoint vc="1" uspid="4" ordinal="3" offset="10" sl="21" sc="13" el="21" ec="47" bec="0" bev="0" fileid="1" />
                <SequencePoint vc="1" uspid="5" ordinal="4" offset="23" sl="22" sc="13" el="22" ec="47" bec="0" bev="0" fileid="1" />
                <SequencePoint vc="1" uspid="6" ordinal="5" offset="30" sl="24" sc="13" el="24" ec="51" bec="0" bev="0" fileid="1" />
                <SequencePoint vc="1" uspid="7" ordinal="6" offset="38" sl="25" sc="9" el="25" ec="10" bec="0" bev="0" fileid="1" />
              </SequencePoints>
              <BranchPoints />
              <MethodPoint xsi:type="SequencePoint" vc="1" uspid="1" ordinal="0" offset="0" sl="15" sc="9" el="15" ec="10" bec="0" bev="0" fileid="1" />
            </Method>
            <Method visited="true" cyclomaticComplexity="1" nPathComplexity="0" sequenceCoverage="100" branchCoverage="100" crapScore="1" isConstructor="false" isStatic="false" isGetter="false" isSetter="false">
              <Summary numSequencePoints="8" visitedSequencePoints="8" numBranchPoints="1" visitedBranchPoints="1" sequenceCoverage="100" branchCoverage="100" maxCyclomaticComplexity="1" minCyclomaticComplexity="1" maxCrapScore="1" minCrapScore="1" visitedClasses="0" numClasses="0" visitedMethods="1" numMethods="1" />
              <MetadataToken>100663298</MetadataToken>
              <Name>System.Void UnitTestProject.UnitTest1::TestMethodTestCollectionsDelete()</Name>
              <FileRef uid="1" />
              <SequencePoints>
                <SequencePoint vc="1" uspid="8" ordinal="0" offset="0" sl="29" sc="9" el="29" ec="10" bec="0" bev="0" fileid="1" />
                <SequencePoint vc="1" uspid="9" ordinal="1" offset="1" sl="31" sc="13" el="31" ec="70" bec="0" bev="0" fileid="1" />
                <SequencePoint vc="1" uspid="10" ordinal="2" offset="8" sl="33" sc="13" el="33" ec="31" bec="0" bev="0" fileid="1" />
                <SequencePoint vc="1" uspid="11" ordinal="3" offset="10" sl="35" sc="13" el="35" ec="47" bec="0" bev="0" fileid="1" />
                <SequencePoint vc="1" uspid="12" ordinal="4" offset="23" sl="36" sc="13" el="36" ec="50" bec="0" bev="0" fileid="1" />
                <SequencePoint vc="1" uspid="13" ordinal="5" offset="36" sl="37" sc="13" el="37" ec="47" bec="0" bev="0" fileid="1" />
                <SequencePoint vc="1" uspid="14" ordinal="6" offset="43" sl="39" sc="13" el="39" ec="51" bec="0" bev="0" fileid="1" />
                <SequencePoint vc="1" uspid="15" ordinal="7" offset="51" sl="40" sc="9" el="40" ec="10" bec="0" bev="0" fileid="1" />
              </SequencePoints>
              <BranchPoints />
              <MethodPoint xsi:type="SequencePoint" vc="1" uspid="8" ordinal="0" offset="0" sl="29" sc="9" el="29" ec="10" bec="0" bev="0" fileid="1" />
            </Method>
            <Method visited="true" cyclomaticComplexity="1" nPathComplexity="0" sequenceCoverage="100" branchCoverage="100" crapScore="1" isConstructor="false" isStatic="false" isGetter="false" isSetter="false">
              <Summary numSequencePoints="7" visitedSequencePoints="7" numBranchPoints="1" visitedBranchPoints="1" sequenceCoverage="100" branchCoverage="100" maxCyclomaticComplexity="1" minCyclomaticComplexity="1" maxCrapScore="1" minCrapScore="1" visitedClasses="0" numClasses="0" visitedMethods="1" numMethods="1" />
              <MetadataToken>100663299</MetadataToken>
              <Name>System.Void UnitTestProject.UnitTest1::TestMethodTestCollectionsFirstList1()</Name>
              <FileRef uid="1" />
              <SequencePoints>
                <SequencePoint vc="1" uspid="16" ordinal="0" offset="0" sl="44" sc="9" el="44" ec="10" bec="0" bev="0" fileid="1" />
                <SequencePoint vc="1" uspid="17" ordinal="1" offset="1" sl="46" sc="13" el="46" ec="70" bec="0" bev="0" fileid="1" />
                <SequencePoint vc="1" uspid="18" ordinal="2" offset="8" sl="48" sc="13" el="48" ec="45" bec="0" bev="0" fileid="1" />
                <SequencePoint vc="1" uspid="19" ordinal="3" offset="15" sl="50" sc="13" el="50" ec="47" bec="0" bev="0" fileid="1" />
                <SequencePoint vc="1" uspid="20" ordinal="4" offset="28" sl="51" sc="13" el="51" ec="52" bec="0" bev="0" fileid="1" />
                <SequencePoint vc="1" uspid="21" ordinal="5" offset="35" sl="53" sc="13" el="53" ec="51" bec="0" bev="0" fileid="1" />
                <SequencePoint vc="1" uspid="22" ordinal="6" offset="43" sl="54" sc="9" el="54" ec="10" bec="0" bev="0" fileid="1" />
              </SequencePoints>
              <BranchPoints />
              <MethodPoint xsi:type="SequencePoint" vc="1" uspid="16" ordinal="0" offset="0" sl="44" sc="9" el="44" ec="10" bec="0" bev="0" fileid="1" />
            </Method>
            <Method visited="true" cyclomaticComplexity="1" nPathComplexity="0" sequenceCoverage="100" branchCoverage="100" crapScore="1" isConstructor="false" isStatic="false" isGetter="false" isSetter="false">
              <Summary numSequencePoints="8" visitedSequencePoints="8" numBranchPoints="1" visitedBranchPoints="1" sequenceCoverage="100" branchCoverage="100" maxCyclomaticComplexity="1" minCyclomaticComplexity="1" maxCrapScore="1" minCrapScore="1" visitedClasses="0" numClasses="0" visitedMethods="1" numMethods="1" />
              <MetadataToken>100663300</MetadataToken>
              <Name>System.Void UnitTestProject.UnitTest1::TestMethodTestCollectionsList1Medium()</Name>
              <FileRef uid="1" />
              <SequencePoints>
                <SequencePoint vc="1" uspid="23" ordinal="0" offset="0" sl="58" sc="9" el="58" ec="10" bec="0" bev="0" fileid="1" />
                <SequencePoint vc="1" uspid="24" ordinal="1" offset="1" sl="60" sc="13" el="60" ec="70" bec="0" bev="0" fileid="1" />
                <SequencePoint vc="1" uspid="25" ordinal="2" offset="8" sl="62" sc="13" el="62" ec="45" bec="0" bev="0" fileid="1" />
                <SequencePoint vc="1" uspid="26" ordinal="3" offset="15" sl="64" sc="13" el="64" ec="47" bec="0" bev="0" fileid="1" />
                <SequencePoint vc="1" uspid="27" ordinal="4" offset="28" sl="65" sc="13" el="65" ec="79" bec="0" bev="0" fileid="1" />
                <SequencePoint vc="1" uspid="28" ordinal="5" offset="76" sl="66" sc="13" el="66" ec="53" bec="0" bev="0" fileid="1" />
                <SequencePoint vc="1" uspid="29" ordinal="6" offset="83" sl="68" sc="13" el="68" ec="51" bec="0" bev="0" fileid="1" />
                <SequencePoint vc="1" uspid="30" ordinal="7" offset="91" sl="69" sc="9" el="69" ec="10" bec="0" bev="0" fileid="1" />
              </SequencePoints>
              <BranchPoints />
              <MethodPoint xsi:type="SequencePoint" vc="1" uspid="23" ordinal="0" offset="0" sl="58" sc="9" el="58" ec="10" bec="0" bev="0" fileid="1" />
            </Method>
            <Method visited="true" cyclomaticComplexity="1" nPathComplexity="0" sequenceCoverage="100" branchCoverage="100" crapScore="1" isConstructor="false" isStatic="false" isGetter="false" isSetter="false">
              <Summary numSequencePoints="7" visitedSequencePoints="7" numBranchPoints="1" visitedBranchPoints="1" sequenceCoverage="100" branchCoverage="100" maxCyclomaticComplexity="1" minCyclomaticComplexity="1" maxCrapScore="1" minCrapScore="1" visitedClasses="0" numClasses="0" visitedMethods="1" numMethods="1" />
              <MetadataToken>100663301</MetadataToken>
              <Name>System.Void UnitTestProject.UnitTest1::TestMethodTestCollectionsList1Last()</Name>
              <FileRef uid="1" />
              <SequencePoints>
                <SequencePoint vc="1" uspid="31" ordinal="0" offset="0" sl="73" sc="9" el="73" ec="10" bec="0" bev="0" fileid="1" />
                <SequencePoint vc="1" uspid="32" ordinal="1" offset="1" sl="75" sc="13" el="75" ec="70" bec="0" bev="0" fileid="1" />
                <SequencePoint vc="1" uspid="33" ordinal="2" offset="8" sl="77" sc="13" el="77" ec="45" bec="0" bev="0" fileid="1" />
                <SequencePoint vc="1" uspid="34" ordinal="3" offset="15" sl="79" sc="13" el="79" ec="47" bec="0" bev="0" fileid="1" />
                <SequencePoint vc="1" uspid="35" ordinal="4" offset="28" sl="80" sc="13" el="80" ec="51" bec="0" bev="0" fileid="1" />
                <SequencePoint vc="1" uspid="36" ordinal="5" offset="35" sl="82" sc="13" el="82" ec="51" bec="0" bev="0" fileid="1" />
                <SequencePoint vc="1" uspid="37" ordinal="6" offset="43" sl="83" sc="9" el="83" ec="10" bec="0" bev="0" fileid="1" />
              </SequencePoints>
              <BranchPoints />
              <MethodPoint xsi:type="SequencePoint" vc="1" uspid="31" ordinal="0" offset="0" sl="73" sc="9" el="73" ec="10" bec="0" bev="0" fileid="1" />
            </Method>
            <Method visited="true" cyclomaticComplexity="1" nPathComplexity="0" sequenceCoverage="100" branchCoverage="100" crapScore="1" isConstructor="false" isStatic="false" isGetter="false" isSetter="false">
              <Summary numSequencePoints="7" visitedSequencePoints="7" numBranchPoints="1" visitedBranchPoints="1" sequenceCoverage="100" branchCoverage="100" maxCyclomaticComplexity="1" minCyclomaticComplexity="1" maxCrapScore="1" minCrapScore="1" visitedClasses="0" numClasses="0" visitedMethods="1" numMethods="1" />
              <MetadataToken>100663302</MetadataToken>
              <Name>System.Void UnitTestProject.UnitTest1::TestMethodTestCollectionsList2First()</Name>
              <FileRef uid="1" />
              <SequencePoints>
                <SequencePoint vc="1" uspid="38" ordinal="0" offset="0" sl="87" sc="9" el="87" ec="10" bec="0" bev="0" fileid="1" />
                <SequencePoint vc="1" uspid="39" ordinal="1" offset="1" sl="89" sc="13" el="89" ec="70" bec="0" bev="0" fileid="1" />
                <SequencePoint vc="1" uspid="40" ordinal="2" offset="8" sl="91" sc="13" el="91" ec="56" bec="0" bev="0" fileid="1" />
                <SequencePoint vc="1" uspid="41" ordinal="3" offset="20" sl="93" sc="13" el="93" ec="47" bec="0" bev="0" fileid="1" />
                <SequencePoint vc="1" uspid="42" ordinal="4" offset="33" sl="94" sc="13" el="94" ec="52" bec="0" bev="0" fileid="1" />
                <SequencePoint vc="1" uspid="43" ordinal="5" offset="40" sl="96" sc="13" el="96" ec="51" bec="0" bev="0" fileid="1" />
                <SequencePoint vc="1" uspid="44" ordinal="6" offset="48" sl="97" sc="9" el="97" ec="10" bec="0" bev="0" fileid="1" />
              </SequencePoints>
              <BranchPoints />
              <MethodPoint xsi:type="SequencePoint" vc="1" uspid="38" ordinal="0" offset="0" sl="87" sc="9" el="87" ec="10" bec="0" bev="0" fileid="1" />
            </Method>
            <Method visited="true" cyclomaticComplexity="1" nPathComplexity="0" sequenceCoverage="100" branchCoverage="100" crapScore="1" isConstructor="false" isStatic="false" isGetter="false" isSetter="false">
              <Summary numSequencePoints="8" visitedSequencePoints="8" numBranchPoints="1" visitedBranchPoints="1" sequenceCoverage="100" branchCoverage="100" maxCyclomaticComplexity="1" minCyclomaticComplexity="1" maxCrapScore="1" minCrapScore="1" visitedClasses="0" numClasses="0" visitedMethods="1" numMethods="1" />
              <MetadataToken>100663303</MetadataToken>
              <Name>System.Void UnitTestProject.UnitTest1::TestMethodTestCollectionsList2Medium()</Name>
              <FileRef uid="1" />
              <SequencePoints>
                <SequencePoint vc="1" uspid="45" ordinal="0" offset="0" sl="101" sc="9" el="101" ec="10" bec="0" bev="0" fileid="1" />
                <SequencePoint vc="1" uspid="46" ordinal="1" offset="1" sl="103" sc="13" el="103" ec="70" bec="0" bev="0" fileid="1" />
                <SequencePoint vc="1" uspid="47" ordinal="2" offset="8" sl="105" sc="13" el="105" ec="56" bec="0" bev="0" fileid="1" />
                <SequencePoint vc="1" uspid="48" ordinal="3" offset="20" sl="107" sc="13" el="107" ec="47" bec="0" bev="0" fileid="1" />
                <SequencePoint vc="1" uspid="49" ordinal="4" offset="33" sl="108" sc="13" el="108" ec="79" bec="0" bev="0" fileid="1" />
                <SequencePoint vc="1" uspid="50" ordinal="5" offset="81" sl="109" sc="13" el="109" ec="53" bec="0" bev="0" fileid="1" />
                <SequencePoint vc="1" uspid="51" ordinal="6" offset="88" sl="111" sc="13" el="111" ec="51" bec="0" bev="0" fileid="1" />
                <SequencePoint vc="1" uspid="52" ordinal="7" offset="96" sl="112" sc="9" el="112" ec="10" bec="0" bev="0" fileid="1" />
              </SequencePoints>
              <BranchPoints />
              <MethodPoint xsi:type="SequencePoint" vc="1" uspid="45" ordinal="0" offset="0" sl="101" sc="9" el="101" ec="10" bec="0" bev="0" fileid="1" />
            </Method>
            <Method visited="true" cyclomaticComplexity="1" nPathComplexity="0" sequenceCoverage="100" branchCoverage="100" crapScore="1" isConstructor="false" isStatic="false" isGetter="false" isSetter="false">
              <Summary numSequencePoints="7" visitedSequencePoints="7" numBranchPoints="1" visitedBranchPoints="1" sequenceCoverage="100" branchCoverage="100" maxCyclomaticComplexity="1" minCyclomaticComplexity="1" maxCrapScore="1" minCrapScore="1" visitedClasses="0" numClasses="0" visitedMethods="1" numMethods="1" />
              <MetadataToken>100663304</MetadataToken>
              <Name>System.Void UnitTestProject.UnitTest1::TestMethodTestCollectionsList2Last()</Name>
              <FileRef uid="1" />
              <SequencePoints>
                <SequencePoint vc="1" uspid="53" ordinal="0" offset="0" sl="116" sc="9" el="116" ec="10" bec="0" bev="0" fileid="1" />
                <SequencePoint vc="1" uspid="54" ordinal="1" offset="1" sl="118" sc="13" el="118" ec="70" bec="0" bev="0" fileid="1" />
                <SequencePoint vc="1" uspid="55" ordinal="2" offset="8" sl="120" sc="13" el="120" ec="56" bec="0" bev="0" fileid="1" />
                <SequencePoint vc="1" uspid="56" ordinal="3" offset="20" sl="122" sc="13" el="122" ec="47" bec="0" bev="0" fileid="1" />
                <SequencePoint vc="1" uspid="57" ordinal="4" offset="33" sl="123" sc="13" el="123" ec="51" bec="0" bev="0" fileid="1" />
                <SequencePoint vc="1" uspid="58" ordinal="5" offset="40" sl="125" sc="13" el="125" ec="51" bec="0" bev="0" fileid="1" />
                <SequencePoint vc="1" uspid="59" ordinal="6" offset="48" sl="126" sc="9" el="126" ec="10" bec="0" bev="0" fileid="1" />
              </SequencePoints>
              <BranchPoints />
              <MethodPoint xsi:type="SequencePoint" vc="1" uspid="53" ordinal="0" offset="0" sl="116" sc="9" el="116" ec="10" bec="0" bev="0" fileid="1" />
            </Method>
            <Method visited="true" cyclomaticComplexity="1" nPathComplexity="0" sequenceCoverage="100" branchCoverage="100" crapScore="1" isConstructor="false" isStatic="false" isGetter="false" isSetter="false">
              <Summary numSequencePoints="7" visitedSequencePoints="7" numBranchPoints="1" visitedBranchPoints="1" sequenceCoverage="100" branchCoverage="100" maxCyclomaticComplexity="1" minCyclomaticComplexity="1" maxCrapScore="1" minCrapScore="1" visitedClasses="0" numClasses="0" visitedMethods="1" numMethods="1" />
              <MetadataToken>100663305</MetadataToken>
              <Name>System.Void UnitTestProject.UnitTest1::TestMethodTestCollectionsDictionary1First()</Name>
              <FileRef uid="1" />
              <SequencePoints>
                <SequencePoint vc="1" uspid="60" ordinal="0" offset="0" sl="130" sc="9" el="130" ec="10" bec="0" bev="0" fileid="1" />
                <SequencePoint vc="1" uspid="61" ordinal="1" offset="1" sl="132" sc="13" el="132" ec="70" bec="0" bev="0" fileid="1" />
                <SequencePoint vc="1" uspid="62" ordinal="2" offset="8" sl="134" sc="13" el="134" ec="45" bec="0" bev="0" fileid="1" />
                <SequencePoint vc="1" uspid="63" ordinal="3" offset="15" sl="136" sc="13" el="136" ec="47" bec="0" bev="0" fileid="1" />
                <SequencePoint vc="1" uspid="64" ordinal="4" offset="28" sl="137" sc="13" el="137" ec="61" bec="0" bev="0" fileid="1" />
                <SequencePoint vc="1" uspid="65" ordinal="5" offset="35" sl="139" sc="13" el="139" ec="51" bec="0" bev="0" fileid="1" />
                <SequencePoint vc="1" uspid="66" ordinal="6" offset="43" sl="140" sc="9" el="140" ec="10" bec="0" bev="0" fileid="1" />
              </SequencePoints>
              <BranchPoints />
              <MethodPoint xsi:type="SequencePoint" vc="1" uspid="60" ordinal="0" offset="0" sl="130" sc="9" el="130" ec="10" bec="0" bev="0" fileid="1" />
            </Method>
            <Method visited="true" cyclomaticComplexity="1" nPathComplexity="0" sequenceCoverage="100" branchCoverage="100" crapScore="1" isConstructor="false" isStatic="false" isGetter="false" isSetter="false">
              <Summary numSequencePoints="8" visitedSequencePoints="8" numBranchPoints="1" visitedBranchPoints="1" sequenceCoverage="100" branchCoverage="100" maxCyclomaticComplexity="1" minCyclomaticComplexity="1" maxCrapScore="1" minCrapScore="1" visitedClasses="0" numClasses="0" visitedMethods="1" numMethods="1" />
              <MetadataToken>100663306</MetadataToken>
              <Name>System.Void UnitTestProject.UnitTest1::TestMethodTestCollectionsDictionary1Medium()</Name>
              <FileRef uid="1" />
              <SequencePoints>
                <SequencePoint vc="1" uspid="67" ordinal="0" offset="0" sl="144" sc="9" el="144" ec="10" bec="0" bev="0" fileid="1" />
                <SequencePoint vc="1" uspid="68" ordinal="1" offset="1" sl="146" sc="13" el="146" ec="70" bec="0" bev="0" fileid="1" />
                <SequencePoint vc="1" uspid="69" ordinal="2" offset="8" sl="148" sc="13" el="148" ec="45" bec="0" bev="0" fileid="1" />
                <SequencePoint vc="1" uspid="70" ordinal="3" offset="15" sl="150" sc="13" el="150" ec="47" bec="0" bev="0" fileid="1" />
                <SequencePoint vc="1" uspid="71" ordinal="4" offset="28" sl="151" sc="13" el="151" ec="79" bec="0" bev="0" fileid="1" />
                <SequencePoint vc="1" uspid="72" ordinal="5" offset="76" sl="152" sc="13" el="152" ec="62" bec="0" bev="0" fileid="1" />
                <SequencePoint vc="1" uspid="73" ordinal="6" offset="83" sl="154" sc="13" el="154" ec="51" bec="0" bev="0" fileid="1" />
                <SequencePoint vc="1" uspid="74" ordinal="7" offset="91" sl="155" sc="9" el="155" ec="10" bec="0" bev="0" fileid="1" />
              </SequencePoints>
              <BranchPoints />
              <MethodPoint xsi:type="SequencePoint" vc="1" uspid="67" ordinal="0" offset="0" sl="144" sc="9" el="144" ec="10" bec="0" bev="0" fileid="1" />
            </Method>
            <Method visited="true" cyclomaticComplexity="1" nPathComplexity="0" sequenceCoverage="100" branchCoverage="100" crapScore="1" isConstructor="false" isStatic="false" isGetter="false" isSetter="false">
              <Summary numSequencePoints="7" visitedSequencePoints="7" numBranchPoints="1" visitedBranchPoints="1" sequenceCoverage="100" branchCoverage="100" maxCyclomaticComplexity="1" minCyclomaticComplexity="1" maxCrapScore="1" minCrapScore="1" visitedClasses="0" numClasses="0" visitedMethods="1" numMethods="1" />
              <MetadataToken>100663307</MetadataToken>
              <Name>System.Void UnitTestProject.UnitTest1::TestMethodTestCollectionsDictionary1Last()</Name>
              <FileRef uid="1" />
              <SequencePoints>
                <SequencePoint vc="1" uspid="75" ordinal="0" offset="0" sl="159" sc="9" el="159" ec="10" bec="0" bev="0" fileid="1" />
                <SequencePoint vc="1" uspid="76" ordinal="1" offset="1" sl="161" sc="13" el="161" ec="70" bec="0" bev="0" fileid="1" />
                <SequencePoint vc="1" uspid="77" ordinal="2" offset="8" sl="163" sc="13" el="163" ec="45" bec="0" bev="0" fileid="1" />
                <SequencePoint vc="1" uspid="78" ordinal="3" offset="15" sl="165" sc="13" el="165" ec="47" bec="0" bev="0" fileid="1" />
                <SequencePoint vc="1" uspid="79" ordinal="4" offset="28" sl="166" sc="13" el="166" ec="60" bec="0" bev="0" fileid="1" />
                <SequencePoint vc="1" uspid="80" ordinal="5" offset="35" sl="168" sc="13" el="168" ec="51" bec="0" bev="0" fileid="1" />
                <SequencePoint vc="1" uspid="81" ordinal="6" offset="43" sl="169" sc="9" el="169" ec="10" bec="0" bev="0" fileid="1" />
              </SequencePoints>
              <BranchPoints />
              <MethodPoint xsi:type="SequencePoint" vc="1" uspid="75" ordinal="0" offset="0" sl="159" sc="9" el="159" ec="10" bec="0" bev="0" fileid="1" />
            </Method>
            <Method visited="true" cyclomaticComplexity="1" nPathComplexity="0" sequenceCoverage="87.5" branchCoverage="100" crapScore="1.00" isConstructor="false" isStatic="false" isGetter="false" isSetter="false">
              <Summary numSequencePoints="8" visitedSequencePoints="7" numBranchPoints="1" visitedBranchPoints="1" sequenceCoverage="87.5" branchCoverage="100" maxCyclomaticComplexity="1" minCyclomaticComplexity="1" maxCrapScore="1.00" minCrapScore="1.00" visitedClasses="0" numClasses="0" visitedMethods="1" numMethods="1" />
              <MetadataToken>100663308</MetadataToken>
              <Name>System.Void UnitTestProject.UnitTest1::TestMethodTestCollectionsDictionary2FirstKey()</Name>
              <FileRef uid="1" />
              <SequencePoints>
                <SequencePoint vc="1" uspid="82" ordinal="0" offset="0" sl="173" sc="9" el="173" ec="10" bec="0" bev="0" fileid="1" />
                <SequencePoint vc="1" uspid="83" ordinal="1" offset="1" sl="175" sc="13" el="175" ec="70" bec="0" bev="0" fileid="1" />
                <SequencePoint vc="1" uspid="84" ordinal="2" offset="8" sl="179" sc="13" el="179" ec="40" bec="0" bev="0" fileid="1" />
                <SequencePoint vc="1" uspid="85" ordinal="3" offset="15" sl="180" sc="13" el="180" ec="52" bec="0" bev="0" fileid="1" />
                <SequencePoint vc="1" uspid="86" ordinal="4" offset="27" sl="181" sc="13" el="181" ec="39" bec="0" bev="0" fileid="1" />
                <SequencePoint vc="1" uspid="87" ordinal="5" offset="35" sl="182" sc="13" el="182" ec="61" bec="0" bev="0" fileid="1" />
                <SequencePoint vc="1" uspid="88" ordinal="6" offset="42" sl="184" sc="13" el="184" ec="51" bec="0" bev="0" fileid="1" />
                <SequencePoint vc="0" uspid="89" ordinal="7" offset="50" sl="185" sc="9" el="185" ec="10" bec="0" bev="0" fileid="1" />
              </SequencePoints>
              <BranchPoints />
              <MethodPoint xsi:type="SequencePoint" vc="1" uspid="82" ordinal="0" offset="0" sl="173" sc="9" el="173" ec="10" bec="0" bev="0" fileid="1" />
            </Method>
            <Method visited="true" cyclomaticComplexity="1" nPathComplexity="0" sequenceCoverage="88.89" branchCoverage="100" crapScore="1.00" isConstructor="false" isStatic="false" isGetter="false" isSetter="false">
              <Summary numSequencePoints="9" visitedSequencePoints="8" numBranchPoints="1" visitedBranchPoints="1" sequenceCoverage="88.89" branchCoverage="100" maxCyclomaticComplexity="1" minCyclomaticComplexity="1" maxCrapScore="1.00" minCrapScore="1.00" visitedClasses="0" numClasses="0" visitedMethods="1" numMethods="1" />
              <MetadataToken>100663309</MetadataToken>
              <Name>System.Void UnitTestProject.UnitTest1::TestMethodTestCollectionsDictionary2MediumKey()</Name>
              <FileRef uid="1" />
              <SequencePoints>
                <SequencePoint vc="1" uspid="90" ordinal="0" offset="0" sl="189" sc="9" el="189" ec="10" bec="0" bev="0" fileid="1" />
                <SequencePoint vc="1" uspid="91" ordinal="1" offset="1" sl="191" sc="13" el="191" ec="70" bec="0" bev="0" fileid="1" />
                <SequencePoint vc="1" uspid="92" ordinal="2" offset="8" sl="195" sc="13" el="195" ec="40" bec="0" bev="0" fileid="1" />
                <SequencePoint vc="1" uspid="93" ordinal="3" offset="15" sl="196" sc="13" el="196" ec="52" bec="0" bev="0" fileid="1" />
                <SequencePoint vc="1" uspid="94" ordinal="4" offset="27" sl="197" sc="13" el="197" ec="39" bec="0" bev="0" fileid="1" />
                <SequencePoint vc="1" uspid="95" ordinal="5" offset="35" sl="199" sc="13" el="199" ec="79" bec="0" bev="0" fileid="1" />
                <SequencePoint vc="1" uspid="96" ordinal="6" offset="83" sl="200" sc="13" el="200" ec="62" bec="0" bev="0" fileid="1" />
                <SequencePoint vc="1" uspid="97" ordinal="7" offset="90" sl="202" sc="13" el="202" ec="51" bec="0" bev="0" fileid="1" />
                <SequencePoint vc="0" uspid="98" ordinal="8" offset="98" sl="203" sc="9" el="203" ec="10" bec="0" bev="0" fileid="1" />
              </SequencePoints>
              <BranchPoints />
              <MethodPoint xsi:type="SequencePoint" vc="1" uspid="90" ordinal="0" offset="0" sl="189" sc="9" el="189" ec="10" bec="0" bev="0" fileid="1" />
            </Method>
            <Method visited="true" cyclomaticComplexity="1" nPathComplexity="0" sequenceCoverage="85.71" branchCoverage="100" crapScore="1.00" isConstructor="false" isStatic="false" isGetter="false" isSetter="false">
              <Summary numSequencePoints="7" visitedSequencePoints="6" numBranchPoints="1" visitedBranchPoints="1" sequenceCoverage="85.71" branchCoverage="100" maxCyclomaticComplexity="1" minCyclomaticComplexity="1" maxCrapScore="1.00" minCrapScore="1.00" visitedClasses="0" numClasses="0" visitedMethods="1" numMethods="1" />
              <MetadataToken>100663310</MetadataToken>
              <Name>System.Void UnitTestProject.UnitTest1::TestMethodTestCollectionsDictionary2LastKey()</Name>
              <FileRef uid="1" />
              <SequencePoints>
                <SequencePoint vc="1" uspid="99" ordinal="0" offset="0" sl="207" sc="9" el="207" ec="10" bec="0" bev="0" fileid="1" />
                <SequencePoint vc="1" uspid="100" ordinal="1" offset="1" sl="209" sc="13" el="209" ec="70" bec="0" bev="0" fileid="1" />
                <SequencePoint vc="1" uspid="101" ordinal="2" offset="8" sl="211" sc="13" el="211" ec="56" bec="0" bev="0" fileid="1" />
                <SequencePoint vc="1" uspid="102" ordinal="3" offset="20" sl="213" sc="13" el="213" ec="47" bec="0" bev="0" fileid="1" />
                <SequencePoint vc="1" uspid="103" ordinal="4" offset="33" sl="214" sc="13" el="214" ec="60" bec="0" bev="0" fileid="1" />
                <SequencePoint vc="1" uspid="104" ordinal="5" offset="40" sl="216" sc="13" el="216" ec="51" bec="0" bev="0" fileid="1" />
                <SequencePoint vc="0" uspid="105" ordinal="6" offset="48" sl="217" sc="9" el="217" ec="10" bec="0" bev="0" fileid="1" />
              </SequencePoints>
              <BranchPoints />
              <MethodPoint xsi:type="SequencePoint" vc="1" uspid="99" ordinal="0" offset="0" sl="207" sc="9" el="207" ec="10" bec="0" bev="0" fileid="1" />
            </Method>
            <Method visited="true" cyclomaticComplexity="1" nPathComplexity="0" sequenceCoverage="100" branchCoverage="100" crapScore="1" isConstructor="false" isStatic="false" isGetter="false" isSetter="false">
              <Summary numSequencePoints="7" visitedSequencePoints="7" numBranchPoints="1" visitedBranchPoints="1" sequenceCoverage="100" branchCoverage="100" maxCyclomaticComplexity="1" minCyclomaticComplexity="1" maxCrapScore="1" minCrapScore="1" visitedClasses="0" numClasses="0" visitedMethods="1" numMethods="1" />
              <MetadataToken>100663311</MetadataToken>
              <Name>System.Void UnitTestProject.UnitTest1::TestMethodTestCollectionsDictionary2FirstVal()</Name>
              <FileRef uid="1" />
              <SequencePoints>
                <SequencePoint vc="1" uspid="106" ordinal="0" offset="0" sl="221" sc="9" el="221" ec="10" bec="0" bev="0" fileid="1" />
                <SequencePoint vc="1" uspid="107" ordinal="1" offset="1" sl="223" sc="13" el="223" ec="70" bec="0" bev="0" fileid="1" />
                <SequencePoint vc="1" uspid="108" ordinal="2" offset="8" sl="225" sc="13" el="225" ec="45" bec="0" bev="0" fileid="1" />
                <SequencePoint vc="1" uspid="109" ordinal="3" offset="15" sl="227" sc="13" el="227" ec="47" bec="0" bev="0" fileid="1" />
                <SequencePoint vc="1" uspid="110" ordinal="4" offset="28" sl="228" sc="13" el="228" ec="63" bec="0" bev="0" fileid="1" />
                <SequencePoint vc="1" uspid="111" ordinal="5" offset="35" sl="230" sc="13" el="230" ec="51" bec="0" bev="0" fileid="1" />
                <SequencePoint vc="1" uspid="112" ordinal="6" offset="43" sl="231" sc="9" el="231" ec="10" bec="0" bev="0" fileid="1" />
              </SequencePoints>
              <BranchPoints />
              <MethodPoint xsi:type="SequencePoint" vc="1" uspid="106" ordinal="0" offset="0" sl="221" sc="9" el="221" ec="10" bec="0" bev="0" fileid="1" />
            </Method>
            <Method visited="true" cyclomaticComplexity="1" nPathComplexity="0" sequenceCoverage="100" branchCoverage="100" crapScore="1" isConstructor="false" isStatic="false" isGetter="false" isSetter="false">
              <Summary numSequencePoints="8" visitedSequencePoints="8" numBranchPoints="1" visitedBranchPoints="1" sequenceCoverage="100" branchCoverage="100" maxCyclomaticComplexity="1" minCyclomaticComplexity="1" maxCrapScore="1" minCrapScore="1" visitedClasses="0" numClasses="0" visitedMethods="1" numMethods="1" />
              <MetadataToken>100663312</MetadataToken>
              <Name>System.Void UnitTestProject.UnitTest1::TestMethodTestCollectionsDictionary2MediumVal()</Name>
              <FileRef uid="1" />
              <SequencePoints>
                <SequencePoint vc="1" uspid="113" ordinal="0" offset="0" sl="235" sc="9" el="235" ec="10" bec="0" bev="0" fileid="1" />
                <SequencePoint vc="1" uspid="114" ordinal="1" offset="1" sl="237" sc="13" el="237" ec="70" bec="0" bev="0" fileid="1" />
                <SequencePoint vc="1" uspid="115" ordinal="2" offset="8" sl="239" sc="13" el="239" ec="45" bec="0" bev="0" fileid="1" />
                <SequencePoint vc="1" uspid="116" ordinal="3" offset="15" sl="241" sc="13" el="241" ec="47" bec="0" bev="0" fileid="1" />
                <SequencePoint vc="1" uspid="117" ordinal="4" offset="28" sl="242" sc="13" el="242" ec="79" bec="0" bev="0" fileid="1" />
                <SequencePoint vc="1" uspid="118" ordinal="5" offset="76" sl="243" sc="13" el="243" ec="64" bec="0" bev="0" fileid="1" />
                <SequencePoint vc="1" uspid="119" ordinal="6" offset="83" sl="245" sc="13" el="245" ec="51" bec="0" bev="0" fileid="1" />
                <SequencePoint vc="1" uspid="120" ordinal="7" offset="91" sl="246" sc="9" el="246" ec="10" bec="0" bev="0" fileid="1" />
              </SequencePoints>
              <BranchPoints />
              <MethodPoint xsi:type="SequencePoint" vc="1" uspid="113" ordinal="0" offset="0" sl="235" sc="9" el="235" ec="10" bec="0" bev="0" fileid="1" />
            </Method>
            <Method visited="true" cyclomaticComplexity="1" nPathComplexity="0" sequenceCoverage="100" branchCoverage="100" crapScore="1" isConstructor="false" isStatic="false" isGetter="false" isSetter="false">
              <Summary numSequencePoints="7" visitedSequencePoints="7" numBranchPoints="1" visitedBranchPoints="1" sequenceCoverage="100" branchCoverage="100" maxCyclomaticComplexity="1" minCyclomaticComplexity="1" maxCrapScore="1" minCrapScore="1" visitedClasses="0" numClasses="0" visitedMethods="1" numMethods="1" />
              <MetadataToken>100663313</MetadataToken>
              <Name>System.Void UnitTestProject.UnitTest1::TestMethodTestCollectionsDictionary2LastVal()</Name>
              <FileRef uid="1" />
              <SequencePoints>
                <SequencePoint vc="1" uspid="121" ordinal="0" offset="0" sl="250" sc="9" el="250" ec="10" bec="0" bev="0" fileid="1" />
                <SequencePoint vc="1" uspid="122" ordinal="1" offset="1" sl="252" sc="13" el="252" ec="70" bec="0" bev="0" fileid="1" />
                <SequencePoint vc="1" uspid="123" ordinal="2" offset="8" sl="254" sc="13" el="254" ec="45" bec="0" bev="0" fileid="1" />
                <SequencePoint vc="1" uspid="124" ordinal="3" offset="15" sl="256" sc="13" el="256" ec="47" bec="0" bev="0" fileid="1" />
                <SequencePoint vc="1" uspid="125" ordinal="4" offset="28" sl="257" sc="13" el="257" ec="62" bec="0" bev="0" fileid="1" />
                <SequencePoint vc="1" uspid="126" ordinal="5" offset="35" sl="259" sc="13" el="259" ec="51" bec="0" bev="0" fileid="1" />
                <SequencePoint vc="1" uspid="127" ordinal="6" offset="43" sl="260" sc="9" el="260" ec="10" bec="0" bev="0" fileid="1" />
              </SequencePoints>
              <BranchPoints />
              <MethodPoint xsi:type="SequencePoint" vc="1" uspid="121" ordinal="0" offset="0" sl="250" sc="9" el="250" ec="10" bec="0" bev="0" fileid="1" />
            </Method>
            <Method visited="true" cyclomaticComplexity="1" nPathComplexity="0" sequenceCoverage="100" branchCoverage="100" crapScore="1" isConstructor="false" isStatic="false" isGetter="false" isSetter="false">
              <Summary numSequencePoints="9" visitedSequencePoints="9" numBranchPoints="1" visitedBranchPoints="1" sequenceCoverage="100" branchCoverage="100" maxCyclomaticComplexity="1" minCyclomaticComplexity="1" maxCrapScore="1" minCrapScore="1" visitedClasses="0" numClasses="0" visitedMethods="1" numMethods="1" />
              <MetadataToken>100663314</MetadataToken>
              <Name>System.Void UnitTestProject.UnitTest1::TestMethodAnimalProperties1()</Name>
              <FileRef uid="1" />
              <SequencePoints>
                <SequencePoint vc="1" uspid="128" ordinal="0" offset="0" sl="265" sc="9" el="265" ec="10" bec="0" bev="0" fileid="1" />
                <SequencePoint vc="1" uspid="129" ordinal="1" offset="1" sl="267" sc="13" el="267" ec="45" bec="0" bev="0" fileid="1" />
                <SequencePoint vc="1" uspid="130" ordinal="2" offset="8" sl="268" sc="13" el="268" ec="57" bec="0" bev="0" fileid="1" />
                <SequencePoint vc="1" uspid="131" ordinal="3" offset="31" sl="270" sc="13" el="270" ec="31" bec="0" bev="0" fileid="1" />
                <SequencePoint vc="1" uspid="132" ordinal="4" offset="39" sl="271" sc="13" el="271" ec="34" bec="0" bev="0" fileid="1" />
                <SequencePoint vc="1" uspid="133" ordinal="5" offset="51" sl="272" sc="13" el="272" ec="34" bec="0" bev="0" fileid="1" />
                <SequencePoint vc="1" uspid="134" ordinal="6" offset="63" sl="273" sc="13" el="273" ec="34" bec="0" bev="0" fileid="1" />
                <SequencePoint vc="1" uspid="135" ordinal="7" offset="75" sl="275" sc="13" el="275" ec="51" bec="0" bev="0" fileid="1" />
                <SequencePoint vc="1" uspid="136" ordinal="8" offset="83" sl="276" sc="9" el="276" ec="10" bec="0" bev="0" fileid="1" />
              </SequencePoints>
              <BranchPoints />
              <MethodPoint xsi:type="SequencePoint" vc="1" uspid="128" ordinal="0" offset="0" sl="265" sc="9" el="265" ec="10" bec="0" bev="0" fileid="1" />
            </Method>
            <Method visited="true" cyclomaticComplexity="1" nPathComplexity="0" sequenceCoverage="100" branchCoverage="100" crapScore="1" isConstructor="false" isStatic="false" isGetter="false" isSetter="false">
              <Summary numSequencePoints="7" visitedSequencePoints="7" numBranchPoints="1" visitedBranchPoints="1" sequenceCoverage="100" branchCoverage="100" maxCyclomaticComplexity="1" minCyclomaticComplexity="1" maxCrapScore="1" minCrapScore="1" visitedClasses="0" numClasses="0" visitedMethods="1" numMethods="1" />
              <MetadataToken>100663315</MetadataToken>
              <Name>System.Void UnitTestProject.UnitTest1::TestMethodAnimalProperties2()</Name>
              <FileRef uid="1" />
              <SequencePoints>
                <SequencePoint vc="1" uspid="137" ordinal="0" offset="0" sl="280" sc="9" el="280" ec="10" bec="0" bev="0" fileid="1" />
                <SequencePoint vc="1" uspid="138" ordinal="1" offset="1" sl="283" sc="13" el="283" ec="41" bec="0" bev="0" fileid="1" />
                <SequencePoint vc="1" uspid="139" ordinal="2" offset="7" sl="285" sc="13" el="285" ec="38" bec="0" bev="0" fileid="1" />
                <SequencePoint vc="1" uspid="140" ordinal="3" offset="14" sl="286" sc="13" el="286" ec="32" bec="0" bev="0" fileid="1" />
                <SequencePoint vc="1" uspid="141" ordinal="4" offset="26" sl="287" sc="13" el="287" ec="33" bec="0" bev="0" fileid="1" />
                <SequencePoint vc="1" uspid="142" ordinal="5" offset="33" sl="289" sc="13" el="289" ec="51" bec="0" bev="0" fileid="1" />
                <SequencePoint vc="1" uspid="143" ordinal="6" offset="41" sl="290" sc="9" el="290" ec="10" bec="0" bev="0" fileid="1" />
              </SequencePoints>
              <BranchPoints />
              <MethodPoint xsi:type="SequencePoint" vc="1" uspid="137" ordinal="0" offset="0" sl="280" sc="9" el="280" ec="10" bec="0" bev="0" fileid="1" />
            </Method>
            <Method visited="true" cyclomaticComplexity="1" nPathComplexity="0" sequenceCoverage="100" branchCoverage="100" crapScore="1" isConstructor="false" isStatic="false" isGetter="false" isSetter="false">
              <Summary numSequencePoints="5" visitedSequencePoints="5" numBranchPoints="1" visitedBranchPoints="1" sequenceCoverage="100" branchCoverage="100" maxCyclomaticComplexity="1" minCyclomaticComplexity="1" maxCrapScore="1" minCrapScore="1" visitedClasses="0" numClasses="0" visitedMethods="1" numMethods="1" />
              <MetadataToken>100663316</MetadataToken>
              <Name>System.Void UnitTestProject.UnitTest1::TestMethodAnimalCloneConstructor()</Name>
              <FileRef uid="1" />
              <SequencePoints>
                <SequencePoint vc="1" uspid="144" ordinal="0" offset="0" sl="308" sc="9" el="308" ec="10" bec="0" bev="0" fileid="1" />
                <SequencePoint vc="1" uspid="145" ordinal="1" offset="1" sl="311" sc="13" el="311" ec="57" bec="0" bev="0" fileid="1" />
                <SequencePoint vc="1" uspid="146" ordinal="2" offset="24" sl="313" sc="13" el="313" ec="47" bec="0" bev="0" fileid="1" />
                <SequencePoint vc="1" uspid="147" ordinal="3" offset="31" sl="315" sc="13" el="315" ec="51" bec="0" bev="0" fileid="1" />
                <SequencePoint vc="1" uspid="148" ordinal="4" offset="39" sl="316" sc="9" el="316" ec="10" bec="0" bev="0" fileid="1" />
              </SequencePoints>
              <BranchPoints />
              <MethodPoint xsi:type="SequencePoint" vc="1" uspid="144" ordinal="0" offset="0" sl="308" sc="9" el="308" ec="10" bec="0" bev="0" fileid="1" />
            </Method>
            <Method visited="true" cyclomaticComplexity="1" nPathComplexity="0" sequenceCoverage="100" branchCoverage="100" crapScore="1" isConstructor="false" isStatic="false" isGetter="false" isSetter="false">
              <Summary numSequencePoints="6" visitedSequencePoints="6" numBranchPoints="1" visitedBranchPoints="1" sequenceCoverage="100" branchCoverage="100" maxCyclomaticComplexity="1" minCyclomaticComplexity="1" maxCrapScore="1" minCrapScore="1" visitedClasses="0" numClasses="0" visitedMethods="1" numMethods="1" />
              <MetadataToken>100663317</MetadataToken>
              <Name>System.Void UnitTestProject.UnitTest1::TestMethodAnimalSuperficialCopy()</Name>
              <FileRef uid="1" />
              <SequencePoints>
                <SequencePoint vc="1" uspid="149" ordinal="0" offset="0" sl="320" sc="9" el="320" ec="10" bec="0" bev="0" fileid="1" />
                <SequencePoint vc="1" uspid="150" ordinal="1" offset="1" sl="323" sc="13" el="323" ec="62" bec="0" bev="0" fileid="1" />
                <SequencePoint vc="1" uspid="151" ordinal="2" offset="24" sl="325" sc="13" el="325" ec="50" bec="0" bev="0" fileid="1" />
                <SequencePoint vc="1" uspid="152" ordinal="3" offset="47" sl="326" sc="13" el="326" ec="46" bec="0" bev="0" fileid="1" />
                <SequencePoint vc="1" uspid="153" ordinal="4" offset="54" sl="328" sc="13" el="328" ec="51" bec="0" bev="0" fileid="1" />
                <SequencePoint vc="1" uspid="154" ordinal="5" offset="62" sl="329" sc="9" el="329" ec="10" bec="0" bev="0" fileid="1" />
              </SequencePoints>
              <BranchPoints />
              <MethodPoint xsi:type="SequencePoint" vc="1" uspid="149" ordinal="0" offset="0" sl="320" sc="9" el="320" ec="10" bec="0" bev="0" fileid="1" />
            </Method>
            <Method visited="true" cyclomaticComplexity="1" nPathComplexity="0" sequenceCoverage="100" branchCoverage="100" crapScore="1" isConstructor="false" isStatic="false" isGetter="false" isSetter="false">
              <Summary numSequencePoints="7" visitedSequencePoints="7" numBranchPoints="1" visitedBranchPoints="1" sequenceCoverage="100" branchCoverage="100" maxCyclomaticComplexity="1" minCyclomaticComplexity="1" maxCrapScore="1" minCrapScore="1" visitedClasses="0" numClasses="0" visitedMethods="1" numMethods="1" />
              <MetadataToken>100663318</MetadataToken>
              <Name>System.Void UnitTestProject.UnitTest1::TestMethodAnimalCompareTo()</Name>
              <FileRef uid="1" />
              <SequencePoints>
                <SequencePoint vc="1" uspid="155" ordinal="0" offset="0" sl="333" sc="9" el="333" ec="10" bec="0" bev="0" fileid="1" />
                <SequencePoint vc="1" uspid="156" ordinal="1" offset="1" sl="336" sc="13" el="336" ec="31" bec="0" bev="0" fileid="1" />
                <SequencePoint vc="1" uspid="157" ordinal="2" offset="3" sl="338" sc="13" el="338" ec="51" bec="0" bev="0" fileid="1" />
                <SequencePoint vc="1" uspid="158" ordinal="3" offset="26" sl="339" sc="13" el="339" ec="46" bec="0" bev="0" fileid="1" />
                <SequencePoint vc="1" uspid="159" ordinal="4" offset="38" sl="340" sc="13" el="340" ec="44" bec="0" bev="0" fileid="1" />
                <SequencePoint vc="1" uspid="160" ordinal="5" offset="46" sl="342" sc="13" el="342" ec="51" bec="0" bev="0" fileid="1" />
                <SequencePoint vc="1" uspid="161" ordinal="6" offset="54" sl="343" sc="9" el="343" ec="10" bec="0" bev="0" fileid="1" />
              </SequencePoints>
              <BranchPoints />
              <MethodPoint xsi:type="SequencePoint" vc="1" uspid="155" ordinal="0" offset="0" sl="333" sc="9" el="333" ec="10" bec="0" bev="0" fileid="1" />
            </Method>
            <Method visited="true" cyclomaticComplexity="1" nPathComplexity="0" sequenceCoverage="100" branchCoverage="100" crapScore="1" isConstructor="false" isStatic="false" isGetter="false" isSetter="false">
              <Summary numSequencePoints="7" visitedSequencePoints="7" numBranchPoints="1" visitedBranchPoints="1" sequenceCoverage="100" branchCoverage="100" maxCyclomaticComplexity="1" minCyclomaticComplexity="1" maxCrapScore="1" minCrapScore="1" visitedClasses="0" numClasses="0" visitedMethods="1" numMethods="1" />
              <MetadataToken>100663319</MetadataToken>
              <Name>System.Void UnitTestProject.UnitTest1::TestMethodAnimalCompareToTypeExeption()</Name>
              <FileRef uid="1" />
              <SequencePoints>
                <SequencePoint vc="1" uspid="162" ordinal="0" offset="6" sl="347" sc="9" el="347" ec="10" bec="0" bev="0" fileid="1" />
                <SequencePoint vc="1" uspid="163" ordinal="1" offset="7" sl="348" sc="13" el="348" ec="77" bec="0" bev="0" fileid="1" />
                <SequencePoint vc="1" uspid="164" ordinal="2" offset="13" sl="350" sc="13" el="350" ec="51" bec="0" bev="0" fileid="1" />
                <SequencePoint vc="1" uspid="165" ordinal="3" offset="41" sl="351" sc="13" el="351" ec="49" bec="0" bev="0" fileid="1" />
                <SequencePoint vc="1" uspid="166" ordinal="4" offset="60" sl="352" sc="13" el="355" ec="16" bec="0" bev="0" fileid="1" />
                <SequencePoint vc="1" uspid="167" ordinal="5" offset="78" sl="357" sc="13" el="357" ec="52" bec="0" bev="0" fileid="1" />
                <SequencePoint vc="1" uspid="168" ordinal="6" offset="91" sl="358" sc="9" el="358" ec="10" bec="0" bev="0" fileid="1" />
              </SequencePoints>
              <BranchPoints />
              <MethodPoint vc="1" uspid="169" ordinal="0" offset="0" />
            </Method>
            <Method visited="true" cyclomaticComplexity="1" nPathComplexity="0" sequenceCoverage="100" branchCoverage="100" crapScore="1" isConstructor="false" isStatic="false" isGetter="false" isSetter="false">
              <Summary numSequencePoints="13" visitedSequencePoints="13" numBranchPoints="1" visitedBranchPoints="1" sequenceCoverage="100" branchCoverage="100" maxCyclomaticComplexity="1" minCyclomaticComplexity="1" maxCrapScore="1" minCrapScore="1" visitedClasses="0" numClasses="0" visitedMethods="1" numMethods="1" />
              <MetadataToken>100663320</MetadataToken>
              <Name>System.Void UnitTestProject.UnitTest1::TestMethodMammalProperties1()</Name>
              <FileRef uid="1" />
              <SequencePoints>
                <SequencePoint vc="1" uspid="170" ordinal="0" offset="0" sl="364" sc="9" el="364" ec="10" bec="0" bev="0" fileid="1" />
                <SequencePoint vc="1" uspid="171" ordinal="1" offset="1" sl="366" sc="13" el="366" ec="45" bec="0" bev="0" fileid="1" />
                <SequencePoint vc="1" uspid="172" ordinal="2" offset="8" sl="367" sc="13" el="367" ec="77" bec="0" bev="0" fileid="1" />
                <SequencePoint vc="1" uspid="173" ordinal="3" offset="50" sl="369" sc="13" el="369" ec="31" bec="0" bev="0" fileid="1" />
                <SequencePoint vc="1" uspid="174" ordinal="4" offset="58" sl="370" sc="13" el="370" ec="34" bec="0" bev="0" fileid="1" />
                <SequencePoint vc="1" uspid="175" ordinal="5" offset="70" sl="371" sc="13" el="371" ec="34" bec="0" bev="0" fileid="1" />
                <SequencePoint vc="1" uspid="176" ordinal="6" offset="82" sl="372" sc="13" el="372" ec="34" bec="0" bev="0" fileid="1" />
                <SequencePoint vc="1" uspid="177" ordinal="7" offset="94" sl="373" sc="13" el="373" ec="47" bec="0" bev="0" fileid="1" />
                <SequencePoint vc="1" uspid="178" ordinal="8" offset="106" sl="374" sc="13" el="374" ec="39" bec="0" bev="0" fileid="1" />
                <SequencePoint vc="1" uspid="179" ordinal="9" offset="118" sl="375" sc="13" el="375" ec="38" bec="0" bev="0" fileid="1" />
                <SequencePoint vc="1" uspid="180" ordinal="10" offset="130" sl="376" sc="13" el="376" ec="36" bec="0" bev="0" fileid="1" />
                <SequencePoint vc="1" uspid="181" ordinal="11" offset="142" sl="378" sc="13" el="378" ec="51" bec="0" bev="0" fileid="1" />
                <SequencePoint vc="1" uspid="182" ordinal="12" offset="150" sl="379" sc="9" el="379" ec="10" bec="0" bev="0" fileid="1" />
              </SequencePoints>
              <BranchPoints />
              <MethodPoint xsi:type="SequencePoint" vc="1" uspid="170" ordinal="0" offset="0" sl="364" sc="9" el="364" ec="10" bec="0" bev="0" fileid="1" />
            </Method>
            <Method visited="true" cyclomaticComplexity="1" nPathComplexity="0" sequenceCoverage="100" branchCoverage="100" crapScore="1" isConstructor="false" isStatic="false" isGetter="false" isSetter="false">
              <Summary numSequencePoints="7" visitedSequencePoints="7" numBranchPoints="1" visitedBranchPoints="1" sequenceCoverage="100" branchCoverage="100" maxCyclomaticComplexity="1" minCyclomaticComplexity="1" maxCrapScore="1" minCrapScore="1" visitedClasses="0" numClasses="0" visitedMethods="1" numMethods="1" />
              <MetadataToken>100663321</MetadataToken>
              <Name>System.Void UnitTestProject.UnitTest1::TestMethodMammalProperties2()</Name>
              <FileRef uid="1" />
              <SequencePoints>
                <SequencePoint vc="1" uspid="183" ordinal="0" offset="0" sl="383" sc="9" el="383" ec="10" bec="0" bev="0" fileid="1" />
                <SequencePoint vc="1" uspid="184" ordinal="1" offset="1" sl="386" sc="13" el="386" ec="41" bec="0" bev="0" fileid="1" />
                <SequencePoint vc="1" uspid="185" ordinal="2" offset="7" sl="388" sc="13" el="388" ec="38" bec="0" bev="0" fileid="1" />
                <SequencePoint vc="1" uspid="186" ordinal="3" offset="14" sl="389" sc="13" el="389" ec="32" bec="0" bev="0" fileid="1" />
                <SequencePoint vc="1" uspid="187" ordinal="4" offset="26" sl="390" sc="13" el="390" ec="33" bec="0" bev="0" fileid="1" />
                <SequencePoint vc="1" uspid="188" ordinal="5" offset="33" sl="392" sc="13" el="392" ec="51" bec="0" bev="0" fileid="1" />
                <SequencePoint vc="1" uspid="189" ordinal="6" offset="41" sl="393" sc="9" el="393" ec="10" bec="0" bev="0" fileid="1" />
              </SequencePoints>
              <BranchPoints />
              <MethodPoint xsi:type="SequencePoint" vc="1" uspid="183" ordinal="0" offset="0" sl="383" sc="9" el="383" ec="10" bec="0" bev="0" fileid="1" />
            </Method>
            <Method visited="true" cyclomaticComplexity="1" nPathComplexity="0" sequenceCoverage="100" branchCoverage="100" crapScore="1" isConstructor="false" isStatic="false" isGetter="false" isSetter="false">
              <Summary numSequencePoints="5" visitedSequencePoints="5" numBranchPoints="1" visitedBranchPoints="1" sequenceCoverage="100" branchCoverage="100" maxCyclomaticComplexity="1" minCyclomaticComplexity="1" maxCrapScore="1" minCrapScore="1" visitedClasses="0" numClasses="0" visitedMethods="1" numMethods="1" />
              <MetadataToken>100663322</MetadataToken>
              <Name>System.Void UnitTestProject.UnitTest1::TestMethodMammalCloneConstructor()</Name>
              <FileRef uid="1" />
              <SequencePoints>
                <SequencePoint vc="1" uspid="190" ordinal="0" offset="0" sl="397" sc="9" el="397" ec="10" bec="0" bev="0" fileid="1" />
                <SequencePoint vc="1" uspid="191" ordinal="1" offset="1" sl="400" sc="13" el="400" ec="77" bec="0" bev="0" fileid="1" />
                <SequencePoint vc="1" uspid="192" ordinal="2" offset="43" sl="402" sc="13" el="402" ec="47" bec="0" bev="0" fileid="1" />
                <SequencePoint vc="1" uspid="193" ordinal="3" offset="50" sl="404" sc="13" el="404" ec="51" bec="0" bev="0" fileid="1" />
                <SequencePoint vc="1" uspid="194" ordinal="4" offset="58" sl="405" sc="9" el="405" ec="10" bec="0" bev="0" fileid="1" />
              </SequencePoints>
              <BranchPoints />
              <MethodPoint xsi:type="SequencePoint" vc="1" uspid="190" ordinal="0" offset="0" sl="397" sc="9" el="397" ec="10" bec="0" bev="0" fileid="1" />
            </Method>
            <Method visited="true" cyclomaticComplexity="1" nPathComplexity="0" sequenceCoverage="100" branchCoverage="100" crapScore="1" isConstructor="false" isStatic="false" isGetter="false" isSetter="false">
              <Summary numSequencePoints="7" visitedSequencePoints="7" numBranchPoints="1" visitedBranchPoints="1" sequenceCoverage="100" branchCoverage="100" maxCyclomaticComplexity="1" minCyclomaticComplexity="1" maxCrapScore="1" minCrapScore="1" visitedClasses="0" numClasses="0" visitedMethods="1" numMethods="1" />
              <MetadataToken>100663323</MetadataToken>
              <Name>System.Void UnitTestProject.UnitTest1::TestMethodMammalCompareTo()</Name>
              <FileRef uid="1" />
              <SequencePoints>
                <SequencePoint vc="1" uspid="195" ordinal="0" offset="0" sl="422" sc="9" el="422" ec="10" bec="0" bev="0" fileid="1" />
                <SequencePoint vc="1" uspid="196" ordinal="1" offset="1" sl="425" sc="13" el="425" ec="31" bec="0" bev="0" fileid="1" />
                <SequencePoint vc="1" uspid="197" ordinal="2" offset="3" sl="427" sc="13" el="427" ec="71" bec="0" bev="0" fileid="1" />
                <SequencePoint vc="1" uspid="198" ordinal="3" offset="45" sl="428" sc="13" el="428" ec="46" bec="0" bev="0" fileid="1" />
                <SequencePoint vc="1" uspid="199" ordinal="4" offset="57" sl="429" sc="13" el="429" ec="44" bec="0" bev="0" fileid="1" />
                <SequencePoint vc="1" uspid="200" ordinal="5" offset="65" sl="431" sc="13" el="431" ec="51" bec="0" bev="0" fileid="1" />
                <SequencePoint vc="1" uspid="201" ordinal="6" offset="73" sl="432" sc="9" el="432" ec="10" bec="0" bev="0" fileid="1" />
              </SequencePoints>
              <BranchPoints />
              <MethodPoint xsi:type="SequencePoint" vc="1" uspid="195" ordinal="0" offset="0" sl="422" sc="9" el="422" ec="10" bec="0" bev="0" fileid="1" />
            </Method>
            <Method visited="true" cyclomaticComplexity="1" nPathComplexity="0" sequenceCoverage="100" branchCoverage="100" crapScore="1" isConstructor="false" isStatic="false" isGetter="false" isSetter="false">
              <Summary numSequencePoints="7" visitedSequencePoints="7" numBranchPoints="1" visitedBranchPoints="1" sequenceCoverage="100" branchCoverage="100" maxCyclomaticComplexity="1" minCyclomaticComplexity="1" maxCrapScore="1" minCrapScore="1" visitedClasses="0" numClasses="0" visitedMethods="1" numMethods="1" />
              <MetadataToken>100663324</MetadataToken>
              <Name>System.Void UnitTestProject.UnitTest1::TestMethodMammalCompareToTypeExeption()</Name>
              <FileRef uid="1" />
              <SequencePoints>
                <SequencePoint vc="1" uspid="202" ordinal="0" offset="6" sl="436" sc="9" el="436" ec="10" bec="0" bev="0" fileid="1" />
                <SequencePoint vc="1" uspid="203" ordinal="1" offset="7" sl="437" sc="13" el="437" ec="77" bec="0" bev="0" fileid="1" />
                <SequencePoint vc="1" uspid="204" ordinal="2" offset="13" sl="439" sc="13" el="439" ec="71" bec="0" bev="0" fileid="1" />
                <SequencePoint vc="1" uspid="205" ordinal="3" offset="60" sl="440" sc="13" el="440" ec="49" bec="0" bev="0" fileid="1" />
                <SequencePoint vc="1" uspid="206" ordinal="4" offset="79" sl="441" sc="13" el="444" ec="16" bec="0" bev="0" fileid="1" />
                <SequencePoint vc="1" uspid="207" ordinal="5" offset="97" sl="446" sc="13" el="446" ec="52" bec="0" bev="0" fileid="1" />
                <SequencePoint vc="1" uspid="208" ordinal="6" offset="110" sl="447" sc="9" el="447" ec="10" bec="0" bev="0" fileid="1" />
              </SequencePoints>
              <BranchPoints />
              <MethodPoint vc="1" uspid="209" ordinal="0" offset="0" />
            </Method>
            <Method visited="true" cyclomaticComplexity="1" nPathComplexity="0" sequenceCoverage="100" branchCoverage="100" crapScore="1" isConstructor="false" isStatic="false" isGetter="false" isSetter="false">
              <Summary numSequencePoints="15" visitedSequencePoints="15" numBranchPoints="1" visitedBranchPoints="1" sequenceCoverage="100" branchCoverage="100" maxCyclomaticComplexity="1" minCyclomaticComplexity="1" maxCrapScore="1" minCrapScore="1" visitedClasses="0" numClasses="0" visitedMethods="1" numMethods="1" />
              <MetadataToken>100663325</MetadataToken>
              <Name>System.Void UnitTestProject.UnitTest1::TestMethodArtiodactylProperties1()</Name>
              <FileRef uid="1" />
              <SequencePoints>
                <SequencePoint vc="1" uspid="210" ordinal="0" offset="0" sl="453" sc="9" el="453" ec="10" bec="0" bev="0" fileid="1" />
                <SequencePoint vc="1" uspid="211" ordinal="1" offset="1" sl="455" sc="13" el="455" ec="55" bec="0" bev="0" fileid="1" />
                <SequencePoint vc="1" uspid="212" ordinal="2" offset="7" sl="456" sc="13" el="456" ec="93" bec="0" bev="0" fileid="1" />
                <SequencePoint vc="1" uspid="213" ordinal="3" offset="51" sl="458" sc="13" el="458" ec="31" bec="0" bev="0" fileid="1" />
                <SequencePoint vc="1" uspid="214" ordinal="4" offset="59" sl="459" sc="13" el="459" ec="34" bec="0" bev="0" fileid="1" />
                <SequencePoint vc="1" uspid="215" ordinal="5" offset="71" sl="460" sc="13" el="460" ec="34" bec="0" bev="0" fileid="1" />
                <SequencePoint vc="1" uspid="216" ordinal="6" offset="83" sl="461" sc="13" el="461" ec="34" bec="0" bev="0" fileid="1" />
                <SequencePoint vc="1" uspid="217" ordinal="7" offset="95" sl="462" sc="13" el="462" ec="47" bec="0" bev="0" fileid="1" />
                <SequencePoint vc="1" uspid="218" ordinal="8" offset="107" sl="463" sc="13" el="463" ec="39" bec="0" bev="0" fileid="1" />
                <SequencePoint vc="1" uspid="219" ordinal="9" offset="119" sl="464" sc="13" el="464" ec="38" bec="0" bev="0" fileid="1" />
                <SequencePoint vc="1" uspid="220" ordinal="10" offset="131" sl="465" sc="13" el="465" ec="36" bec="0" bev="0" fileid="1" />
                <SequencePoint vc="1" uspid="221" ordinal="11" offset="143" sl="466" sc="13" el="466" ec="36" bec="0" bev="0" fileid="1" />
                <SequencePoint vc="1" uspid="222" ordinal="12" offset="151" sl="467" sc="13" el="467" ec="37" bec="0" bev="0" fileid="1" />
                <SequencePoint vc="1" uspid="223" ordinal="13" offset="159" sl="469" sc="13" el="469" ec="51" bec="0" bev="0" fileid="1" />
                <SequencePoint vc="1" uspid="224" ordinal="14" offset="167" sl="470" sc="9" el="470" ec="10" bec="0" bev="0" fileid="1" />
              </SequencePoints>
              <BranchPoints />
              <MethodPoint xsi:type="SequencePoint" vc="1" uspid="210" ordinal="0" offset="0" sl="453" sc="9" el="453" ec="10" bec="0" bev="0" fileid="1" />
            </Method>
            <Method visited="true" cyclomaticComplexity="1" nPathComplexity="0" sequenceCoverage="100" branchCoverage="100" crapScore="1" isConstructor="false" isStatic="false" isGetter="false" isSetter="false">
              <Summary numSequencePoints="7" visitedSequencePoints="7" numBranchPoints="1" visitedBranchPoints="1" sequenceCoverage="100" branchCoverage="100" maxCyclomaticComplexity="1" minCyclomaticComplexity="1" maxCrapScore="1" minCrapScore="1" visitedClasses="0" numClasses="0" visitedMethods="1" numMethods="1" />
              <MetadataToken>100663326</MetadataToken>
              <Name>System.Void UnitTestProject.UnitTest1::TestMethodArtiodactylProperties2()</Name>
              <FileRef uid="1" />
              <SequencePoints>
                <SequencePoint vc="1" uspid="225" ordinal="0" offset="0" sl="474" sc="9" el="474" ec="10" bec="0" bev="0" fileid="1" />
                <SequencePoint vc="1" uspid="226" ordinal="1" offset="1" sl="477" sc="13" el="477" ec="41" bec="0" bev="0" fileid="1" />
                <SequencePoint vc="1" uspid="227" ordinal="2" offset="7" sl="479" sc="13" el="479" ec="48" bec="0" bev="0" fileid="1" />
                <SequencePoint vc="1" uspid="228" ordinal="3" offset="13" sl="480" sc="13" el="480" ec="32" bec="0" bev="0" fileid="1" />
                <SequencePoint vc="1" uspid="229" ordinal="4" offset="25" sl="481" sc="13" el="481" ec="33" bec="0" bev="0" fileid="1" />
                <SequencePoint vc="1" uspid="230" ordinal="5" offset="32" sl="483" sc="13" el="483" ec="51" bec="0" bev="0" fileid="1" />
                <SequencePoint vc="1" uspid="231" ordinal="6" offset="40" sl="484" sc="9" el="484" ec="10" bec="0" bev="0" fileid="1" />
              </SequencePoints>
              <BranchPoints />
              <MethodPoint xsi:type="SequencePoint" vc="1" uspid="225" ordinal="0" offset="0" sl="474" sc="9" el="474" ec="10" bec="0" bev="0" fileid="1" />
            </Method>
            <Method visited="true" cyclomaticComplexity="1" nPathComplexity="0" sequenceCoverage="100" branchCoverage="100" crapScore="1" isConstructor="false" isStatic="false" isGetter="false" isSetter="false">
              <Summary numSequencePoints="5" visitedSequencePoints="5" numBranchPoints="1" visitedBranchPoints="1" sequenceCoverage="100" branchCoverage="100" maxCyclomaticComplexity="1" minCyclomaticComplexity="1" maxCrapScore="1" minCrapScore="1" visitedClasses="0" numClasses="0" visitedMethods="1" numMethods="1" />
              <MetadataToken>100663327</MetadataToken>
              <Name>System.Void UnitTestProject.UnitTest1::TestMethodArtiodactylCloneConstructor()</Name>
              <FileRef uid="1" />
              <SequencePoints>
                <SequencePoint vc="1" uspid="232" ordinal="0" offset="0" sl="488" sc="9" el="488" ec="10" bec="0" bev="0" fileid="1" />
                <SequencePoint vc="1" uspid="233" ordinal="1" offset="1" sl="491" sc="13" el="491" ec="93" bec="0" bev="0" fileid="1" />
                <SequencePoint vc="1" uspid="234" ordinal="2" offset="45" sl="493" sc="13" el="493" ec="52" bec="0" bev="0" fileid="1" />
                <SequencePoint vc="1" uspid="235" ordinal="3" offset="52" sl="495" sc="13" el="495" ec="51" bec="0" bev="0" fileid="1" />
                <SequencePoint vc="1" uspid="236" ordinal="4" offset="60" sl="496" sc="9" el="496" ec="10" bec="0" bev="0" fileid="1" />
              </SequencePoints>
              <BranchPoints />
              <MethodPoint xsi:type="SequencePoint" vc="1" uspid="232" ordinal="0" offset="0" sl="488" sc="9" el="488" ec="10" bec="0" bev="0" fileid="1" />
            </Method>
            <Method visited="true" cyclomaticComplexity="1" nPathComplexity="0" sequenceCoverage="100" branchCoverage="100" crapScore="1" isConstructor="false" isStatic="false" isGetter="false" isSetter="false">
              <Summary numSequencePoints="6" visitedSequencePoints="6" numBranchPoints="1" visitedBranchPoints="1" sequenceCoverage="100" branchCoverage="100" maxCyclomaticComplexity="1" minCyclomaticComplexity="1" maxCrapScore="1" minCrapScore="1" visitedClasses="0" numClasses="0" visitedMethods="1" numMethods="1" />
              <MetadataToken>100663328</MetadataToken>
              <Name>System.Void UnitTestProject.UnitTest1::TestMethodArtiodactylSuperficialCopy()</Name>
              <FileRef uid="1" />
              <SequencePoints>
                <SequencePoint vc="1" uspid="237" ordinal="0" offset="0" sl="500" sc="9" el="500" ec="10" bec="0" bev="0" fileid="1" />
                <SequencePoint vc="1" uspid="238" ordinal="1" offset="1" sl="503" sc="13" el="503" ec="98" bec="0" bev="0" fileid="1" />
                <SequencePoint vc="1" uspid="239" ordinal="2" offset="45" sl="505" sc="13" el="505" ec="86" bec="0" bev="0" fileid="1" />
                <SequencePoint vc="1" uspid="240" ordinal="3" offset="89" sl="506" sc="13" el="506" ec="59" bec="0" bev="0" fileid="1" />
                <SequencePoint vc="1" uspid="241" ordinal="4" offset="101" sl="508" sc="13" el="508" ec="51" bec="0" bev="0" fileid="1" />
                <SequencePoint vc="1" uspid="242" ordinal="5" offset="109" sl="509" sc="9" el="509" ec="10" bec="0" bev="0" fileid="1" />
              </SequencePoints>
              <BranchPoints />
              <MethodPoint xsi:type="SequencePoint" vc="1" uspid="237" ordinal="0" offset="0" sl="500" sc="9" el="500" ec="10" bec="0" bev="0" fileid="1" />
            </Method>
            <Method visited="true" cyclomaticComplexity="1" nPathComplexity="0" sequenceCoverage="100" branchCoverage="100" crapScore="1" isConstructor="false" isStatic="false" isGetter="false" isSetter="false">
              <Summary numSequencePoints="7" visitedSequencePoints="7" numBranchPoints="1" visitedBranchPoints="1" sequenceCoverage="100" branchCoverage="100" maxCyclomaticComplexity="1" minCyclomaticComplexity="1" maxCrapScore="1" minCrapScore="1" visitedClasses="0" numClasses="0" visitedMethods="1" numMethods="1" />
              <MetadataToken>100663329</MetadataToken>
              <Name>System.Void UnitTestProject.UnitTest1::TestMethodArtiodactylCompareTo()</Name>
              <FileRef uid="1" />
              <SequencePoints>
                <SequencePoint vc="1" uspid="243" ordinal="0" offset="0" sl="513" sc="9" el="513" ec="10" bec="0" bev="0" fileid="1" />
                <SequencePoint vc="1" uspid="244" ordinal="1" offset="1" sl="516" sc="13" el="516" ec="31" bec="0" bev="0" fileid="1" />
                <SequencePoint vc="1" uspid="245" ordinal="2" offset="3" sl="518" sc="13" el="518" ec="87" bec="0" bev="0" fileid="1" />
                <SequencePoint vc="1" uspid="246" ordinal="3" offset="47" sl="519" sc="13" el="519" ec="56" bec="0" bev="0" fileid="1" />
                <SequencePoint vc="1" uspid="247" ordinal="4" offset="59" sl="520" sc="13" el="520" ec="44" bec="0" bev="0" fileid="1" />
                <SequencePoint vc="1" uspid="248" ordinal="5" offset="67" sl="522" sc="13" el="522" ec="51" bec="0" bev="0" fileid="1" />
                <SequencePoint vc="1" uspid="249" ordinal="6" offset="75" sl="523" sc="9" el="523" ec="10" bec="0" bev="0" fileid="1" />
              </SequencePoints>
              <BranchPoints />
              <MethodPoint xsi:type="SequencePoint" vc="1" uspid="243" ordinal="0" offset="0" sl="513" sc="9" el="513" ec="10" bec="0" bev="0" fileid="1" />
            </Method>
            <Method visited="true" cyclomaticComplexity="1" nPathComplexity="0" sequenceCoverage="100" branchCoverage="100" crapScore="1" isConstructor="false" isStatic="false" isGetter="false" isSetter="false">
              <Summary numSequencePoints="7" visitedSequencePoints="7" numBranchPoints="1" visitedBranchPoints="1" sequenceCoverage="100" branchCoverage="100" maxCyclomaticComplexity="1" minCyclomaticComplexity="1" maxCrapScore="1" minCrapScore="1" visitedClasses="0" numClasses="0" visitedMethods="1" numMethods="1" />
              <MetadataToken>100663330</MetadataToken>
              <Name>System.Void UnitTestProject.UnitTest1::TestMethodArtiodactylCompareToTypeExeption()</Name>
              <FileRef uid="1" />
              <SequencePoints>
                <SequencePoint vc="1" uspid="250" ordinal="0" offset="6" sl="527" sc="9" el="527" ec="10" bec="0" bev="0" fileid="1" />
                <SequencePoint vc="1" uspid="251" ordinal="1" offset="7" sl="528" sc="13" el="528" ec="77" bec="0" bev="0" fileid="1" />
                <SequencePoint vc="1" uspid="252" ordinal="2" offset="13" sl="530" sc="13" el="530" ec="87" bec="0" bev="0" fileid="1" />
                <SequencePoint vc="1" uspid="253" ordinal="3" offset="62" sl="531" sc="13" el="531" ec="49" bec="0" bev="0" fileid="1" />
                <SequencePoint vc="1" uspid="254" ordinal="4" offset="81" sl="532" sc="13" el="535" ec="16" bec="0" bev="0" fileid="1" />
                <SequencePoint vc="1" uspid="255" ordinal="5" offset="99" sl="537" sc="13" el="537" ec="52" bec="0" bev="0" fileid="1" />
                <SequencePoint vc="1" uspid="256" ordinal="6" offset="112" sl="538" sc="9" el="538" ec="10" bec="0" bev="0" fileid="1" />
              </SequencePoints>
              <BranchPoints />
              <MethodPoint vc="1" uspid="257" ordinal="0" offset="0" />
            </Method>
            <Method visited="true" cyclomaticComplexity="1" nPathComplexity="0" sequenceCoverage="100" branchCoverage="100" crapScore="1" isConstructor="false" isStatic="false" isGetter="false" isSetter="false">
              <Summary numSequencePoints="12" visitedSequencePoints="12" numBranchPoints="1" visitedBranchPoints="1" sequenceCoverage="100" branchCoverage="100" maxCyclomaticComplexity="1" minCyclomaticComplexity="1" maxCrapScore="1" minCrapScore="1" visitedClasses="0" numClasses="0" visitedMethods="1" numMethods="1" />
              <MetadataToken>100663331</MetadataToken>
              <Name>System.Void UnitTestProject.UnitTest1::TestMethodBirdProperties1()</Name>
              <FileRef uid="1" />
              <SequencePoints>
                <SequencePoint vc="1" uspid="258" ordinal="0" offset="0" sl="543" sc="9" el="543" ec="10" bec="0" bev="0" fileid="1" />
                <SequencePoint vc="1" uspid="259" ordinal="1" offset="1" sl="545" sc="13" el="545" ec="41" bec="0" bev="0" fileid="1" />
                <SequencePoint vc="1" uspid="260" ordinal="2" offset="7" sl="546" sc="13" el="546" ec="64" bec="0" bev="0" fileid="1" />
                <SequencePoint vc="1" uspid="261" ordinal="3" offset="36" sl="548" sc="13" el="548" ec="31" bec="0" bev="0" fileid="1" />
                <SequencePoint vc="1" uspid="262" ordinal="4" offset="44" sl="549" sc="13" el="549" ec="34" bec="0" bev="0" fileid="1" />
                <SequencePoint vc="1" uspid="263" ordinal="5" offset="56" sl="550" sc="13" el="550" ec="34" bec="0" bev="0" fileid="1" />
                <SequencePoint vc="1" uspid="264" ordinal="6" offset="68" sl="551" sc="13" el="551" ec="34" bec="0" bev="0" fileid="1" />
                <SequencePoint vc="1" uspid="265" ordinal="7" offset="80" sl="552" sc="13" el="552" ec="39" bec="0" bev="0" fileid="1" />
                <SequencePoint vc="1" uspid="266" ordinal="8" offset="88" sl="553" sc="13" el="553" ec="36" bec="0" bev="0" fileid="1" />
                <SequencePoint vc="1" uspid="267" ordinal="9" offset="96" sl="554" sc="13" el="554" ec="36" bec="0" bev="0" fileid="1" />
                <SequencePoint vc="1" uspid="268" ordinal="10" offset="108" sl="556" sc="13" el="556" ec="51" bec="0" bev="0" fileid="1" />
                <SequencePoint vc="1" uspid="269" ordinal="11" offset="116" sl="557" sc="9" el="557" ec="10" bec="0" bev="0" fileid="1" />
              </SequencePoints>
              <BranchPoints />
              <MethodPoint xsi:type="SequencePoint" vc="1" uspid="258" ordinal="0" offset="0" sl="543" sc="9" el="543" ec="10" bec="0" bev="0" fileid="1" />
            </Method>
            <Method visited="true" cyclomaticComplexity="1" nPathComplexity="0" sequenceCoverage="100" branchCoverage="100" crapScore="1" isConstructor="false" isStatic="false" isGetter="false" isSetter="false">
              <Summary numSequencePoints="7" visitedSequencePoints="7" numBranchPoints="1" visitedBranchPoints="1" sequenceCoverage="100" branchCoverage="100" maxCyclomaticComplexity="1" minCyclomaticComplexity="1" maxCrapScore="1" minCrapScore="1" visitedClasses="0" numClasses="0" visitedMethods="1" numMethods="1" />
              <MetadataToken>100663332</MetadataToken>
              <Name>System.Void UnitTestProject.UnitTest1::TestMethodBirdProperties2()</Name>
              <FileRef uid="1" />
              <SequencePoints>
                <SequencePoint vc="1" uspid="270" ordinal="0" offset="0" sl="561" sc="9" el="561" ec="10" bec="0" bev="0" fileid="1" />
                <SequencePoint vc="1" uspid="271" ordinal="1" offset="1" sl="564" sc="13" el="564" ec="41" bec="0" bev="0" fileid="1" />
                <SequencePoint vc="1" uspid="272" ordinal="2" offset="7" sl="566" sc="13" el="566" ec="34" bec="0" bev="0" fileid="1" />
                <SequencePoint vc="1" uspid="273" ordinal="3" offset="13" sl="567" sc="13" el="567" ec="32" bec="0" bev="0" fileid="1" />
                <SequencePoint vc="1" uspid="274" ordinal="4" offset="25" sl="568" sc="13" el="568" ec="33" bec="0" bev="0" fileid="1" />
                <SequencePoint vc="1" uspid="275" ordinal="5" offset="32" sl="570" sc="13" el="570" ec="51" bec="0" bev="0" fileid="1" />
                <SequencePoint vc="1" uspid="276" ordinal="6" offset="40" sl="571" sc="9" el="571" ec="10" bec="0" bev="0" fileid="1" />
              </SequencePoints>
              <BranchPoints />
              <MethodPoint xsi:type="SequencePoint" vc="1" uspid="270" ordinal="0" offset="0" sl="561" sc="9" el="561" ec="10" bec="0" bev="0" fileid="1" />
            </Method>
            <Method visited="true" cyclomaticComplexity="1" nPathComplexity="0" sequenceCoverage="100" branchCoverage="100" crapScore="1" isConstructor="false" isStatic="false" isGetter="false" isSetter="false">
              <Summary numSequencePoints="5" visitedSequencePoints="5" numBranchPoints="1" visitedBranchPoints="1" sequenceCoverage="100" branchCoverage="100" maxCyclomaticComplexity="1" minCyclomaticComplexity="1" maxCrapScore="1" minCrapScore="1" visitedClasses="0" numClasses="0" visitedMethods="1" numMethods="1" />
              <MetadataToken>100663333</MetadataToken>
              <Name>System.Void UnitTestProject.UnitTest1::TestMethodBirdCloneConstructor()</Name>
              <FileRef uid="1" />
              <SequencePoints>
                <SequencePoint vc="1" uspid="277" ordinal="0" offset="0" sl="575" sc="9" el="575" ec="10" bec="0" bev="0" fileid="1" />
                <SequencePoint vc="1" uspid="278" ordinal="1" offset="1" sl="578" sc="13" el="578" ec="64" bec="0" bev="0" fileid="1" />
                <SequencePoint vc="1" uspid="279" ordinal="2" offset="30" sl="580" sc="13" el="580" ec="45" bec="0" bev="0" fileid="1" />
                <SequencePoint vc="1" uspid="280" ordinal="3" offset="37" sl="582" sc="13" el="582" ec="51" bec="0" bev="0" fileid="1" />
                <SequencePoint vc="1" uspid="281" ordinal="4" offset="45" sl="583" sc="9" el="583" ec="10" bec="0" bev="0" fileid="1" />
              </SequencePoints>
              <BranchPoints />
              <MethodPoint xsi:type="SequencePoint" vc="1" uspid="277" ordinal="0" offset="0" sl="575" sc="9" el="575" ec="10" bec="0" bev="0" fileid="1" />
            </Method>
            <Method visited="true" cyclomaticComplexity="1" nPathComplexity="0" sequenceCoverage="100" branchCoverage="100" crapScore="1" isConstructor="false" isStatic="false" isGetter="false" isSetter="false">
              <Summary numSequencePoints="6" visitedSequencePoints="6" numBranchPoints="1" visitedBranchPoints="1" sequenceCoverage="100" branchCoverage="100" maxCyclomaticComplexity="1" minCyclomaticComplexity="1" maxCrapScore="1" minCrapScore="1" visitedClasses="0" numClasses="0" visitedMethods="1" numMethods="1" />
              <MetadataToken>100663334</MetadataToken>
              <Name>System.Void UnitTestProject.UnitTest1::TestMethodBirdSuperficialCopy()</Name>
              <FileRef uid="1" />
              <SequencePoints>
                <SequencePoint vc="1" uspid="282" ordinal="0" offset="0" sl="587" sc="9" el="587" ec="10" bec="0" bev="0" fileid="1" />
                <SequencePoint vc="1" uspid="283" ordinal="1" offset="1" sl="590" sc="13" el="590" ec="69" bec="0" bev="0" fileid="1" />
                <SequencePoint vc="1" uspid="284" ordinal="2" offset="30" sl="592" sc="13" el="592" ec="57" bec="0" bev="0" fileid="1" />
                <SequencePoint vc="1" uspid="285" ordinal="3" offset="59" sl="593" sc="13" el="593" ec="52" bec="0" bev="0" fileid="1" />
                <SequencePoint vc="1" uspid="286" ordinal="4" offset="71" sl="595" sc="13" el="595" ec="51" bec="0" bev="0" fileid="1" />
                <SequencePoint vc="1" uspid="287" ordinal="5" offset="79" sl="596" sc="9" el="596" ec="10" bec="0" bev="0" fileid="1" />
              </SequencePoints>
              <BranchPoints />
              <MethodPoint xsi:type="SequencePoint" vc="1" uspid="282" ordinal="0" offset="0" sl="587" sc="9" el="587" ec="10" bec="0" bev="0" fileid="1" />
            </Method>
            <Method visited="true" cyclomaticComplexity="1" nPathComplexity="0" sequenceCoverage="100" branchCoverage="100" crapScore="1" isConstructor="false" isStatic="false" isGetter="false" isSetter="false">
              <Summary numSequencePoints="7" visitedSequencePoints="7" numBranchPoints="1" visitedBranchPoints="1" sequenceCoverage="100" branchCoverage="100" maxCyclomaticComplexity="1" minCyclomaticComplexity="1" maxCrapScore="1" minCrapScore="1" visitedClasses="0" numClasses="0" visitedMethods="1" numMethods="1" />
              <MetadataToken>100663335</MetadataToken>
              <Name>System.Void UnitTestProject.UnitTest1::TestMethodBirdCompareTo()</Name>
              <FileRef uid="1" />
              <SequencePoints>
                <SequencePoint vc="1" uspid="288" ordinal="0" offset="0" sl="600" sc="9" el="600" ec="10" bec="0" bev="0" fileid="1" />
                <SequencePoint vc="1" uspid="289" ordinal="1" offset="1" sl="603" sc="13" el="603" ec="31" bec="0" bev="0" fileid="1" />
                <SequencePoint vc="1" uspid="290" ordinal="2" offset="3" sl="605" sc="13" el="605" ec="58" bec="0" bev="0" fileid="1" />
                <SequencePoint vc="1" uspid="291" ordinal="3" offset="32" sl="606" sc="13" el="606" ec="42" bec="0" bev="0" fileid="1" />
                <SequencePoint vc="1" uspid="292" ordinal="4" offset="44" sl="607" sc="13" el="607" ec="44" bec="0" bev="0" fileid="1" />
                <SequencePoint vc="1" uspid="293" ordinal="5" offset="52" sl="609" sc="13" el="609" ec="51" bec="0" bev="0" fileid="1" />
                <SequencePoint vc="1" uspid="294" ordinal="6" offset="60" sl="610" sc="9" el="610" ec="10" bec="0" bev="0" fileid="1" />
[...]
              <MetadataToken>100663316</MetadataToken>
              <Name>System.Void Lab11.TestCollections::.ctor(System.Int32)</Name>
              <FileRef uid="12" />
              <SequencePoints>
                <SequencePoint vc="17" uspid="421" ordinal="0" offset="0" sl="15" sc="9" el="15" ec="57" bec="0" bev="0" fileid="12" />
                <SequencePoint vc="17" uspid="422" ordinal="1" offset="11" sl="16" sc="9" el="16" ec="57" bec="0" bev="0" fileid="12" />
                <SequencePoint vc="17" uspid="423" ordinal="2" offset="22" sl="17" sc="9" el="17" ec="91" bec="0" bev="0" fileid="12" />
                <SequencePoint vc="17" uspid="424" ordinal="3" offset="33" sl="18" sc="9" el="18" ec="91" bec="0" bev="0" fileid="12" />
                <SequencePoint vc="17" uspid="425" ordinal="4" offset="44" sl="149" sc="9" el="149" ec="48" bec="0" bev="0" fileid="12" />
                <SequencePoint vc="17" uspid="426" ordinal="5" offset="51" sl="150" sc="9" el="150" ec="10" bec="0" bev="0" fileid="12" />
                <SequencePoint vc="17" uspid="427" ordinal="6" offset="52" sl="151" sc="17" el="151" ec="26" bec="0" bev="0" fileid="12" />
                <SequencePoint vc="17" uspid="428" ordinal="7" offset="56" sl="152" sc="13" el="152" ec="14" bec="0" bev="0" fileid="12" />
                <SequencePoint vc="17" uspid="429" ordinal="8" offset="57" sl="154" sc="17" el="154" ec="44" bec="0" bev="0" fileid="12" />
                <SequencePoint vc="17" uspid="430" ordinal="9" offset="64" sl="155" sc="17" el="155" ec="34" bec="0" bev="0" fileid="12" />
                <SequencePoint vc="17" uspid="431" ordinal="10" offset="71" sl="156" sc="17" el="156" ec="32" bec="0" bev="0" fileid="12" />
                <SequencePoint vc="17" uspid="432" ordinal="11" offset="84" sl="157" sc="17" el="157" ec="43" bec="0" bev="0" fileid="12" />
                <SequencePoint vc="17" uspid="433" ordinal="12" offset="102" sl="158" sc="17" el="158" ec="46" bec="0" bev="0" fileid="12" />
                <SequencePoint vc="17" uspid="434" ordinal="13" offset="109" sl="159" sc="17" el="159" ec="54" bec="0" bev="0" fileid="12" />
                <SequencePoint vc="17" uspid="435" ordinal="14" offset="128" sl="160" sc="17" el="160" ec="54" bec="0" bev="0" fileid="12" />
                <SequencePoint vc="17" uspid="436" ordinal="15" offset="147" sl="161" sc="13" el="161" ec="14" bec="0" bev="0" fileid="12" />
                <SequencePoint vc="17" uspid="437" ordinal="16" offset="148" sl="151" sc="38" el="151" ec="41" bec="0" bev="0" fileid="12" />
                <SequencePoint vc="34" uspid="438" ordinal="17" offset="152" sl="151" sc="28" el="151" ec="36" bec="2" bev="2" fileid="12" />
                <SequencePoint vc="17" uspid="439" ordinal="18" offset="160" sl="162" sc="9" el="162" ec="10" bec="0" bev="0" fileid="12" />
              </SequencePoints>
              <BranchPoints>
                <BranchPoint vc="17" uspid="440" ordinal="0" offset="158" sl="151" path="0" offsetend="160" fileid="12" />
                <BranchPoint vc="17" uspid="441" ordinal="1" offset="158" sl="151" path="1" offsetend="56" fileid="12" />
              </BranchPoints>
              <MethodPoint xsi:type="SequencePoint" vc="17" uspid="421" ordinal="0" offset="0" sl="15" sc="9" el="15" ec="57" bec="0" bev="0" fileid="12" />
            </Method>
            <Method visited="true" cyclomaticComplexity="1" nPathComplexity="0" sequenceCoverage="100" branchCoverage="100" crapScore="1" isConstructor="false" isStatic="false" isGetter="false" isSetter="false">
              <Summary numSequencePoints="6" visitedSequencePoints="6" numBranchPoints="1" visitedBranchPoints="1" sequenceCoverage="100" branchCoverage="100" maxCyclomaticComplexity="1" minCyclomaticComplexity="1" maxCrapScore="1" minCrapScore="1" visitedClasses="0" numClasses="0" visitedMethods="1" numMethods="1" />
              <MetadataToken>100663317</MetadataToken>
              <Name>System.Void Lab11.TestCollections::Add(AnimalLibrary.Mammal)</Name>
              <FileRef uid="12" />
              <SequencePoints>
                <SequencePoint vc="22" uspid="442" ordinal="0" offset="0" sl="165" sc="9" el="165" ec="10" bec="0" bev="0" fileid="12" />
                <SequencePoint vc="22" uspid="443" ordinal="1" offset="1" sl="166" sc="13" el="166" ec="28" bec="0" bev="0" fileid="12" />
                <SequencePoint vc="22" uspid="444" ordinal="2" offset="14" sl="167" sc="13" el="167" ec="39" bec="0" bev="0" fileid="12" />
                <SequencePoint vc="22" uspid="445" ordinal="3" offset="32" sl="168" sc="13" el="168" ec="50" bec="0" bev="0" fileid="12" />
                <SequencePoint vc="22" uspid="446" ordinal="4" offset="51" sl="169" sc="13" el="169" ec="50" bec="0" bev="0" fileid="12" />
                <SequencePoint vc="22" uspid="447" ordinal="5" offset="70" sl="170" sc="9" el="170" ec="10" bec="0" bev="0" fileid="12" />
              </SequencePoints>
              <BranchPoints />
              <MethodPoint xsi:type="SequencePoint" vc="22" uspid="442" ordinal="0" offset="0" sl="165" sc="9" el="165" ec="10" bec="0" bev="0" fileid="12" />
            </Method>
            <Method visited="true" cyclomaticComplexity="1" nPathComplexity="0" sequenceCoverage="100" branchCoverage="100" crapScore="1" isConstructor="false" isStatic="false" isGetter="false" isSetter="false">
              <Summary numSequencePoints="6" visitedSequencePoints="6" numBranchPoints="1" visitedBranchPoints="1" sequenceCoverage="100" branchCoverage="100" maxCyclomaticComplexity="1" minCyclomaticComplexity="1" maxCrapScore="1" minCrapScore="1" visitedClasses="0" numClasses="0" visitedMethods="1" numMethods="1" />
              <MetadataToken>100663318</MetadataToken>
              <Name>System.Void Lab11.TestCollections::Delete(AnimalLibrary.Mammal)</Name>
              <FileRef uid="12" />
              <SequencePoints>
                <SequencePoint vc="1" uspid="448" ordinal="0" offset="0" sl="173" sc="9" el="173" ec="10" bec="0" bev="0" fileid="12" />
                <SequencePoint vc="1" uspid="449" ordinal="1" offset="1" sl="174" sc="13" el="174" ec="31" bec="0" bev="0" fileid="12" />
                <SequencePoint vc="1" uspid="450" ordinal="2" offset="14" sl="175" sc="13" el="175" ec="42" bec="0" bev="0" fileid="12" />
                <SequencePoint vc="1" uspid="451" ordinal="3" offset="32" sl="176" sc="13" el="176" ec="48" bec="0" bev="0" fileid="12" />
                <SequencePoint vc="1" uspid="452" ordinal="4" offset="50" sl="177" sc="13" el="177" ec="48" bec="0" bev="0" fileid="12" />
                <SequencePoint vc="1" uspid="453" ordinal="5" offset="68" sl="178" sc="9" el="178" ec="10" bec="0" bev="0" fileid="12" />
              </SequencePoints>
              <BranchPoints />
              <MethodPoint xsi:type="SequencePoint" vc="1" uspid="448" ordinal="0" offset="0" sl="173" sc="9" el="173" ec="10" bec="0" bev="0" fileid="12" />
            </Method>
            <Method visited="false" cyclomaticComplexity="2" nPathComplexity="2" sequenceCoverage="0" branchCoverage="0" crapScore="6" isConstructor="false" isStatic="false" isGetter="false" isSetter="false">
              <Summary numSequencePoints="9" visitedSequencePoints="0" numBranchPoints="3" visitedBranchPoints="0" sequenceCoverage="0" branchCoverage="0" maxCyclomaticComplexity="2" minCyclomaticComplexity="2" maxCrapScore="6" minCrapScore="6" visitedClasses="0" numClasses="0" visitedMethods="0" numMethods="1" />
              <MetadataToken>100663319</MetadataToken>
              <Name>System.String Lab11.TestCollections::SearchingTimeList1(AnimalLibrary.Mammal)</Name>
              <FileRef uid="12" />
              <SequencePoints>
                <SequencePoint vc="0" uspid="454" ordinal="0" offset="0" sl="221" sc="9" el="221" ec="10" bec="0" bev="0" fileid="12" />
                <SequencePoint vc="0" uspid="455" ordinal="1" offset="1" sl="222" sc="13" el="222" ec="51" bec="0" bev="0" fileid="12" />
                <SequencePoint vc="0" uspid="456" ordinal="2" offset="7" sl="223" sc="13" el="223" ec="31" bec="0" bev="0" fileid="12" />
                <SequencePoint vc="0" uspid="457" ordinal="3" offset="14" sl="224" sc="13" el="224" ec="48" bec="0" bev="0" fileid="12" />
                <SequencePoint vc="0" uspid="458" ordinal="4" offset="27" sl="225" sc="13" el="225" ec="30" bec="0" bev="0" fileid="12" />
                <SequencePoint vc="0" uspid="459" ordinal="5" offset="34" sl="226" sc="13" el="226" ec="34" bec="0" bev="0" fileid="12" />
                <SequencePoint vc="0" uspid="460" ordinal="6" offset="40" sl="227" sc="13" el="227" ec="155" bec="2" bev="0" fileid="12" />
                <SequencePoint vc="0" uspid="461" ordinal="7" offset="110" sl="228" sc="13" el="228" ec="27" bec="0" bev="0" fileid="12" />
                <SequencePoint vc="0" uspid="462" ordinal="8" offset="115" sl="229" sc="9" el="229" ec="10" bec="0" bev="0" fileid="12" />
              </SequencePoints>
              <BranchPoints>
                <BranchPoint vc="0" uspid="463" ordinal="0" offset="42" sl="227" path="0" offsetend="44" fileid="12" />
                <BranchPoint vc="0" uspid="464" ordinal="1" offset="42" sl="227" path="1" offsetend="75" fileid="12" />
              </BranchPoints>
              <MethodPoint xsi:type="SequencePoint" vc="0" uspid="454" ordinal="0" offset="0" sl="221" sc="9" el="221" ec="10" bec="0" bev="0" fileid="12" />
            </Method>
            <Method visited="false" cyclomaticComplexity="2" nPathComplexity="2" sequenceCoverage="0" branchCoverage="0" crapScore="6" isConstructor="false" isStatic="false" isGetter="false" isSetter="false">
              <Summary numSequencePoints="9" visitedSequencePoints="0" numBranchPoints="3" visitedBranchPoints="0" sequenceCoverage="0" branchCoverage="0" maxCyclomaticComplexity="2" minCyclomaticComplexity="2" maxCrapScore="6" minCrapScore="6" visitedClasses="0" numClasses="0" visitedMethods="0" numMethods="1" />
              <MetadataToken>100663320</MetadataToken>
              <Name>System.String Lab11.TestCollections::SearchingTimeList2(System.String)</Name>
              <FileRef uid="12" />
              <SequencePoints>
                <SequencePoint vc="0" uspid="465" ordinal="0" offset="0" sl="232" sc="9" el="232" ec="10" bec="0" bev="0" fileid="12" />
                <SequencePoint vc="0" uspid="466" ordinal="1" offset="1" sl="233" sc="13" el="233" ec="51" bec="0" bev="0" fileid="12" />
                <SequencePoint vc="0" uspid="467" ordinal="2" offset="7" sl="234" sc="13" el="234" ec="31" bec="0" bev="0" fileid="12" />
                <SequencePoint vc="0" uspid="468" ordinal="3" offset="14" sl="235" sc="13" el="235" ec="48" bec="0" bev="0" fileid="12" />
                <SequencePoint vc="0" uspid="469" ordinal="4" offset="27" sl="236" sc="13" el="236" ec="30" bec="0" bev="0" fileid="12" />
                <SequencePoint vc="0" uspid="470" ordinal="5" offset="34" sl="237" sc="13" el="237" ec="34" bec="0" bev="0" fileid="12" />
                <SequencePoint vc="0" uspid="471" ordinal="6" offset="40" sl="238" sc="13" el="238" ec="155" bec="2" bev="0" fileid="12" />
                <SequencePoint vc="0" uspid="472" ordinal="7" offset="110" sl="239" sc="13" el="239" ec="27" bec="0" bev="0" fileid="12" />
                <SequencePoint vc="0" uspid="473" ordinal="8" offset="115" sl="240" sc="9" el="240" ec="10" bec="0" bev="0" fileid="12" />
              </SequencePoints>
              <BranchPoints>
                <BranchPoint vc="0" uspid="474" ordinal="0" offset="42" sl="238" path="0" offsetend="44" fileid="12" />
                <BranchPoint vc="0" uspid="475" ordinal="1" offset="42" sl="238" path="1" offsetend="75" fileid="12" />
              </BranchPoints>
              <MethodPoint xsi:type="SequencePoint" vc="0" uspid="465" ordinal="0" offset="0" sl="232" sc="9" el="232" ec="10" bec="0" bev="0" fileid="12" />
            </Method>
            <Method visited="false" cyclomaticComplexity="2" nPathComplexity="2" sequenceCoverage="0" branchCoverage="0" crapScore="6" isConstructor="false" isStatic="false" isGetter="false" isSetter="false">
              <Summary numSequencePoints="9" visitedSequencePoints="0" numBranchPoints="3" visitedBranchPoints="0" sequenceCoverage="0" branchCoverage="0" maxCyclomaticComplexity="2" minCyclomaticComplexity="2" maxCrapScore="6" minCrapScore="6" visitedClasses="0" numClasses="0" visitedMethods="0" numMethods="1" />
              <MetadataToken>100663321</MetadataToken>
              <Name>System.String Lab11.TestCollections::SearchingTimeDictionary1(AnimalLibrary.Animal)</Name>
              <FileRef uid="12" />
              <SequencePoints>
                <SequencePoint vc="0" uspid="476" ordinal="0" offset="0" sl="243" sc="9" el="243" ec="10" bec="0" bev="0" fileid="12" />
                <SequencePoint vc="0" uspid="477" ordinal="1" offset="1" sl="244" sc="13" el="244" ec="51" bec="0" bev="0" fileid="12" />
                <SequencePoint vc="0" uspid="478" ordinal="2" offset="7" sl="245" sc="13" el="245" ec="31" bec="0" bev="0" fileid="12" />
                <SequencePoint vc="0" uspid="479" ordinal="3" offset="14" sl="246" sc="13" el="246" ec="57" bec="0" bev="0" fileid="12" />
                <SequencePoint vc="0" uspid="480" ordinal="4" offset="27" sl="247" sc="13" el="247" ec="30" bec="0" bev="0" fileid="12" />
                <SequencePoint vc="0" uspid="481" ordinal="5" offset="34" sl="248" sc="13" el="248" ec="34" bec="0" bev="0" fileid="12" />
                <SequencePoint vc="0" uspid="482" ordinal="6" offset="40" sl="249" sc="13" el="249" ec="155" bec="2" bev="0" fileid="12" />
                <SequencePoint vc="0" uspid="483" ordinal="7" offset="110" sl="250" sc="13" el="250" ec="27" bec="0" bev="0" fileid="12" />
                <SequencePoint vc="0" uspid="484" ordinal="8" offset="115" sl="251" sc="9" el="251" ec="10" bec="0" bev="0" fileid="12" />
              </SequencePoints>
              <BranchPoints>
                <BranchPoint vc="0" uspid="485" ordinal="0" offset="42" sl="249" path="0" offsetend="44" fileid="12" />
                <BranchPoint vc="0" uspid="486" ordinal="1" offset="42" sl="249" path="1" offsetend="75" fileid="12" />
              </BranchPoints>
              <MethodPoint xsi:type="SequencePoint" vc="0" uspid="476" ordinal="0" offset="0" sl="243" sc="9" el="243" ec="10" bec="0" bev="0" fileid="12" />
            </Method>
            <Method visited="false" cyclomaticComplexity="2" nPathComplexity="2" sequenceCoverage="0" branchCoverage="0" crapScore="6" isConstructor="false" isStatic="false" isGetter="false" isSetter="false">
              <Summary numSequencePoints="9" visitedSequencePoints="0" numBranchPoints="3" visitedBranchPoints="0" sequenceCoverage="0" branchCoverage="0" maxCyclomaticComplexity="2" minCyclomaticComplexity="2" maxCrapScore="6" minCrapScore="6" visitedClasses="0" numClasses="0" visitedMethods="0" numMethods="1" />
              <MetadataToken>100663322</MetadataToken>
              <Name>System.String Lab11.TestCollections::SearchingTimeDictionary2Val(AnimalLibrary.Mammal)</Name>
              <FileRef uid="12" />
              <SequencePoints>
                <SequencePoint vc="0" uspid="487" ordinal="0" offset="0" sl="254" sc="9" el="254" ec="10" bec="0" bev="0" fileid="12" />
                <SequencePoint vc="0" uspid="488" ordinal="1" offset="1" sl="255" sc="13" el="255" ec="51" bec="0" bev="0" fileid="12" />
                <SequencePoint vc="0" uspid="489" ordinal="2" offset="7" sl="256" sc="13" el="256" ec="31" bec="0" bev="0" fileid="12" />
                <SequencePoint vc="0" uspid="490" ordinal="3" offset="14" sl="257" sc="13" el="257" ec="59" bec="0" bev="0" fileid="12" />
                <SequencePoint vc="0" uspid="491" ordinal="4" offset="27" sl="258" sc="13" el="258" ec="30" bec="0" bev="0" fileid="12" />
                <SequencePoint vc="0" uspid="492" ordinal="5" offset="34" sl="259" sc="13" el="259" ec="34" bec="0" bev="0" fileid="12" />
                <SequencePoint vc="0" uspid="493" ordinal="6" offset="40" sl="260" sc="13" el="260" ec="155" bec="2" bev="0" fileid="12" />
                <SequencePoint vc="0" uspid="494" ordinal="7" offset="110" sl="261" sc="13" el="261" ec="27" bec="0" bev="0" fileid="12" />
                <SequencePoint vc="0" uspid="495" ordinal="8" offset="115" sl="262" sc="9" el="262" ec="10" bec="0" bev="0" fileid="12" />
              </SequencePoints>
              <BranchPoints>
                <BranchPoint vc="0" uspid="496" ordinal="0" offset="42" sl="260" path="0" offsetend="44" fileid="12" />
                <BranchPoint vc="0" uspid="497" ordinal="1" offset="42" sl="260" path="1" offsetend="75" fileid="12" />
              </BranchPoints>
              <MethodPoint xsi:type="SequencePoint" vc="0" uspid="487" ordinal="0" offset="0" sl="254" sc="9" el="254" ec="10" bec="0" bev="0" fileid="12" />
            </Method>
            <Method visited="false" cyclomaticComplexity="2" nPathComplexity="2" sequenceCoverage="0" branchCoverage="0" crapScore="6" isConstructor="false" isStatic="false" isGetter="false" isSetter="false">
              <Summary numSequencePoints="9" visitedSequencePoints="0" numBranchPoints="3" visitedBranchPoints="0" sequenceCoverage="0" branchCoverage="0" maxCyclomaticComplexity="2" minCyclomaticComplexity="2" maxCrapScore="6" minCrapScore="6" visitedClasses="0" numClasses="0" visitedMethods="0" numMethods="1" />
              <MetadataToken>100663323</MetadataToken>
              <Name>System.String Lab11.TestCollections::SearchingTimeDictionary2Key(System.String)</Name>
              <FileRef uid="12" />
              <SequencePoints>
                <SequencePoint vc="0" uspid="498" ordinal="0" offset="0" sl="265" sc="9" el="265" ec="10" bec="0" bev="0" fileid="12" />
                <SequencePoint vc="0" uspid="499" ordinal="1" offset="1" sl="266" sc="13" el="266" ec="51" bec="0" bev="0" fileid="12" />
                <SequencePoint vc="0" uspid="500" ordinal="2" offset="7" sl="267" sc="13" el="267" ec="31" bec="0" bev="0" fileid="12" />
                <SequencePoint vc="0" uspid="501" ordinal="3" offset="14" sl="268" sc="13" el="268" ec="57" bec="0" bev="0" fileid="12" />
                <SequencePoint vc="0" uspid="502" ordinal="4" offset="27" sl="269" sc="13" el="269" ec="30" bec="0" bev="0" fileid="12" />
                <SequencePoint vc="0" uspid="503" ordinal="5" offset="34" sl="270" sc="13" el="270" ec="34" bec="0" bev="0" fileid="12" />
                <SequencePoint vc="0" uspid="504" ordinal="6" offset="40" sl="271" sc="13" el="271" ec="155" bec="2" bev="0" fileid="12" />
                <SequencePoint vc="0" uspid="505" ordinal="7" offset="110" sl="272" sc="13" el="272" ec="27" bec="0" bev="0" fileid="12" />
                <SequencePoint vc="0" uspid="506" ordinal="8" offset="115" sl="273" sc="9" el="273" ec="10" bec="0" bev="0" fileid="12" />
              </SequencePoints>
              <BranchPoints>
                <BranchPoint vc="0" uspid="507" ordinal="0" offset="42" sl="271" path="0" offsetend="44" fileid="12" />
                <BranchPoint vc="0" uspid="508" ordinal="1" offset="42" sl="271" path="1" offsetend="75" fileid="12" />
              </BranchPoints>
              <MethodPoint xsi:type="SequencePoint" vc="0" uspid="498" ordinal="0" offset="0" sl="265" sc="9" el="265" ec="10" bec="0" bev="0" fileid="12" />
            </Method>
          </Methods>
        </Class>
      </Classes>
    </Module>
  </Modules>
</CoverageSession>