<?xml version="1.0" encoding="utf-8"?>
<CoverageSession xmlns:xsd="http://www.w3.org/2001/XMLSchema" xmlns:xsi="http://www.w3.org/2001/XMLSchema-instance" Version="4.7.1221.0">
  <Summary numSequencePoints="507" visitedSequencePoints="93" numBranchPoints="202" visitedBranchPoints="30" sequenceCoverage="18.34" branchCoverage="14.85" maxCyclomaticComplexity="10" minCyclomaticComplexity="1" maxCrapScore="110" minCrapScore="1" visitedClasses="6" numClasses="6" visitedMethods="11" numMethods="48" />
  <Modules>
    <Module hash="7B-A0-BF-2A-DD-ED-3A-CA-56-F5-8E-72-47-1B-DE-94-3D-BB-85-1B">
      <Summary numSequencePoints="507" visitedSequencePoints="93" numBranchPoints="202" visitedBranchPoints="30" sequenceCoverage="18.34" branchCoverage="14.85" maxCyclomaticComplexity="10" minCyclomaticComplexity="1" maxCrapScore="110" minCrapScore="1" visitedClasses="6" numClasses="6" visitedMethods="11" numMethods="48" />
      <ModulePath>C:\projectsGit\OOP2Curs\OOP2.0\OOP2Curs\Semestr_4\Lab3\Lab14\UnitTestProject1\bin\fine-code-coverage-Debug\MyCollectionLibrary.dll</ModulePath>
      <ModuleTime>2025-03-06T16:15:08.0251006Z</ModuleTime>
      <ModuleName>MyCollectionLibrary</ModuleName>
      <Files>
        <File uid="1" fullPath="C:\projectsGit\OOP2Curs\OOP2.0\OOP2Curs\Libraries\MyCollectionLibrary\MyCollection.cs" />
        <File uid="3" fullPath="C:\projectsGit\OOP2Curs\OOP2.0\OOP2Curs\Libraries\MyCollectionLibrary\MyCollectionExtensions.cs" />
        <File uid="6" fullPath="C:\projectsGit\OOP2Curs\OOP2.0\OOP2Curs\Libraries\MyCollectionLibrary\Point.cs" />
      </Files>
      <Classes>
        <Class>
          <Summary numSequencePoints="384" visitedSequencePoints="15" numBranchPoints="156" visitedBranchPoints="6" sequenceCoverage="3.91" branchCoverage="3.85" maxCyclomaticComplexity="10" minCyclomaticComplexity="1" maxCrapScore="110" minCrapScore="2" visitedClasses="1" numClasses="1" visitedMethods="2" numMethods="32" />
          <FullName>MyCollectionLibrary.MyCollection`2</FullName>
          <Methods>
            <Method visited="false" cyclomaticComplexity="1" nPathComplexity="0" sequenceCoverage="0" branchCoverage="0" crapScore="2" isConstructor="false" isStatic="false" isGetter="true" isSetter="false">
              <Summary numSequencePoints="3" visitedSequencePoints="0" numBranchPoints="1" visitedBranchPoints="0" sequenceCoverage="0" branchCoverage="0" maxCyclomaticComplexity="1" minCyclomaticComplexity="1" maxCrapScore="2" minCrapScore="2" visitedClasses="0" numClasses="0" visitedMethods="0" numMethods="1" />
              <MetadataToken>100663297</MetadataToken>
              <Name>System.Boolean MyCollectionLibrary.MyCollection`2::get_IsSynchronized()</Name>
              <FileRef uid="1" />
              <SequencePoints>
                <SequencePoint vc="0" uspid="1" ordinal="0" offset="0" sl="20" sc="42" el="20" ec="43" bec="0" bev="0" fileid="1" />
                <SequencePoint vc="0" uspid="2" ordinal="1" offset="1" sl="20" sc="44" el="20" ec="76" bec="0" bev="0" fileid="1" />
                <SequencePoint vc="0" uspid="3" ordinal="2" offset="15" sl="20" sc="77" el="20" ec="78" bec="0" bev="0" fileid="1" />
              </SequencePoints>
              <BranchPoints />
              <MethodPoint xsi:type="SequencePoint" vc="0" uspid="1" ordinal="0" offset="0" sl="20" sc="42" el="20" ec="43" bec="0" bev="0" fileid="1" />
            </Method>
            <Method visited="false" cyclomaticComplexity="1" nPathComplexity="0" sequenceCoverage="0" branchCoverage="0" crapScore="2" isConstructor="false" isStatic="false" isGetter="true" isSetter="false">
              <Summary numSequencePoints="3" visitedSequencePoints="0" numBranchPoints="1" visitedBranchPoints="0" sequenceCoverage="0" branchCoverage="0" maxCyclomaticComplexity="1" minCyclomaticComplexity="1" maxCrapScore="2" minCrapScore="2" visitedClasses="0" numClasses="0" visitedMethods="0" numMethods="1" />
              <MetadataToken>100663298</MetadataToken>
              <Name>System.Object MyCollectionLibrary.MyCollection`2::get_SyncRoot()</Name>
              <FileRef uid="1" />
              <SequencePoints>
                <SequencePoint vc="0" uspid="4" ordinal="0" offset="0" sl="22" sc="38" el="22" ec="39" bec="0" bev="0" fileid="1" />
                <SequencePoint vc="0" uspid="5" ordinal="1" offset="1" sl="22" sc="40" el="22" ec="66" bec="0" bev="0" fileid="1" />
                <SequencePoint vc="0" uspid="6" ordinal="2" offset="15" sl="22" sc="67" el="22" ec="68" bec="0" bev="0" fileid="1" />
              </SequencePoints>
              <BranchPoints />
              <MethodPoint xsi:type="SequencePoint" vc="0" uspid="4" ordinal="0" offset="0" sl="22" sc="38" el="22" ec="39" bec="0" bev="0" fileid="1" />
            </Method>
            <Method visited="false" cyclomaticComplexity="3" nPathComplexity="4" sequenceCoverage="0" branchCoverage="0" crapScore="12" isConstructor="false" isStatic="false" isGetter="true" isSetter="false">
              <Summary numSequencePoints="7" visitedSequencePoints="0" numBranchPoints="5" visitedBranchPoints="0" sequenceCoverage="0" branchCoverage="0" maxCyclomaticComplexity="3" minCyclomaticComplexity="3" maxCrapScore="12" minCrapScore="12" visitedClasses="0" numClasses="0" visitedMethods="0" numMethods="1" />
              <MetadataToken>100663299</MetadataToken>
              <Name>TVal MyCollectionLibrary.MyCollection`2::get_Item(TKey)</Name>
              <FileRef uid="1" />
              <SequencePoints>
                <SequencePoint vc="0" uspid="7" ordinal="0" offset="0" sl="27" sc="13" el="27" ec="14" bec="0" bev="0" fileid="1" />
                <SequencePoint vc="0" uspid="8" ordinal="1" offset="1" sl="28" sc="17" el="28" ec="39" bec="2" bev="0" fileid="1" />
                <SequencePoint vc="0" uspid="9" ordinal="2" offset="14" sl="29" sc="21" el="29" ec="88" bec="0" bev="0" fileid="1" />
                <SequencePoint vc="0" uspid="10" ordinal="3" offset="25" sl="30" sc="17" el="30" ec="44" bec="2" bev="0" fileid="1" />
                <SequencePoint vc="0" uspid="11" ordinal="4" offset="39" sl="31" sc="21" el="31" ec="92" bec="0" bev="0" fileid="1" />
                <SequencePoint vc="0" uspid="12" ordinal="5" offset="50" sl="32" sc="17" el="32" ec="88" bec="0" bev="0" fileid="1" />
                <SequencePoint vc="0" uspid="13" ordinal="6" offset="92" sl="33" sc="13" el="33" ec="14" bec="0" bev="0" fileid="1" />
              </SequencePoints>
              <BranchPoints>
                <BranchPoint vc="0" uspid="14" ordinal="0" offset="12" sl="28" path="0" offsetend="14" fileid="1" />
                <BranchPoint vc="0" uspid="15" ordinal="1" offset="12" sl="28" path="1" offsetend="25" fileid="1" />
                <BranchPoint vc="0" uspid="16" ordinal="2" offset="37" sl="30" path="0" offsetend="39" fileid="1" />
                <BranchPoint vc="0" uspid="17" ordinal="3" offset="37" sl="30" path="1" offsetend="50" fileid="1" />
              </BranchPoints>
              <MethodPoint xsi:type="SequencePoint" vc="0" uspid="7" ordinal="0" offset="0" sl="27" sc="13" el="27" ec="14" bec="0" bev="0" fileid="1" />
            </Method>
            <Method visited="false" cyclomaticComplexity="3" nPathComplexity="4" sequenceCoverage="0" branchCoverage="0" crapScore="12" isConstructor="false" isStatic="false" isGetter="false" isSetter="true">
              <Summary numSequencePoints="7" visitedSequencePoints="0" numBranchPoints="5" visitedBranchPoints="0" sequenceCoverage="0" branchCoverage="0" maxCyclomaticComplexity="3" minCyclomaticComplexity="3" maxCrapScore="12" minCrapScore="12" visitedClasses="0" numClasses="0" visitedMethods="0" numMethods="1" />
              <MetadataToken>100663300</MetadataToken>
              <Name>System.Void MyCollectionLibrary.MyCollection`2::set_Item(TKey,TVal)</Name>
              <FileRef uid="1" />
              <SequencePoints>
                <SequencePoint vc="0" uspid="18" ordinal="0" offset="0" sl="35" sc="13" el="35" ec="14" bec="0" bev="0" fileid="1" />
                <SequencePoint vc="0" uspid="19" ordinal="1" offset="1" sl="36" sc="17" el="36" ec="39" bec="2" bev="0" fileid="1" />
                <SequencePoint vc="0" uspid="20" ordinal="2" offset="14" sl="37" sc="21" el="37" ec="88" bec="0" bev="0" fileid="1" />
                <SequencePoint vc="0" uspid="21" ordinal="3" offset="25" sl="38" sc="17" el="38" ec="44" bec="2" bev="0" fileid="1" />
                <SequencePoint vc="0" uspid="22" ordinal="4" offset="39" sl="39" sc="21" el="39" ec="92" bec="0" bev="0" fileid="1" />
                <SequencePoint vc="0" uspid="23" ordinal="5" offset="50" sl="40" sc="17" el="40" ec="89" bec="0" bev="0" fileid="1" />
                <SequencePoint vc="0" uspid="24" ordinal="6" offset="91" sl="41" sc="13" el="41" ec="14" bec="0" bev="0" fileid="1" />
              </SequencePoints>
              <BranchPoints>
                <BranchPoint vc="0" uspid="25" ordinal="0" offset="12" sl="36" path="0" offsetend="14" fileid="1" />
                <BranchPoint vc="0" uspid="26" ordinal="1" offset="12" sl="36" path="1" offsetend="25" fileid="1" />
                <BranchPoint vc="0" uspid="27" ordinal="2" offset="37" sl="38" path="0" offsetend="39" fileid="1" />
                <BranchPoint vc="0" uspid="28" ordinal="3" offset="37" sl="38" path="1" offsetend="50" fileid="1" />
              </BranchPoints>
              <MethodPoint xsi:type="SequencePoint" vc="0" uspid="18" ordinal="0" offset="0" sl="35" sc="13" el="35" ec="14" bec="0" bev="0" fileid="1" />
            </Method>
            <Method visited="false" cyclomaticComplexity="3" nPathComplexity="2" sequenceCoverage="0" branchCoverage="0" crapScore="12" isConstructor="false" isStatic="false" isGetter="true" isSetter="false">
              <Summary numSequencePoints="11" visitedSequencePoints="0" numBranchPoints="3" visitedBranchPoints="0" sequenceCoverage="0" branchCoverage="0" maxCyclomaticComplexity="3" minCyclomaticComplexity="3" maxCrapScore="12" minCrapScore="12" visitedClasses="0" numClasses="0" visitedMethods="0" numMethods="1" />
              <MetadataToken>100663301</MetadataToken>
              <Name>System.Collections.Generic.ICollection`1&lt;TVal&gt; MyCollectionLibrary.MyCollection`2::get_Values()</Name>
              <FileRef uid="1" />
              <SequencePoints>
                <SequencePoint vc="0" uspid="29" ordinal="0" offset="0" sl="47" sc="13" el="47" ec="14" bec="0" bev="0" fileid="1" />
                <SequencePoint vc="0" uspid="30" ordinal="1" offset="1" sl="48" sc="17" el="48" ec="55" bec="0" bev="0" fileid="1" />
                <SequencePoint vc="0" uspid="31" ordinal="2" offset="7" sl="49" sc="22" el="49" ec="31" bec="0" bev="0" fileid="1" />
                <SequencePoint vc="0" uspid="32" ordinal="3" offset="11" sl="50" sc="17" el="50" ec="18" bec="0" bev="0" fileid="1" />
                <SequencePoint vc="0" uspid="33" ordinal="4" offset="12" sl="51" sc="21" el="51" ec="46" bec="2" bev="0" fileid="1" />
                <SequencePoint vc="0" uspid="34" ordinal="5" offset="27" sl="52" sc="25" el="52" ec="57" bec="0" bev="0" fileid="1" />
                <SequencePoint vc="0" uspid="35" ordinal="6" offset="47" sl="53" sc="17" el="53" ec="18" bec="0" bev="0" fileid="1" />
                <SequencePoint vc="0" uspid="36" ordinal="7" offset="48" sl="49" sc="44" el="49" ec="47" bec="0" bev="0" fileid="1" />
                <SequencePoint vc="0" uspid="37" ordinal="8" offset="52" sl="49" sc="33" el="49" ec="42" bec="0" bev="0" fileid="1" />
                <SequencePoint vc="0" uspid="38" ordinal="9" offset="65" sl="54" sc="17" el="54" ec="32" bec="0" bev="0" fileid="1" />
                <SequencePoint vc="0" uspid="39" ordinal="10" offset="70" sl="55" sc="13" el="55" ec="14" bec="0" bev="0" fileid="1" />
              </SequencePoints>
              <BranchPoints>
                <BranchPoint vc="0" uspid="40" ordinal="0" offset="25" sl="51" path="0" offsetend="27" fileid="1" />
                <BranchPoint vc="0" uspid="41" ordinal="1" offset="25" sl="51" path="1" offsetend="47" fileid="1" />
              </BranchPoints>
              <MethodPoint xsi:type="SequencePoint" vc="0" uspid="29" ordinal="0" offset="0" sl="47" sc="13" el="47" ec="14" bec="0" bev="0" fileid="1" />
            </Method>
            <Method visited="false" cyclomaticComplexity="3" nPathComplexity="2" sequenceCoverage="0" branchCoverage="0" crapScore="12" isConstructor="false" isStatic="false" isGetter="true" isSetter="false">
              <Summary numSequencePoints="11" visitedSequencePoints="0" numBranchPoints="3" visitedBranchPoints="0" sequenceCoverage="0" branchCoverage="0" maxCyclomaticComplexity="3" minCyclomaticComplexity="3" maxCrapScore="12" minCrapScore="12" visitedClasses="0" numClasses="0" visitedMethods="0" numMethods="1" />
              <MetadataToken>100663302</MetadataToken>
              <Name>System.Collections.Generic.ICollection`1&lt;TKey&gt; MyCollectionLibrary.MyCollection`2::get_Keys()</Name>
              <FileRef uid="1" />
              <SequencePoints>
                <SequencePoint vc="0" uspid="42" ordinal="0" offset="0" sl="61" sc="13" el="61" ec="14" bec="0" bev="0" fileid="1" />
                <SequencePoint vc="0" uspid="43" ordinal="1" offset="1" sl="62" sc="17" el="62" ec="55" bec="0" bev="0" fileid="1" />
                <SequencePoint vc="0" uspid="44" ordinal="2" offset="7" sl="63" sc="22" el="63" ec="31" bec="0" bev="0" fileid="1" />
                <SequencePoint vc="0" uspid="45" ordinal="3" offset="11" sl="64" sc="17" el="64" ec="18" bec="0" bev="0" fileid="1" />
                <SequencePoint vc="0" uspid="46" ordinal="4" offset="12" sl="65" sc="21" el="65" ec="46" bec="2" bev="0" fileid="1" />
                <SequencePoint vc="0" uspid="47" ordinal="5" offset="27" sl="66" sc="25" el="66" ec="55" bec="0" bev="0" fileid="1" />
                <SequencePoint vc="0" uspid="48" ordinal="6" offset="47" sl="67" sc="17" el="67" ec="18" bec="0" bev="0" fileid="1" />
                <SequencePoint vc="0" uspid="49" ordinal="7" offset="48" sl="63" sc="44" el="63" ec="47" bec="0" bev="0" fileid="1" />
                <SequencePoint vc="0" uspid="50" ordinal="8" offset="52" sl="63" sc="33" el="63" ec="42" bec="0" bev="0" fileid="1" />
                <SequencePoint vc="0" uspid="51" ordinal="9" offset="65" sl="68" sc="17" el="68" ec="32" bec="0" bev="0" fileid="1" />
                <SequencePoint vc="0" uspid="52" ordinal="10" offset="70" sl="69" sc="13" el="69" ec="14" bec="0" bev="0" fileid="1" />
              </SequencePoints>
              <BranchPoints>
                <BranchPoint vc="0" uspid="53" ordinal="0" offset="25" sl="65" path="0" offsetend="27" fileid="1" />
                <BranchPoint vc="0" uspid="54" ordinal="1" offset="25" sl="65" path="1" offsetend="47" fileid="1" />
              </BranchPoints>
              <MethodPoint xsi:type="SequencePoint" vc="0" uspid="42" ordinal="0" offset="0" sl="61" sc="13" el="61" ec="14" bec="0" bev="0" fileid="1" />
            </Method>
            <Method visited="false" cyclomaticComplexity="2" nPathComplexity="2" sequenceCoverage="0" branchCoverage="0" crapScore="6" isConstructor="false" isStatic="false" isGetter="true" isSetter="false">
              <Summary numSequencePoints="5" visitedSequencePoints="0" numBranchPoints="3" visitedBranchPoints="0" sequenceCoverage="0" branchCoverage="0" maxCyclomaticComplexity="2" minCyclomaticComplexity="2" maxCrapScore="6" minCrapScore="6" visitedClasses="0" numClasses="0" visitedMethods="0" numMethods="1" />
              <MetadataToken>100663303</MetadataToken>
              <Name>System.Int32 MyCollectionLibrary.MyCollection`2::get_Count()</Name>
              <FileRef uid="1" />
              <SequencePoints>
                <SequencePoint vc="0" uspid="55" ordinal="0" offset="0" sl="86" sc="13" el="86" ec="14" bec="0" bev="0" fileid="1" />
                <SequencePoint vc="0" uspid="56" ordinal="1" offset="1" sl="87" sc="17" el="87" ec="39" bec="2" bev="0" fileid="1" />
                <SequencePoint vc="0" uspid="57" ordinal="2" offset="14" sl="88" sc="21" el="88" ec="30" bec="0" bev="0" fileid="1" />
                <SequencePoint vc="0" uspid="58" ordinal="3" offset="18" sl="90" sc="21" el="90" ec="45" bec="0" bev="0" fileid="1" />
                <SequencePoint vc="0" uspid="59" ordinal="4" offset="29" sl="91" sc="13" el="91" ec="14" bec="0" bev="0" fileid="1" />
              </SequencePoints>
              <BranchPoints>
                <BranchPoint vc="0" uspid="60" ordinal="0" offset="12" sl="87" path="0" offsetend="14" fileid="1" />
                <BranchPoint vc="0" uspid="61" ordinal="1" offset="12" sl="87" path="1" offsetend="18" fileid="1" />
              </BranchPoints>
              <MethodPoint xsi:type="SequencePoint" vc="0" uspid="55" ordinal="0" offset="0" sl="86" sc="13" el="86" ec="14" bec="0" bev="0" fileid="1" />
            </Method>
            <Method visited="false" cyclomaticComplexity="1" nPathComplexity="0" sequenceCoverage="0" branchCoverage="0" crapScore="2" isConstructor="false" isStatic="false" isGetter="true" isSetter="false">
              <Summary numSequencePoints="3" visitedSequencePoints="0" numBranchPoints="1" visitedBranchPoints="0" sequenceCoverage="0" branchCoverage="0" maxCyclomaticComplexity="1" minCyclomaticComplexity="1" maxCrapScore="2" minCrapScore="2" visitedClasses="0" numClasses="0" visitedMethods="0" numMethods="1" />
              <MetadataToken>100663304</MetadataToken>
              <Name>System.Boolean MyCollectionLibrary.MyCollection`2::get_IsReadOnly()</Name>
              <FileRef uid="1" />
              <SequencePoints>
                <SequencePoint vc="0" uspid="62" ordinal="0" offset="0" sl="94" sc="38" el="94" ec="39" bec="0" bev="0" fileid="1" />
                <SequencePoint vc="0" uspid="63" ordinal="1" offset="1" sl="94" sc="40" el="94" ec="53" bec="0" bev="0" fileid="1" />
                <SequencePoint vc="0" uspid="64" ordinal="2" offset="5" sl="94" sc="54" el="94" ec="55" bec="0" bev="0" fileid="1" />
              </SequencePoints>
              <BranchPoints />
              <MethodPoint xsi:type="SequencePoint" vc="0" uspid="62" ordinal="0" offset="0" sl="94" sc="38" el="94" ec="39" bec="0" bev="0" fileid="1" />
            </Method>
            <Method visited="false" cyclomaticComplexity="1" nPathComplexity="0" sequenceCoverage="0" branchCoverage="0" crapScore="2" isConstructor="true" isStatic="false" isGetter="false" isSetter="false">
              <Summary numSequencePoints="4" visitedSequencePoints="0" numBranchPoints="1" visitedBranchPoints="0" sequenceCoverage="0" branchCoverage="0" maxCyclomaticComplexity="1" minCyclomaticComplexity="1" maxCrapScore="2" minCrapScore="2" visitedClasses="0" numClasses="0" visitedMethods="0" numMethods="1" />
              <MetadataToken>100663305</MetadataToken>
              <Name>System.Void MyCollectionLibrary.MyCollection`2::.ctor()</Name>
              <FileRef uid="1" />
              <SequencePoints>
                <SequencePoint vc="0" uspid="65" ordinal="0" offset="0" sl="96" sc="9" el="96" ec="30" bec="0" bev="0" fileid="1" />
                <SequencePoint vc="0" uspid="66" ordinal="1" offset="7" sl="97" sc="9" el="97" ec="10" bec="0" bev="0" fileid="1" />
                <SequencePoint vc="0" uspid="67" ordinal="2" offset="8" sl="98" sc="13" el="98" ec="30" bec="0" bev="0" fileid="1" />
                <SequencePoint vc="0" uspid="68" ordinal="3" offset="15" sl="100" sc="9" el="100" ec="10" bec="0" bev="0" fileid="1" />
              </SequencePoints>
              <BranchPoints />
              <MethodPoint xsi:type="SequencePoint" vc="0" uspid="65" ordinal="0" offset="0" sl="96" sc="9" el="96" ec="30" bec="0" bev="0" fileid="1" />
            </Method>
            <Method visited="true" cyclomaticComplexity="2" nPathComplexity="2" sequenceCoverage="87.5" branchCoverage="66.67" crapScore="2.01" isConstructor="true" isStatic="false" isGetter="false" isSetter="false">
              <Summary numSequencePoints="8" visitedSequencePoints="7" numBranchPoints="3" visitedBranchPoints="2" sequenceCoverage="87.5" branchCoverage="66.67" maxCyclomaticComplexity="2" minCyclomaticComplexity="2" maxCrapScore="2.01" minCrapScore="2.01" visitedClasses="0" numClasses="0" visitedMethods="1" numMethods="1" />
              <MetadataToken>100663306</MetadataToken>
              <Name>System.Void MyCollectionLibrary.MyCollection`2::.ctor(System.Int32)</Name>
              <FileRef uid="1" />
              <SequencePoints>
                <SequencePoint vc="4" uspid="69" ordinal="0" offset="0" sl="102" sc="9" el="102" ec="38" bec="0" bev="0" fileid="1" />
                <SequencePoint vc="4" uspid="70" ordinal="1" offset="7" sl="103" sc="9" el="103" ec="10" bec="0" bev="0" fileid="1" />
                <SequencePoint vc="4" uspid="71" ordinal="2" offset="8" sl="104" sc="13" el="104" ec="26" bec="2" bev="1" fileid="1" />
                <SequencePoint vc="4" uspid="72" ordinal="3" offset="16" sl="105" sc="13" el="105" ec="14" bec="0" bev="0" fileid="1" />
                <SequencePoint vc="4" uspid="73" ordinal="4" offset="17" sl="106" sc="17" el="106" ec="57" bec="0" bev="0" fileid="1" />
                <SequencePoint vc="4" uspid="74" ordinal="5" offset="29" sl="108" sc="13" el="108" ec="14" bec="0" bev="0" fileid="1" />
                <SequencePoint vc="0" uspid="75" ordinal="6" offset="32" sl="110" sc="17" el="110" ec="34" bec="0" bev="0" fileid="1" />
                <SequencePoint vc="4" uspid="76" ordinal="7" offset="39" sl="111" sc="9" el="111" ec="10" bec="0" bev="0" fileid="1" />
              </SequencePoints>
              <BranchPoints>
                <BranchPoint vc="4" uspid="77" ordinal="0" offset="14" sl="104" path="0" offsetend="16" fileid="1" />
                <BranchPoint vc="0" uspid="78" ordinal="1" offset="14" sl="104" path="1" offsetend="32" fileid="1" />
              </BranchPoints>
              <MethodPoint xsi:type="SequencePoint" vc="4" uspid="69" ordinal="0" offset="0" sl="102" sc="9" el="102" ec="38" bec="0" bev="0" fileid="1" />
            </Method>
            <Method visited="false" cyclomaticComplexity="4" nPathComplexity="2" sequenceCoverage="0" branchCoverage="0" crapScore="20" isConstructor="true" isStatic="false" isGetter="false" isSetter="false">
              <Summary numSequencePoints="20" visitedSequencePoints="0" numBranchPoints="3" visitedBranchPoints="0" sequenceCoverage="0" branchCoverage="0" maxCyclomaticComplexity="4" minCyclomaticComplexity="4" maxCrapScore="20" minCrapScore="20" visitedClasses="0" numClasses="0" visitedMethods="0" numMethods="1" />
              <MetadataToken>100663307</MetadataToken>
              <Name>System.Void MyCollectionLibrary.MyCollection`2::.ctor(MyCollectionLibrary.MyCollection`2&lt;TKey,TVal&gt;)</Name>
              <FileRef uid="1" />
              <SequencePoints>
                <SequencePoint vc="0" uspid="79" ordinal="0" offset="0" sl="113" sc="9" el="113" ec="56" bec="0" bev="0" fileid="1" />
                <SequencePoint vc="0" uspid="80" ordinal="1" offset="7" sl="114" sc="9" el="114" ec="10" bec="0" bev="0" fileid="1" />
                <SequencePoint vc="0" uspid="81" ordinal="2" offset="8" sl="115" sc="13" el="115" ec="43" bec="0" bev="0" fileid="1" />
                <SequencePoint vc="0" uspid="82" ordinal="3" offset="17" sl="116" sc="13" el="116" ec="53" bec="0" bev="0" fileid="1" />
                <SequencePoint vc="0" uspid="83" ordinal="4" offset="29" sl="118" sc="18" el="118" ec="27" bec="0" bev="0" fileid="1" />
                <SequencePoint vc="0" uspid="84" ordinal="5" offset="33" sl="119" sc="13" el="119" ec="14" bec="0" bev="0" fileid="1" />
                <SequencePoint vc="0" uspid="85" ordinal="6" offset="34" sl="120" sc="17" el="120" ec="44" bec="2" bev="0" fileid="1" />
                <SequencePoint vc="0" uspid="86" ordinal="7" offset="49" sl="121" sc="17" el="121" ec="18" bec="0" bev="0" fileid="1" />
                <SequencePoint vc="0" uspid="87" ordinal="8" offset="50" sl="122" sc="21" el="122" ec="74" bec="0" bev="0" fileid="1" />
                <SequencePoint vc="0" uspid="88" ordinal="9" offset="71" sl="123" sc="21" el="123" ec="66" bec="0" bev="0" fileid="1" />
                <SequencePoint vc="0" uspid="89" ordinal="10" offset="87" sl="125" sc="21" el="125" ec="22" bec="0" bev="0" fileid="1" />
                <SequencePoint vc="0" uspid="90" ordinal="11" offset="88" sl="126" sc="25" el="126" ec="73" bec="0" bev="0" fileid="1" />
                <SequencePoint vc="0" uspid="91" ordinal="12" offset="108" sl="127" sc="25" el="127" ec="42" bec="0" bev="0" fileid="1" />
                <SequencePoint vc="0" uspid="92" ordinal="13" offset="115" sl="128" sc="21" el="128" ec="22" bec="0" bev="0" fileid="1" />
                <SequencePoint vc="0" uspid="93" ordinal="14" offset="116" sl="124" sc="21" el="124" ec="41" bec="0" bev="0" fileid="1" />
                <SequencePoint vc="0" uspid="94" ordinal="15" offset="126" sl="129" sc="17" el="129" ec="18" bec="0" bev="0" fileid="1" />
                <SequencePoint vc="0" uspid="95" ordinal="16" offset="127" sl="130" sc="13" el="130" ec="14" bec="0" bev="0" fileid="1" />
                <SequencePoint vc="0" uspid="96" ordinal="17" offset="128" sl="118" sc="39" el="118" ec="42" bec="0" bev="0" fileid="1" />
                <SequencePoint vc="0" uspid="97" ordinal="18" offset="132" sl="118" sc="29" el="118" ec="37" bec="0" bev="0" fileid="1" />
                <SequencePoint vc="0" uspid="98" ordinal="19" offset="142" sl="132" sc="9" el="132" ec="10" bec="0" bev="0" fileid="1" />
              </SequencePoints>
              <BranchPoints>
                <BranchPoint vc="0" uspid="99" ordinal="0" offset="47" sl="120" path="0" offsetend="49" fileid="1" />
                <BranchPoint vc="0" uspid="100" ordinal="1" offset="47" sl="120" path="1" offsetend="127" fileid="1" />
              </BranchPoints>
              <MethodPoint xsi:type="SequencePoint" vc="0" uspid="79" ordinal="0" offset="0" sl="113" sc="9" el="113" ec="56" bec="0" bev="0" fileid="1" />
            </Method>
            <Method visited="false" cyclomaticComplexity="1" nPathComplexity="0" sequenceCoverage="0" branchCoverage="0" crapScore="2" isConstructor="true" isStatic="false" isGetter="false" isSetter="false">
              <Summary numSequencePoints="4" visitedSequencePoints="0" numBranchPoints="1" visitedBranchPoints="0" sequenceCoverage="0" branchCoverage="0" maxCyclomaticComplexity="1" minCyclomaticComplexity="1" maxCrapScore="2" minCrapScore="2" visitedClasses="0" numClasses="0" visitedMethods="0" numMethods="1" />
              <MetadataToken>100663308</MetadataToken>
              <Name>System.Void MyCollectionLibrary.MyCollection`2::.ctor(MyCollectionLibrary.Point`2&lt;TKey,TVal&gt;[]&amp;)</Name>
              <FileRef uid="1" />
              <SequencePoints>
                <SequencePoint vc="0" uspid="101" ordinal="0" offset="0" sl="134" sc="9" el="134" ec="55" bec="0" bev="0" fileid="1" />
                <SequencePoint vc="0" uspid="102" ordinal="1" offset="7" sl="135" sc="9" el="135" ec="10" bec="0" bev="0" fileid="1" />
                <SequencePoint vc="0" uspid="103" ordinal="2" offset="8" sl="136" sc="13" el="136" ec="34" bec="0" bev="0" fileid="1" />
                <SequencePoint vc="0" uspid="104" ordinal="3" offset="16" sl="138" sc="9" el="138" ec="10" bec="0" bev="0" fileid="1" />
              </SequencePoints>
              <BranchPoints />
              <MethodPoint xsi:type="SequencePoint" vc="0" uspid="101" ordinal="0" offset="0" sl="134" sc="9" el="134" ec="55" bec="0" bev="0" fileid="1" />
            </Method>
            <Method visited="false" cyclomaticComplexity="1" nPathComplexity="0" sequenceCoverage="0" branchCoverage="0" crapScore="2" isConstructor="false" isStatic="false" isGetter="false" isSetter="false">
              <Summary numSequencePoints="3" visitedSequencePoints="0" numBranchPoints="1" visitedBranchPoints="0" sequenceCoverage="0" branchCoverage="0" maxCyclomaticComplexity="1" minCyclomaticComplexity="1" maxCrapScore="2" minCrapScore="2" visitedClasses="0" numClasses="0" visitedMethods="0" numMethods="1" />
              <MetadataToken>100663309</MetadataToken>
              <Name>System.Collections.IEnumerator MyCollectionLibrary.MyCollection`2::System.Collections.IEnumerable.GetEnumerator()</Name>
              <FileRef uid="1" />
              <SequencePoints>
                <SequencePoint vc="0" uspid="105" ordinal="0" offset="0" sl="141" sc="9" el="141" ec="10" bec="0" bev="0" fileid="1" />
                <SequencePoint vc="0" uspid="106" ordinal="1" offset="1" sl="142" sc="13" el="142" ec="36" bec="0" bev="0" fileid="1" />
                <SequencePoint vc="0" uspid="107" ordinal="2" offset="10" sl="143" sc="9" el="143" ec="10" bec="0" bev="0" fileid="1" />
              </SequencePoints>
              <BranchPoints />
              <MethodPoint xsi:type="SequencePoint" vc="0" uspid="105" ordinal="0" offset="0" sl="141" sc="9" el="141" ec="10" bec="0" bev="0" fileid="1" />
            </Method>
            <Method visited="false" cyclomaticComplexity="1" nPathComplexity="0" sequenceCoverage="0" branchCoverage="0" crapScore="2" isConstructor="false" isStatic="false" isGetter="false" isSetter="false">
              <Summary numSequencePoints="0" visitedSequencePoints="0" numBranchPoints="0" visitedBranchPoints="0" sequenceCoverage="0" branchCoverage="0" maxCyclomaticComplexity="1" minCyclomaticComplexity="1" maxCrapScore="2" minCrapScore="2" visitedClasses="0" numClasses="0" visitedMethods="0" numMethods="0" />
              <MetadataToken>100663310</MetadataToken>
              <Name>System.Collections.Generic.IEnumerator`1&lt;System.Collections.Generic.KeyValuePair`2&lt;TKey,TVal&gt;&gt; MyCollectionLibrary.MyCollection`2::GetEnumerator()</Name>
              <SequencePoints />
              <BranchPoints />
              <MethodPoint vc="0" uspid="108" ordinal="0" offset="0" />
            </Method>
            <Method visited="true" cyclomaticComplexity="6" nPathComplexity="16" sequenceCoverage="40" branchCoverage="44.44" crapScore="13.78" isConstructor="false" isStatic="false" isGetter="false" isSetter="false">
              <Summary numSequencePoints="20" visitedSequencePoints="8" numBranchPoints="9" visitedBranchPoints="4" sequenceCoverage="40" branchCoverage="44.44" maxCyclomaticComplexity="6" minCyclomaticComplexity="6" maxCrapScore="13.78" minCrapScore="13.78" visitedClasses="0" numClasses="0" visitedMethods="1" numMethods="1" />
              <MetadataToken>100663311</MetadataToken>
              <Name>System.Void MyCollectionLibrary.MyCollection`2::Add(TKey,TVal)</Name>
              <FileRef uid="1" />
              <SequencePoints>
                <SequencePoint vc="8" uspid="109" ordinal="0" offset="0" sl="186" sc="9" el="186" ec="10" bec="0" bev="0" fileid="1" />
                <SequencePoint vc="8" uspid="110" ordinal="1" offset="1" sl="187" sc="13" el="187" ec="50" bec="4" bev="2" fileid="1" />
                <SequencePoint vc="0" uspid="111" ordinal="2" offset="25" sl="188" sc="13" el="188" ec="14" bec="0" bev="0" fileid="1" />
                <SequencePoint vc="0" uspid="112" ordinal="3" offset="26" sl="189" sc="17" el="189" ec="84" bec="0" bev="0" fileid="1" />
                <SequencePoint vc="8" uspid="113" ordinal="4" offset="37" sl="192" sc="13" el="192" ec="88" bec="0" bev="0" fileid="1" />
                <SequencePoint vc="8" uspid="114" ordinal="5" offset="53" sl="193" sc="13" el="193" ec="88" bec="2" bev="1" fileid="1" />
                <SequencePoint vc="8" uspid="115" ordinal="6" offset="101" sl="194" sc="13" el="194" ec="14" bec="0" bev="0" fileid="1" />
                <SequencePoint vc="8" uspid="116" ordinal="7" offset="102" sl="195" sc="17" el="195" ec="87" bec="0" bev="0" fileid="1" />
                <SequencePoint vc="8" uspid="117" ordinal="8" offset="144" sl="196" sc="13" el="196" ec="14" bec="0" bev="0" fileid="1" />
                <SequencePoint vc="0" uspid="118" ordinal="9" offset="147" sl="198" sc="13" el="198" ec="14" bec="0" bev="0" fileid="1" />
                <SequencePoint vc="0" uspid="119" ordinal="10" offset="148" sl="199" sc="17" el="199" ec="104" bec="0" bev="0" fileid="1" />
                <SequencePoint vc="0" uspid="120" ordinal="11" offset="193" sl="201" sc="17" el="201" ec="18" bec="0" bev="0" fileid="1" />
                <SequencePoint vc="0" uspid="121" ordinal="12" offset="194" sl="202" sc="21" el="202" ec="48" bec="2" bev="0" fileid="1" />
                <SequencePoint vc="0" uspid="122" ordinal="13" offset="223" sl="203" sc="25" el="203" ec="32" bec="0" bev="0" fileid="1" />
                <SequencePoint vc="0" uspid="123" ordinal="14" offset="225" sl="204" sc="21" el="204" ec="36" bec="0" bev="0" fileid="1" />
                <SequencePoint vc="0" uspid="124" ordinal="15" offset="234" sl="205" sc="17" el="205" ec="18" bec="0" bev="0" fileid="1" />
                <SequencePoint vc="0" uspid="125" ordinal="16" offset="235" sl="200" sc="17" el="200" ec="41" bec="0" bev="0" fileid="1" />
                <SequencePoint vc="0" uspid="126" ordinal="17" offset="251" sl="206" sc="17" el="206" ec="33" bec="0" bev="0" fileid="1" />
                <SequencePoint vc="0" uspid="127" ordinal="18" offset="260" sl="207" sc="13" el="207" ec="14" bec="0" bev="0" fileid="1" />
                <SequencePoint vc="8" uspid="128" ordinal="19" offset="261" sl="216" sc="9" el="216" ec="10" bec="0" bev="0" fileid="1" />
              </SequencePoints>
              <BranchPoints>
                <BranchPoint vc="8" uspid="129" ordinal="0" offset="7" sl="187" path="0" offsetend="9" fileid="1" />
                <BranchPoint vc="0" uspid="130" ordinal="1" offset="7" sl="187" path="1" offsetend="20" fileid="1" />
                <BranchPoint vc="0" uspid="131" ordinal="2" offset="23" sl="187" path="0" offsetend="25" fileid="1" />
                <BranchPoint vc="8" uspid="132" ordinal="3" offset="23" sl="187" path="1" offsetend="37" fileid="1" />
                <BranchPoint vc="8" uspid="133" ordinal="4" offset="99" sl="193" path="0" offsetend="101" fileid="1" />
                <BranchPoint vc="0" uspid="134" ordinal="5" offset="99" sl="193" path="1" offsetend="147" fileid="1" />
                <BranchPoint vc="0" uspid="135" ordinal="6" offset="221" sl="202" path="0" offsetchain="223" offsetend="261" fileid="1" />
                <BranchPoint vc="0" uspid="136" ordinal="7" offset="221" sl="202" path="1" offsetend="225" fileid="1" />
              </BranchPoints>
              <MethodPoint xsi:type="SequencePoint" vc="8" uspid="109" ordinal="0" offset="0" sl="186" sc="9" el="186" ec="10" bec="0" bev="0" fileid="1" />
            </Method>
            <Method visited="false" cyclomaticComplexity="3" nPathComplexity="4" sequenceCoverage="0" branchCoverage="0" crapScore="12" isConstructor="false" isStatic="false" isGetter="false" isSetter="false">
              <Summary numSequencePoints="7" visitedSequencePoints="0" numBranchPoints="5" visitedBranchPoints="0" sequenceCoverage="0" branchCoverage="0" maxCyclomaticComplexity="3" minCyclomaticComplexity="3" maxCrapScore="12" minCrapScore="12" visitedClasses="0" numClasses="0" visitedMethods="0" numMethods="1" />
              <MetadataToken>100663312</MetadataToken>
              <Name>System.Void MyCollectionLibrary.MyCollection`2::Add(System.Collections.Generic.KeyValuePair`2&lt;TKey,TVal&gt;)</Name>
              <FileRef uid="1" />
              <SequencePoints>
                <SequencePoint vc="0" uspid="137" ordinal="0" offset="0" sl="219" sc="9" el="219" ec="10" bec="0" bev="0" fileid="1" />
                <SequencePoint vc="0" uspid="138" ordinal="1" offset="1" sl="220" sc="13" el="220" ec="33" bec="0" bev="0" fileid="1" />
                <SequencePoint vc="0" uspid="139" ordinal="2" offset="9" sl="221" sc="13" el="221" ec="35" bec="0" bev="0" fileid="1" />
                <SequencePoint vc="0" uspid="140" ordinal="3" offset="17" sl="222" sc="13" el="222" ec="44" bec="4" bev="0" fileid="1" />
                <SequencePoint vc="0" uspid="141" ordinal="4" offset="41" sl="223" sc="17" el="223" ec="78" bec="0" bev="0" fileid="1" />
                <SequencePoint vc="0" uspid="142" ordinal="5" offset="52" sl="224" sc="13" el="224" ec="32" bec="0" bev="0" fileid="1" />
                <SequencePoint vc="0" uspid="143" ordinal="6" offset="61" sl="225" sc="9" el="225" ec="10" bec="0" bev="0" fileid="1" />
              </SequencePoints>
              <BranchPoints>
                <BranchPoint vc="0" uspid="144" ordinal="0" offset="23" sl="222" path="0" offsetend="25" fileid="1" />
                <BranchPoint vc="0" uspid="145" ordinal="1" offset="23" sl="222" path="1" offsetend="36" fileid="1" />
                <BranchPoint vc="0" uspid="146" ordinal="2" offset="39" sl="222" path="0" offsetend="41" fileid="1" />
                <BranchPoint vc="0" uspid="147" ordinal="3" offset="39" sl="222" path="1" offsetend="52" fileid="1" />
              </BranchPoints>
              <MethodPoint xsi:type="SequencePoint" vc="0" uspid="137" ordinal="0" offset="0" sl="219" sc="9" el="219" ec="10" bec="0" bev="0" fileid="1" />
            </Method>
            <Method visited="false" cyclomaticComplexity="5" nPathComplexity="8" sequenceCoverage="0" branchCoverage="0" crapScore="30" isConstructor="false" isStatic="false" isGetter="false" isSetter="false">
              <Summary numSequencePoints="23" visitedSequencePoints="0" numBranchPoints="7" visitedBranchPoints="0" sequenceCoverage="0" branchCoverage="0" maxCyclomaticComplexity="5" minCyclomaticComplexity="5" maxCrapScore="30" minCrapScore="30" visitedClasses="0" numClasses="0" visitedMethods="0" numMethods="1" />
              <MetadataToken>100663313</MetadataToken>
              <Name>System.Void MyCollectionLibrary.MyCollection`2::Print()</Name>
              <FileRef uid="1" />
              <SequencePoints>
                <SequencePoint vc="0" uspid="148" ordinal="0" offset="0" sl="228" sc="9" el="228" ec="10" bec="0" bev="0" fileid="1" />
                <SequencePoint vc="0" uspid="149" ordinal="1" offset="1" sl="229" sc="13" el="229" ec="35" bec="2" bev="0" fileid="1" />
                <SequencePoint vc="0" uspid="150" ordinal="2" offset="14" sl="230" sc="17" el="230" ec="70" bec="0" bev="0" fileid="1" />
                <SequencePoint vc="0" uspid="151" ordinal="3" offset="30" sl="232" sc="13" el="232" ec="14" bec="0" bev="0" fileid="1" />
                <SequencePoint vc="0" uspid="152" ordinal="4" offset="31" sl="233" sc="22" el="233" ec="31" bec="0" bev="0" fileid="1" />
                <SequencePoint vc="0" uspid="153" ordinal="5" offset="35" sl="234" sc="17" el="234" ec="18" bec="0" bev="0" fileid="1" />
                <SequencePoint vc="0" uspid="154" ordinal="6" offset="36" sl="235" sc="21" el="235" ec="46" bec="2" bev="0" fileid="1" />
                <SequencePoint vc="0" uspid="155" ordinal="7" offset="51" sl="236" sc="21" el="236" ec="22" bec="0" bev="0" fileid="1" />
                <SequencePoint vc="0" uspid="156" ordinal="8" offset="52" sl="237" sc="25" el="237" ec="86" bec="0" bev="0" fileid="1" />
                <SequencePoint vc="0" uspid="157" ordinal="9" offset="68" sl="239" sc="25" el="239" ec="26" bec="0" bev="0" fileid="1" />
                <SequencePoint vc="0" uspid="158" ordinal="10" offset="69" sl="240" sc="29" el="240" ec="80" bec="0" bev="0" fileid="1" />
                <SequencePoint vc="0" uspid="159" ordinal="11" offset="104" sl="241" sc="29" el="241" ec="46" bec="0" bev="0" fileid="1" />
                <SequencePoint vc="0" uspid="160" ordinal="12" offset="111" sl="242" sc="25" el="242" ec="26" bec="0" bev="0" fileid="1" />
                <SequencePoint vc="0" uspid="161" ordinal="13" offset="112" sl="238" sc="25" el="238" ec="45" bec="0" bev="0" fileid="1" />
                <SequencePoint vc="0" uspid="162" ordinal="14" offset="122" sl="243" sc="21" el="243" ec="22" bec="0" bev="0" fileid="1" />
                <SequencePoint vc="0" uspid="163" ordinal="15" offset="125" sl="245" sc="21" el="245" ec="22" bec="0" bev="0" fileid="1" />
                <SequencePoint vc="0" uspid="164" ordinal="16" offset="126" sl="246" sc="25" el="246" ec="92" bec="0" bev="0" fileid="1" />
                <SequencePoint vc="0" uspid="165" ordinal="17" offset="150" sl="247" sc="21" el="247" ec="22" bec="0" bev="0" fileid="1" />
                <SequencePoint vc="0" uspid="166" ordinal="18" offset="151" sl="248" sc="17" el="248" ec="18" bec="0" bev="0" fileid="1" />
                <SequencePoint vc="0" uspid="167" ordinal="19" offset="152" sl="233" sc="55" el="233" ec="58" bec="0" bev="0" fileid="1" />
                <SequencePoint vc="0" uspid="168" ordinal="20" offset="156" sl="233" sc="33" el="233" ec="53" bec="2" bev="0" fileid="1" />
                <SequencePoint vc="0" uspid="169" ordinal="21" offset="176" sl="249" sc="13" el="249" ec="14" bec="0" bev="0" fileid="1" />
                <SequencePoint vc="0" uspid="170" ordinal="22" offset="177" sl="250" sc="9" el="250" ec="10" bec="0" bev="0" fileid="1" />
              </SequencePoints>
              <BranchPoints>
                <BranchPoint vc="0" uspid="171" ordinal="0" offset="12" sl="229" path="0" offsetend="14" fileid="1" />
                <BranchPoint vc="0" uspid="172" ordinal="1" offset="12" sl="229" path="1" offsetend="30" fileid="1" />
                <BranchPoint vc="0" uspid="173" ordinal="2" offset="49" sl="235" path="0" offsetend="51" fileid="1" />
                <BranchPoint vc="0" uspid="174" ordinal="3" offset="49" sl="235" path="1" offsetend="125" fileid="1" />
                <BranchPoint vc="0" uspid="175" ordinal="4" offset="171" sl="233" path="0" offsetend="176" fileid="1" />
                <BranchPoint vc="0" uspid="176" ordinal="5" offset="171" sl="233" path="1" offsetend="35" fileid="1" />
              </BranchPoints>
              <MethodPoint xsi:type="SequencePoint" vc="0" uspid="148" ordinal="0" offset="0" sl="228" sc="9" el="228" ec="10" bec="0" bev="0" fileid="1" />
            </Method>
            <Method visited="false" cyclomaticComplexity="2" nPathComplexity="0" sequenceCoverage="0" branchCoverage="0" crapScore="6" isConstructor="false" isStatic="false" isGetter="false" isSetter="false">
              <Summary numSequencePoints="8" visitedSequencePoints="0" numBranchPoints="1" visitedBranchPoints="0" sequenceCoverage="0" branchCoverage="0" maxCyclomaticComplexity="2" minCyclomaticComplexity="2" maxCrapScore="6" minCrapScore="6" visitedClasses="0" numClasses="0" visitedMethods="0" numMethods="1" />
              <MetadataToken>100663314</MetadataToken>
              <Name>System.Void MyCollectionLibrary.MyCollection`2::Clear()</Name>
              <FileRef uid="1" />
              <SequencePoints>
                <SequencePoint vc="0" uspid="177" ordinal="0" offset="0" sl="253" sc="9" el="253" ec="10" bec="0" bev="0" fileid="1" />
                <SequencePoint vc="0" uspid="178" ordinal="1" offset="1" sl="255" sc="18" el="255" ec="27" bec="0" bev="0" fileid="1" />
                <SequencePoint vc="0" uspid="179" ordinal="2" offset="5" sl="256" sc="13" el="256" ec="14" bec="0" bev="0" fileid="1" />
                <SequencePoint vc="0" uspid="180" ordinal="3" offset="6" sl="257" sc="17" el="257" ec="37" bec="0" bev="0" fileid="1" />
                <SequencePoint vc="0" uspid="181" ordinal="4" offset="15" sl="258" sc="13" el="258" ec="14" bec="0" bev="0" fileid="1" />
                <SequencePoint vc="0" uspid="182" ordinal="5" offset="16" sl="255" sc="51" el="255" ec="54" bec="0" bev="0" fileid="1" />
                <SequencePoint vc="0" uspid="183" ordinal="6" offset="20" sl="255" sc="29" el="255" ec="49" bec="0" bev="0" fileid="1" />
                <SequencePoint vc="0" uspid="184" ordinal="7" offset="35" sl="259" sc="9" el="259" ec="10" bec="0" bev="0" fileid="1" />
              </SequencePoints>
              <BranchPoints />
              <MethodPoint xsi:type="SequencePoint" vc="0" uspid="177" ordinal="0" offset="0" sl="253" sc="9" el="253" ec="10" bec="0" bev="0" fileid="1" />
            </Method>
            <Method visited="false" cyclomaticComplexity="1" nPathComplexity="0" sequenceCoverage="0" branchCoverage="0" crapScore="2" isConstructor="false" isStatic="false" isGetter="false" isSetter="false">
              <Summary numSequencePoints="4" visitedSequencePoints="0" numBranchPoints="1" visitedBranchPoints="0" sequenceCoverage="0" branchCoverage="0" maxCyclomaticComplexity="1" minCyclomaticComplexity="1" maxCrapScore="2" minCrapScore="2" visitedClasses="0" numClasses="0" visitedMethods="0" numMethods="1" />
              <MetadataToken>100663315</MetadataToken>
              <Name>System.Void MyCollectionLibrary.MyCollection`2::Delete()</Name>
              <FileRef uid="1" />
              <SequencePoints>
                <SequencePoint vc="0" uspid="185" ordinal="0" offset="0" sl="262" sc="9" el="262" ec="10" bec="0" bev="0" fileid="1" />
                <SequencePoint vc="0" uspid="186" ordinal="1" offset="1" sl="263" sc="13" el="263" ec="26" bec="0" bev="0" fileid="1" />
                <SequencePoint vc="0" uspid="187" ordinal="2" offset="8" sl="264" sc="13" el="264" ec="30" bec="0" bev="0" fileid="1" />
                <SequencePoint vc="0" uspid="188" ordinal="3" offset="15" sl="265" sc="9" el="265" ec="10" bec="0" bev="0" fileid="1" />
              </SequencePoints>
              <BranchPoints />
              <MethodPoint xsi:type="SequencePoint" vc="0" uspid="185" ordinal="0" offset="0" sl="262" sc="9" el="262" ec="10" bec="0" bev="0" fileid="1" />
            </Method>
            <Method visited="false" cyclomaticComplexity="6" nPathComplexity="16" sequenceCoverage="0" branchCoverage="0" crapScore="42" isConstructor="false" isStatic="false" isGetter="false" isSetter="false">
              <Summary numSequencePoints="27" visitedSequencePoints="0" numBranchPoints="9" visitedBranchPoints="0" sequenceCoverage="0" branchCoverage="0" maxCyclomaticComplexity="6" minCyclomaticComplexity="6" maxCrapScore="42" minCrapScore="42" visitedClasses="0" numClasses="0" visitedMethods="0" numMethods="1" />
              <MetadataToken>100663316</MetadataToken>
              <Name>System.Boolean MyCollectionLibrary.MyCollection`2::RemoveAmongNexts(TVal,System.Int32)</Name>
              <FileRef uid="1" />
              <SequencePoints>
                <SequencePoint vc="0" uspid="189" ordinal="0" offset="0" sl="268" sc="9" el="268" ec="10" bec="0" bev="0" fileid="1" />
                <SequencePoint vc="0" uspid="190" ordinal="1" offset="1" sl="269" sc="13" el="269" ec="49" bec="2" bev="0" fileid="1" />
                <SequencePoint vc="0" uspid="191" ordinal="2" offset="34" sl="270" sc="13" el="270" ec="14" bec="0" bev="0" fileid="1" />
                <SequencePoint vc="0" uspid="192" ordinal="3" offset="35" sl="271" sc="17" el="271" ec="50" bec="0" bev="0" fileid="1" />
                <SequencePoint vc="0" uspid="193" ordinal="4" offset="56" sl="272" sc="17" el="272" ec="29" bec="0" bev="0" fileid="1" />
                <SequencePoint vc="0" uspid="194" ordinal="5" offset="64" sl="274" sc="13" el="274" ec="51" bec="0" bev="0" fileid="1" />
                <SequencePoint vc="0" uspid="195" ordinal="6" offset="73" sl="275" sc="13" el="275" ec="57" bec="0" bev="0" fileid="1" />
                <SequencePoint vc="0" uspid="196" ordinal="7" offset="82" sl="276" sc="13" el="276" ec="26" bec="0" bev="0" fileid="1" />
                <SequencePoint vc="0" uspid="197" ordinal="8" offset="86" sl="278" sc="13" el="278" ec="14" bec="0" bev="0" fileid="1" />
                <SequencePoint vc="0" uspid="198" ordinal="9" offset="87" sl="279" sc="17" el="279" ec="45" bec="2" bev="0" fileid="1" />
                <SequencePoint vc="0" uspid="199" ordinal="10" offset="115" sl="280" sc="17" el="280" ec="18" bec="0" bev="0" fileid="1" />
                <SequencePoint vc="0" uspid="200" ordinal="11" offset="116" sl="281" sc="21" el="281" ec="34" bec="2" bev="0" fileid="1" />
                <SequencePoint vc="0" uspid="201" ordinal="12" offset="126" sl="282" sc="25" el="282" ec="53" bec="0" bev="0" fileid="1" />
                <SequencePoint vc="0" uspid="202" ordinal="13" offset="141" sl="284" sc="25" el="284" ec="58" bec="0" bev="0" fileid="1" />
                <SequencePoint vc="0" uspid="203" ordinal="14" offset="162" sl="285" sc="21" el="285" ec="33" bec="0" bev="0" fileid="1" />
                <SequencePoint vc="0" uspid="204" ordinal="15" offset="167" sl="288" sc="17" el="288" ec="18" bec="0" bev="0" fileid="1" />
                <SequencePoint vc="0" uspid="205" ordinal="16" offset="168" sl="289" sc="21" el="289" ec="34" bec="2" bev="0" fileid="1" />
                <SequencePoint vc="0" uspid="206" ordinal="17" offset="178" sl="290" sc="21" el="290" ec="22" bec="0" bev="0" fileid="1" />
                <SequencePoint vc="0" uspid="207" ordinal="18" offset="179" sl="291" sc="25" el="291" ec="43" bec="0" bev="0" fileid="1" />
                <SequencePoint vc="0" uspid="208" ordinal="19" offset="181" sl="292" sc="21" el="292" ec="22" bec="0" bev="0" fileid="1" />
                <SequencePoint vc="0" uspid="209" ordinal="20" offset="182" sl="293" sc="21" el="293" ec="38" bec="0" bev="0" fileid="1" />
                <SequencePoint vc="0" uspid="210" ordinal="21" offset="189" sl="294" sc="17" el="294" ec="18" bec="0" bev="0" fileid="1" />
                <SequencePoint vc="0" uspid="211" ordinal="22" offset="190" sl="295" sc="17" el="295" ec="24" bec="0" bev="0" fileid="1" />
                <SequencePoint vc="0" uspid="212" ordinal="23" offset="194" sl="296" sc="13" el="296" ec="14" bec="0" bev="0" fileid="1" />
                <SequencePoint vc="0" uspid="213" ordinal="24" offset="195" sl="277" sc="13" el="277" ec="33" bec="0" bev="0" fileid="1" />
                <SequencePoint vc="0" uspid="214" ordinal="25" offset="205" sl="297" sc="13" el="297" ec="26" bec="0" bev="0" fileid="1" />
                <SequencePoint vc="0" uspid="215" ordinal="26" offset="210" sl="298" sc="9" el="298" ec="10" bec="0" bev="0" fileid="1" />
              </SequencePoints>
              <BranchPoints>
                <BranchPoint vc="0" uspid="216" ordinal="0" offset="32" sl="269" path="0" offsetend="34" fileid="1" />
                <BranchPoint vc="0" uspid="217" ordinal="1" offset="32" sl="269" path="1" offsetend="64" fileid="1" />
                <BranchPoint vc="0" uspid="218" ordinal="2" offset="113" sl="279" path="0" offsetend="115" fileid="1" />
                <BranchPoint vc="0" uspid="219" ordinal="3" offset="113" sl="279" path="1" offsetend="167" fileid="1" />
                <BranchPoint vc="0" uspid="220" ordinal="4" offset="124" sl="281" path="0" offsetend="126" fileid="1" />
                <BranchPoint vc="0" uspid="221" ordinal="5" offset="124" sl="281" path="1" offsetend="141" fileid="1" />
                <BranchPoint vc="0" uspid="222" ordinal="6" offset="176" sl="289" path="0" offsetend="178" fileid="1" />
                <BranchPoint vc="0" uspid="223" ordinal="7" offset="176" sl="289" path="1" offsetend="182" fileid="1" />
              </BranchPoints>
              <MethodPoint xsi:type="SequencePoint" vc="0" uspid="189" ordinal="0" offset="0" sl="268" sc="9" el="268" ec="10" bec="0" bev="0" fileid="1" />
            </Method>
            <Method visited="false" cyclomaticComplexity="10" nPathComplexity="512" sequenceCoverage="0" branchCoverage="0" crapScore="110" isConstructor="false" isStatic="false" isGetter="false" isSetter="false">
              <Summary numSequencePoints="31" visitedSequencePoints="0" numBranchPoints="19" visitedBranchPoints="0" sequenceCoverage="0" branchCoverage="0" maxCyclomaticComplexity="10" minCyclomaticComplexity="10" maxCrapScore="110" minCrapScore="110" visitedClasses="0" numClasses="0" visitedMethods="0" numMethods="1" />
              <MetadataToken>100663317</MetadataToken>
              <Name>System.Boolean MyCollectionLibrary.MyCollection`2::Remove(TVal)</Name>
              <FileRef uid="1" />
              <SequencePoints>
                <SequencePoint vc="0" uspid="224" ordinal="0" offset="0" sl="301" sc="9" el="301" ec="10" bec="0" bev="0" fileid="1" />
                <SequencePoint vc="0" uspid="225" ordinal="1" offset="1" sl="302" sc="13" el="302" ec="35" bec="2" bev="0" fileid="1" />
                <SequencePoint vc="0" uspid="226" ordinal="2" offset="14" sl="303" sc="17" el="303" ec="70" bec="0" bev="0" fileid="1" />
                <SequencePoint vc="0" uspid="227" ordinal="3" offset="25" sl="304" sc="13" el="304" ec="29" bec="2" bev="0" fileid="1" />
                <SequencePoint vc="0" uspid="228" ordinal="4" offset="38" sl="305" sc="17" el="305" ec="86" bec="0" bev="0" fileid="1" />
                <SequencePoint vc="0" uspid="229" ordinal="5" offset="49" sl="307" sc="18" el="307" ec="27" bec="0" bev="0" fileid="1" />
                <SequencePoint vc="0" uspid="230" ordinal="6" offset="56" sl="308" sc="13" el="308" ec="14" bec="0" bev="0" fileid="1" />
                <SequencePoint vc="0" uspid="231" ordinal="7" offset="57" sl="309" sc="17" el="309" ec="42" bec="2" bev="0" fileid="1" />
                <SequencePoint vc="0" uspid="232" ordinal="8" offset="75" sl="310" sc="17" el="310" ec="18" bec="0" bev="0" fileid="1" />
                <SequencePoint vc="0" uspid="233" ordinal="9" offset="76" sl="311" sc="21" el="311" ec="57" bec="2" bev="0" fileid="1" />
                <SequencePoint vc="0" uspid="234" ordinal="10" offset="111" sl="312" sc="21" el="312" ec="22" bec="0" bev="0" fileid="1" />
                <SequencePoint vc="0" uspid="235" ordinal="11" offset="112" sl="313" sc="25" el="313" ec="55" bec="2" bev="0" fileid="1" />
                <SequencePoint vc="0" uspid="236" ordinal="12" offset="134" sl="314" sc="25" el="314" ec="26" bec="0" bev="0" fileid="1" />
                <SequencePoint vc="0" uspid="237" ordinal="13" offset="135" sl="315" sc="29" el="315" ec="49" bec="0" bev="0" fileid="1" />
                <SequencePoint vc="0" uspid="238" ordinal="14" offset="144" sl="316" sc="29" el="316" ec="41" bec="0" bev="0" fileid="1" />
                <SequencePoint vc="0" uspid="239" ordinal="15" offset="149" sl="319" sc="25" el="319" ec="26" bec="0" bev="0" fileid="1" />
                <SequencePoint vc="0" uspid="240" ordinal="16" offset="150" sl="320" sc="29" el="320" ec="63" bec="2" bev="0" fileid="1" />
                <SequencePoint vc="0" uspid="241" ordinal="17" offset="164" sl="321" sc="33" el="321" ec="45" bec="0" bev="0" fileid="1" />
                <SequencePoint vc="0" uspid="242" ordinal="18" offset="169" sl="322" sc="25" el="322" ec="26" bec="0" bev="0" fileid="1" />
                <SequencePoint vc="0" uspid="243" ordinal="19" offset="170" sl="323" sc="25" el="323" ec="37" bec="0" bev="0" fileid="1" />
                <SequencePoint vc="0" uspid="244" ordinal="20" offset="175" sl="326" sc="21" el="326" ec="22" bec="0" bev="0" fileid="1" />
                <SequencePoint vc="0" uspid="245" ordinal="21" offset="176" sl="327" sc="25" el="327" ec="55" bec="2" bev="0" fileid="1" />
                <SequencePoint vc="0" uspid="246" ordinal="22" offset="198" sl="328" sc="29" el="328" ec="63" bec="2" bev="0" fileid="1" />
                <SequencePoint vc="0" uspid="247" ordinal="23" offset="212" sl="329" sc="33" el="329" ec="45" bec="0" bev="0" fileid="1" />
                <SequencePoint vc="0" uspid="248" ordinal="24" offset="217" sl="330" sc="21" el="330" ec="22" bec="0" bev="0" fileid="1" />
                <SequencePoint vc="0" uspid="249" ordinal="25" offset="218" sl="331" sc="17" el="331" ec="18" bec="0" bev="0" fileid="1" />
                <SequencePoint vc="0" uspid="250" ordinal="26" offset="219" sl="332" sc="13" el="332" ec="14" bec="0" bev="0" fileid="1" />
                <SequencePoint vc="0" uspid="251" ordinal="27" offset="220" sl="307" sc="51" el="307" ec="54" bec="0" bev="0" fileid="1" />
                <SequencePoint vc="0" uspid="252" ordinal="28" offset="224" sl="307" sc="29" el="307" ec="49" bec="2" bev="0" fileid="1" />
                <SequencePoint vc="0" uspid="253" ordinal="29" offset="244" sl="333" sc="13" el="333" ec="26" bec="0" bev="0" fileid="1" />
                <SequencePoint vc="0" uspid="254" ordinal="30" offset="249" sl="334" sc="9" el="334" ec="10" bec="0" bev="0" fileid="1" />
              </SequencePoints>
              <BranchPoints>
                <BranchPoint vc="0" uspid="255" ordinal="0" offset="12" sl="302" path="0" offsetend="14" fileid="1" />
                <BranchPoint vc="0" uspid="256" ordinal="1" offset="12" sl="302" path="1" offsetend="25" fileid="1" />
                <BranchPoint vc="0" uspid="257" ordinal="2" offset="36" sl="304" path="0" offsetend="38" fileid="1" />
                <BranchPoint vc="0" uspid="258" ordinal="3" offset="36" sl="304" path="1" offsetend="49" fileid="1" />
                <BranchPoint vc="0" uspid="259" ordinal="4" offset="70" sl="309" path="0" offsetend="75" fileid="1" />
                <BranchPoint vc="0" uspid="260" ordinal="5" offset="70" sl="309" path="1" offsetend="219" fileid="1" />
                <BranchPoint vc="0" uspid="261" ordinal="6" offset="109" sl="311" path="0" offsetend="111" fileid="1" />
                <BranchPoint vc="0" uspid="262" ordinal="7" offset="109" sl="311" path="1" offsetend="175" fileid="1" />
                <BranchPoint vc="0" uspid="263" ordinal="8" offset="132" sl="313" path="0" offsetend="134" fileid="1" />
                <BranchPoint vc="0" uspid="264" ordinal="9" offset="132" sl="313" path="1" offsetend="149" fileid="1" />
                <BranchPoint vc="0" uspid="265" ordinal="10" offset="162" sl="320" path="0" offsetend="164" fileid="1" />
                <BranchPoint vc="0" uspid="266" ordinal="11" offset="162" sl="320" path="1" offsetend="169" fileid="1" />
                <BranchPoint vc="0" uspid="267" ordinal="12" offset="196" sl="327" path="0" offsetend="198" fileid="1" />
                <BranchPoint vc="0" uspid="268" ordinal="13" offset="196" sl="327" path="1" offsetend="217" fileid="1" />
                <BranchPoint vc="0" uspid="269" ordinal="14" offset="210" sl="328" path="0" offsetend="212" fileid="1" />
                <BranchPoint vc="0" uspid="270" ordinal="15" offset="210" sl="328" path="1" offsetend="217" fileid="1" />
                <BranchPoint vc="0" uspid="271" ordinal="16" offset="239" sl="307" path="0" offsetend="244" fileid="1" />
                <BranchPoint vc="0" uspid="272" ordinal="17" offset="239" sl="307" path="1" offsetend="56" fileid="1" />
              </BranchPoints>
              <MethodPoint xsi:type="SequencePoint" vc="0" uspid="224" ordinal="0" offset="0" sl="301" sc="9" el="301" ec="10" bec="0" bev="0" fileid="1" />
            </Method>
            <Method visited="false" cyclomaticComplexity="1" nPathComplexity="0" sequenceCoverage="0" branchCoverage="0" crapScore="2" isConstructor="false" isStatic="false" isGetter="false" isSetter="false">
              <Summary numSequencePoints="3" visitedSequencePoints="0" numBranchPoints="1" visitedBranchPoints="0" sequenceCoverage="0" branchCoverage="0" maxCyclomaticComplexity="1" minCyclomaticComplexity="1" maxCrapScore="2" minCrapScore="2" visitedClasses="0" numClasses="0" visitedMethods="0" numMethods="1" />
              <MetadataToken>100663318</MetadataToken>
              <Name>System.Boolean MyCollectionLibrary.MyCollection`2::Remove(System.Collections.Generic.KeyValuePair`2&lt;TKey,TVal&gt;)</Name>
              <FileRef uid="1" />
              <SequencePoints>
                <SequencePoint vc="0" uspid="273" ordinal="0" offset="0" sl="337" sc="9" el="337" ec="10" bec="0" bev="0" fileid="1" />
                <SequencePoint vc="0" uspid="274" ordinal="1" offset="1" sl="338" sc="13" el="338" ec="41" bec="0" bev="0" fileid="1" />
                <SequencePoint vc="0" uspid="275" ordinal="2" offset="17" sl="339" sc="9" el="339" ec="10" bec="0" bev="0" fileid="1" />
              </SequencePoints>
              <BranchPoints />
              <MethodPoint xsi:type="SequencePoint" vc="0" uspid="273" ordinal="0" offset="0" sl="337" sc="9" el="337" ec="10" bec="0" bev="0" fileid="1" />
            </Method>
            <Method visited="false" cyclomaticComplexity="10" nPathComplexity="512" sequenceCoverage="0" branchCoverage="0" crapScore="110" isConstructor="false" isStatic="false" isGetter="false" isSetter="false">
              <Summary numSequencePoints="39" visitedSequencePoints="0" numBranchPoints="19" visitedBranchPoints="0" sequenceCoverage="0" branchCoverage="0" maxCyclomaticComplexity="10" minCyclomaticComplexity="10" maxCrapScore="110" minCrapScore="110" visitedClasses="0" numClasses="0" visitedMethods="0" numMethods="1" />
              <MetadataToken>100663319</MetadataToken>
              <Name>System.Boolean MyCollectionLibrary.MyCollection`2::Remove(TKey)</Name>
              <FileRef uid="1" />
              <SequencePoints>
                <SequencePoint vc="0" uspid="276" ordinal="0" offset="0" sl="342" sc="9" el="342" ec="10" bec="0" bev="0" fileid="1" />
                <SequencePoint vc="0" uspid="277" ordinal="1" offset="1" sl="343" sc="13" el="343" ec="35" bec="2" bev="0" fileid="1" />
                <SequencePoint vc="0" uspid="278" ordinal="2" offset="14" sl="344" sc="17" el="344" ec="70" bec="0" bev="0" fileid="1" />
                <SequencePoint vc="0" uspid="279" ordinal="3" offset="25" sl="345" sc="13" el="345" ec="29" bec="2" bev="0" fileid="1" />
                <SequencePoint vc="0" uspid="280" ordinal="4" offset="38" sl="346" sc="17" el="346" ec="86" bec="0" bev="0" fileid="1" />
                <SequencePoint vc="0" uspid="281" ordinal="5" offset="49" sl="347" sc="13" el="347" ec="74" bec="0" bev="0" fileid="1" />
                <SequencePoint vc="0" uspid="282" ordinal="6" offset="77" sl="348" sc="13" el="348" ec="42" bec="2" bev="0" fileid="1" />
                <SequencePoint vc="0" uspid="283" ordinal="7" offset="92" sl="349" sc="17" el="349" ec="30" bec="0" bev="0" fileid="1" />
                <SequencePoint vc="0" uspid="284" ordinal="8" offset="100" sl="350" sc="13" el="350" ec="47" bec="2" bev="0" fileid="1" />
                <SequencePoint vc="0" uspid="285" ordinal="9" offset="122" sl="351" sc="13" el="351" ec="14" bec="0" bev="0" fileid="1" />
                <SequencePoint vc="0" uspid="286" ordinal="10" offset="123" sl="352" sc="17" el="352" ec="41" bec="0" bev="0" fileid="1" />
                <SequencePoint vc="0" uspid="287" ordinal="11" offset="132" sl="353" sc="17" el="353" ec="29" bec="0" bev="0" fileid="1" />
                <SequencePoint vc="0" uspid="288" ordinal="12" offset="140" sl="356" sc="13" el="356" ec="14" bec="0" bev="0" fileid="1" />
                <SequencePoint vc="0" uspid="289" ordinal="13" offset="141" sl="357" sc="17" el="357" ec="55" bec="2" bev="0" fileid="1" />
                <SequencePoint vc="0" uspid="290" ordinal="14" offset="176" sl="358" sc="17" el="358" ec="18" bec="0" bev="0" fileid="1" />
                <SequencePoint vc="0" uspid="291" ordinal="15" offset="177" sl="359" sc="21" el="359" ec="62" bec="0" bev="0" fileid="1" />
                <SequencePoint vc="0" uspid="292" ordinal="16" offset="198" sl="360" sc="21" el="360" ec="33" bec="0" bev="0" fileid="1" />
                <SequencePoint vc="0" uspid="293" ordinal="17" offset="206" sl="362" sc="17" el="362" ec="59" bec="0" bev="0" fileid="1" />
                <SequencePoint vc="0" uspid="294" ordinal="18" offset="216" sl="363" sc="17" el="363" ec="65" bec="0" bev="0" fileid="1" />
                <SequencePoint vc="0" uspid="295" ordinal="19" offset="226" sl="364" sc="17" el="364" ec="30" bec="0" bev="0" fileid="1" />
                <SequencePoint vc="0" uspid="296" ordinal="20" offset="231" sl="366" sc="17" el="366" ec="18" bec="0" bev="0" fileid="1" />
                <SequencePoint vc="0" uspid="297" ordinal="21" offset="232" sl="368" sc="21" el="368" ec="47" bec="2" bev="0" fileid="1" />
                <SequencePoint vc="0" uspid="298" ordinal="22" offset="261" sl="369" sc="21" el="369" ec="22" bec="0" bev="0" fileid="1" />
                <SequencePoint vc="0" uspid="299" ordinal="23" offset="262" sl="370" sc="25" el="370" ec="38" bec="2" bev="0" fileid="1" />
                <SequencePoint vc="0" uspid="300" ordinal="24" offset="273" sl="371" sc="29" el="371" ec="57" bec="0" bev="0" fileid="1" />
                <SequencePoint vc="0" uspid="301" ordinal="25" offset="290" sl="373" sc="29" el="373" ec="70" bec="0" bev="0" fileid="1" />
                <SequencePoint vc="0" uspid="302" ordinal="26" offset="311" sl="374" sc="25" el="374" ec="37" bec="0" bev="0" fileid="1" />
                <SequencePoint vc="0" uspid="303" ordinal="27" offset="316" sl="377" sc="21" el="377" ec="22" bec="0" bev="0" fileid="1" />
                <SequencePoint vc="0" uspid="304" ordinal="28" offset="317" sl="378" sc="25" el="378" ec="38" bec="2" bev="0" fileid="1" />
                <SequencePoint vc="0" uspid="305" ordinal="29" offset="328" sl="379" sc="25" el="379" ec="26" bec="0" bev="0" fileid="1" />
                <SequencePoint vc="0" uspid="306" ordinal="30" offset="329" sl="380" sc="29" el="380" ec="47" bec="0" bev="0" fileid="1" />
                <SequencePoint vc="0" uspid="307" ordinal="31" offset="333" sl="381" sc="25" el="381" ec="26" bec="0" bev="0" fileid="1" />
                <SequencePoint vc="0" uspid="308" ordinal="32" offset="334" sl="382" sc="25" el="382" ec="42" bec="0" bev="0" fileid="1" />
                <SequencePoint vc="0" uspid="309" ordinal="33" offset="343" sl="383" sc="21" el="383" ec="22" bec="0" bev="0" fileid="1" />
                <SequencePoint vc="0" uspid="310" ordinal="34" offset="344" sl="384" sc="21" el="384" ec="28" bec="0" bev="0" fileid="1" />
                <SequencePoint vc="0" uspid="311" ordinal="35" offset="350" sl="385" sc="17" el="385" ec="18" bec="0" bev="0" fileid="1" />
                <SequencePoint vc="0" uspid="312" ordinal="36" offset="351" sl="365" sc="17" el="365" ec="37" bec="2" bev="0" fileid="1" />
                <SequencePoint vc="0" uspid="313" ordinal="37" offset="365" sl="386" sc="17" el="386" ec="30" bec="0" bev="0" fileid="1" />
                <SequencePoint vc="0" uspid="314" ordinal="38" offset="370" sl="388" sc="9" el="388" ec="10" bec="0" bev="0" fileid="1" />
              </SequencePoints>
              <BranchPoints>
                <BranchPoint vc="0" uspid="315" ordinal="0" offset="12" sl="343" path="0" offsetend="14" fileid="1" />
                <BranchPoint vc="0" uspid="316" ordinal="1" offset="12" sl="343" path="1" offsetend="25" fileid="1" />
                <BranchPoint vc="0" uspid="317" ordinal="2" offset="36" sl="345" path="0" offsetend="38" fileid="1" />
                <BranchPoint vc="0" uspid="318" ordinal="3" offset="36" sl="345" path="1" offsetend="49" fileid="1" />
                <BranchPoint vc="0" uspid="319" ordinal="4" offset="90" sl="348" path="0" offsetend="92" fileid="1" />
                <BranchPoint vc="0" uspid="320" ordinal="5" offset="90" sl="348" path="1" offsetend="100" fileid="1" />
                <BranchPoint vc="0" uspid="321" ordinal="6" offset="120" sl="350" path="0" offsetend="122" fileid="1" />
                <BranchPoint vc="0" uspid="322" ordinal="7" offset="120" sl="350" path="1" offsetend="140" fileid="1" />
                <BranchPoint vc="0" uspid="323" ordinal="8" offset="174" sl="357" path="0" offsetend="176" fileid="1" />
                <BranchPoint vc="0" uspid="324" ordinal="9" offset="174" sl="357" path="1" offsetend="206" fileid="1" />
                <BranchPoint vc="0" uspid="325" ordinal="10" offset="259" sl="368" path="0" offsetend="261" fileid="1" />
                <BranchPoint vc="0" uspid="326" ordinal="11" offset="259" sl="368" path="1" offsetend="316" fileid="1" />
                <BranchPoint vc="0" uspid="327" ordinal="12" offset="271" sl="370" path="0" offsetend="273" fileid="1" />
                <BranchPoint vc="0" uspid="328" ordinal="13" offset="271" sl="370" path="1" offsetend="290" fileid="1" />
                <BranchPoint vc="0" uspid="329" ordinal="14" offset="326" sl="378" path="0" offsetend="328" fileid="1" />
                <BranchPoint vc="0" uspid="330" ordinal="15" offset="326" sl="378" path="1" offsetend="334" fileid="1" />
                <BranchPoint vc="0" uspid="331" ordinal="16" offset="360" sl="365" path="0" offsetend="365" fileid="1" />
                <BranchPoint vc="0" uspid="332" ordinal="17" offset="360" sl="365" path="1" offsetend="231" fileid="1" />
              </BranchPoints>
              <MethodPoint xsi:type="SequencePoint" vc="0" uspid="276" ordinal="0" offset="0" sl="342" sc="9" el="342" ec="10" bec="0" bev="0" fileid="1" />
            </Method>
            <Method visited="false" cyclomaticComplexity="2" nPathComplexity="2" sequenceCoverage="0" branchCoverage="0" crapScore="6" isConstructor="false" isStatic="false" isGetter="false" isSetter="false">
              <Summary numSequencePoints="9" visitedSequencePoints="0" numBranchPoints="3" visitedBranchPoints="0" sequenceCoverage="0" branchCoverage="0" maxCyclomaticComplexity="2" minCyclomaticComplexity="2" maxCrapScore="6" minCrapScore="6" visitedClasses="0" numClasses="0" visitedMethods="0" numMethods="1" />
              <MetadataToken>100663320</MetadataToken>
              <Name>System.Boolean MyCollectionLibrary.MyCollection`2::TryGetValue(TKey,TVal&amp;)</Name>
              <FileRef uid="1" />
              <SequencePoints>
                <SequencePoint vc="0" uspid="333" ordinal="0" offset="0" sl="391" sc="9" el="391" ec="10" bec="0" bev="0" fileid="1" />
                <SequencePoint vc="0" uspid="334" ordinal="1" offset="1" sl="392" sc="13" el="392" ec="35" bec="2" bev="0" fileid="1" />
                <SequencePoint vc="0" uspid="335" ordinal="2" offset="15" sl="393" sc="13" el="393" ec="14" bec="0" bev="0" fileid="1" />
                <SequencePoint vc="0" uspid="336" ordinal="3" offset="16" sl="394" sc="17" el="394" ec="37" bec="0" bev="0" fileid="1" />
                <SequencePoint vc="0" uspid="337" ordinal="4" offset="23" sl="395" sc="17" el="395" ec="30" bec="0" bev="0" fileid="1" />
                <SequencePoint vc="0" uspid="338" ordinal="5" offset="27" sl="398" sc="13" el="398" ec="74" bec="0" bev="0" fileid="1" />
                <SequencePoint vc="0" uspid="339" ordinal="6" offset="55" sl="399" sc="13" el="399" ec="42" bec="0" bev="0" fileid="1" />
                <SequencePoint vc="0" uspid="340" ordinal="7" offset="74" sl="400" sc="13" el="400" ec="25" bec="0" bev="0" fileid="1" />
                <SequencePoint vc="0" uspid="341" ordinal="8" offset="78" sl="402" sc="9" el="402" ec="10" bec="0" bev="0" fileid="1" />
              </SequencePoints>
              <BranchPoints>
                <BranchPoint vc="0" uspid="342" ordinal="0" offset="13" sl="392" path="0" offsetend="15" fileid="1" />
                <BranchPoint vc="0" uspid="343" ordinal="1" offset="13" sl="392" path="1" offsetend="27" fileid="1" />
              </BranchPoints>
              <MethodPoint xsi:type="SequencePoint" vc="0" uspid="333" ordinal="0" offset="0" sl="391" sc="9" el="391" ec="10" bec="0" bev="0" fileid="1" />
            </Method>
            <Method visited="false" cyclomaticComplexity="6" nPathComplexity="16" sequenceCoverage="0" branchCoverage="0" crapScore="42" isConstructor="false" isStatic="false" isGetter="false" isSetter="false">
              <Summary numSequencePoints="19" visitedSequencePoints="0" numBranchPoints="9" visitedBranchPoints="0" sequenceCoverage="0" branchCoverage="0" maxCyclomaticComplexity="6" minCyclomaticComplexity="6" maxCrapScore="42" minCrapScore="42" visitedClasses="0" numClasses="0" visitedMethods="0" numMethods="1" />
              <MetadataToken>100663321</MetadataToken>
              <Name>System.Boolean MyCollectionLibrary.MyCollection`2::Contains(System.Collections.Generic.KeyValuePair`2&lt;TKey,TVal&gt;)</Name>
              <FileRef uid="1" />
              <SequencePoints>
                <SequencePoint vc="0" uspid="344" ordinal="0" offset="0" sl="405" sc="9" el="405" ec="10" bec="0" bev="0" fileid="1" />
                <SequencePoint vc="0" uspid="345" ordinal="1" offset="1" sl="406" sc="13" el="406" ec="35" bec="2" bev="0" fileid="1" />
                <SequencePoint vc="0" uspid="346" ordinal="2" offset="14" sl="407" sc="17" el="407" ec="84" bec="0" bev="0" fileid="1" />
                <SequencePoint vc="0" uspid="347" ordinal="3" offset="25" sl="408" sc="13" el="408" ec="79" bec="0" bev="0" fileid="1" />
                <SequencePoint vc="0" uspid="348" ordinal="4" offset="61" sl="409" sc="13" el="409" ec="42" bec="2" bev="0" fileid="1" />
                <SequencePoint vc="0" uspid="349" ordinal="5" offset="76" sl="410" sc="17" el="410" ec="30" bec="0" bev="0" fileid="1" />
                <SequencePoint vc="0" uspid="350" ordinal="6" offset="84" sl="411" sc="13" el="411" ec="47" bec="2" bev="0" fileid="1" />
                <SequencePoint vc="0" uspid="351" ordinal="7" offset="106" sl="412" sc="13" el="412" ec="14" bec="0" bev="0" fileid="1" />
                <SequencePoint vc="0" uspid="352" ordinal="8" offset="107" sl="413" sc="17" el="413" ec="67" bec="0" bev="0" fileid="1" />
                <SequencePoint vc="0" uspid="353" ordinal="9" offset="146" sl="416" sc="13" el="416" ec="14" bec="0" bev="0" fileid="1" />
                <SequencePoint vc="0" uspid="354" ordinal="10" offset="147" sl="417" sc="17" el="417" ec="59" bec="0" bev="0" fileid="1" />
                <SequencePoint vc="0" uspid="355" ordinal="11" offset="159" sl="419" sc="17" el="419" ec="18" bec="0" bev="0" fileid="1" />
                <SequencePoint vc="0" uspid="356" ordinal="12" offset="160" sl="420" sc="21" el="420" ec="56" bec="2" bev="0" fileid="1" />
                <SequencePoint vc="0" uspid="357" ordinal="13" offset="195" sl="421" sc="25" el="421" ec="37" bec="0" bev="0" fileid="1" />
                <SequencePoint vc="0" uspid="358" ordinal="14" offset="200" sl="423" sc="25" el="423" ec="42" bec="0" bev="0" fileid="1" />
                <SequencePoint vc="0" uspid="359" ordinal="15" offset="209" sl="424" sc="17" el="424" ec="18" bec="0" bev="0" fileid="1" />
                <SequencePoint vc="0" uspid="360" ordinal="16" offset="210" sl="418" sc="17" el="418" ec="37" bec="0" bev="0" fileid="1" />
                <SequencePoint vc="0" uspid="361" ordinal="17" offset="221" sl="425" sc="17" el="425" ec="30" bec="0" bev="0" fileid="1" />
                <SequencePoint vc="0" uspid="362" ordinal="18" offset="226" sl="427" sc="9" el="427" ec="10" bec="0" bev="0" fileid="1" />
              </SequencePoints>
              <BranchPoints>
                <BranchPoint vc="0" uspid="363" ordinal="0" offset="12" sl="406" path="0" offsetend="14" fileid="1" />
                <BranchPoint vc="0" uspid="364" ordinal="1" offset="12" sl="406" path="1" offsetend="25" fileid="1" />
                <BranchPoint vc="0" uspid="365" ordinal="2" offset="74" sl="409" path="0" offsetend="76" fileid="1" />
                <BranchPoint vc="0" uspid="366" ordinal="3" offset="74" sl="409" path="1" offsetend="84" fileid="1" />
                <BranchPoint vc="0" uspid="367" ordinal="4" offset="104" sl="411" path="0" offsetend="106" fileid="1" />
                <BranchPoint vc="0" uspid="368" ordinal="5" offset="104" sl="411" path="1" offsetend="146" fileid="1" />
                <BranchPoint vc="0" uspid="369" ordinal="6" offset="193" sl="420" path="0" offsetend="195" fileid="1" />
                <BranchPoint vc="0" uspid="370" ordinal="7" offset="193" sl="420" path="1" offsetend="200" fileid="1" />
              </BranchPoints>
              <MethodPoint xsi:type="SequencePoint" vc="0" uspid="344" ordinal="0" offset="0" sl="405" sc="9" el="405" ec="10" bec="0" bev="0" fileid="1" />
            </Method>
            <Method visited="false" cyclomaticComplexity="6" nPathComplexity="16" sequenceCoverage="0" branchCoverage="0" crapScore="42" isConstructor="false" isStatic="false" isGetter="false" isSetter="false">
              <Summary numSequencePoints="19" visitedSequencePoints="0" numBranchPoints="9" visitedBranchPoints="0" sequenceCoverage="0" branchCoverage="0" maxCyclomaticComplexity="6" minCyclomaticComplexity="6" maxCrapScore="42" minCrapScore="42" visitedClasses="0" numClasses="0" visitedMethods="0" numMethods="1" />
              <MetadataToken>100663322</MetadataToken>
              <Name>System.Boolean MyCollectionLibrary.MyCollection`2::ContainsKey(TKey)</Name>
              <FileRef uid="1" />
              <SequencePoints>
                <SequencePoint vc="0" uspid="371" ordinal="0" offset="0" sl="430" sc="9" el="430" ec="10" bec="0" bev="0" fileid="1" />
                <SequencePoint vc="0" uspid="372" ordinal="1" offset="1" sl="431" sc="13" el="431" ec="35" bec="2" bev="0" fileid="1" />
                <SequencePoint vc="0" uspid="373" ordinal="2" offset="14" sl="432" sc="17" el="432" ec="84" bec="0" bev="0" fileid="1" />
                <SequencePoint vc="0" uspid="374" ordinal="3" offset="25" sl="434" sc="13" el="434" ec="74" bec="0" bev="0" fileid="1" />
                <SequencePoint vc="0" uspid="375" ordinal="4" offset="53" sl="435" sc="13" el="435" ec="42" bec="2" bev="0" fileid="1" />
                <SequencePoint vc="0" uspid="376" ordinal="5" offset="68" sl="436" sc="17" el="436" ec="30" bec="0" bev="0" fileid="1" />
                <SequencePoint vc="0" uspid="377" ordinal="6" offset="72" sl="437" sc="13" el="437" ec="47" bec="2" bev="0" fileid="1" />
                <SequencePoint vc="0" uspid="378" ordinal="7" offset="94" sl="438" sc="13" el="438" ec="14" bec="0" bev="0" fileid="1" />
                <SequencePoint vc="0" uspid="379" ordinal="8" offset="95" sl="439" sc="17" el="439" ec="58" bec="0" bev="0" fileid="1" />
                <SequencePoint vc="0" uspid="380" ordinal="9" offset="127" sl="442" sc="13" el="442" ec="14" bec="0" bev="0" fileid="1" />
                <SequencePoint vc="0" uspid="381" ordinal="10" offset="128" sl="443" sc="17" el="443" ec="59" bec="0" bev="0" fileid="1" />
                <SequencePoint vc="0" uspid="382" ordinal="11" offset="140" sl="445" sc="17" el="445" ec="18" bec="0" bev="0" fileid="1" />
                <SequencePoint vc="0" uspid="383" ordinal="12" offset="141" sl="446" sc="21" el="446" ec="47" bec="2" bev="0" fileid="1" />
                <SequencePoint vc="0" uspid="384" ordinal="13" offset="170" sl="447" sc="25" el="447" ec="37" bec="0" bev="0" fileid="1" />
                <SequencePoint vc="0" uspid="385" ordinal="14" offset="174" sl="449" sc="25" el="449" ec="42" bec="0" bev="0" fileid="1" />
                <SequencePoint vc="0" uspid="386" ordinal="15" offset="183" sl="450" sc="17" el="450" ec="18" bec="0" bev="0" fileid="1" />
                <SequencePoint vc="0" uspid="387" ordinal="16" offset="184" sl="444" sc="17" el="444" ec="37" bec="0" bev="0" fileid="1" />
                <SequencePoint vc="0" uspid="388" ordinal="17" offset="195" sl="451" sc="17" el="451" ec="30" bec="0" bev="0" fileid="1" />
                <SequencePoint vc="0" uspid="389" ordinal="18" offset="199" sl="453" sc="9" el="453" ec="10" bec="0" bev="0" fileid="1" />
              </SequencePoints>
              <BranchPoints>
[...]
            </Method>
            <Method visited="false" cyclomaticComplexity="1" nPathComplexity="0" sequenceCoverage="0" branchCoverage="0" crapScore="2" isConstructor="false" isStatic="false" isGetter="false" isSetter="false">
              <Summary numSequencePoints="0" visitedSequencePoints="0" numBranchPoints="0" visitedBranchPoints="0" sequenceCoverage="0" branchCoverage="0" maxCyclomaticComplexity="1" minCyclomaticComplexity="1" maxCrapScore="2" minCrapScore="2" visitedClasses="0" numClasses="0" visitedMethods="0" numMethods="0" />
              <MetadataToken>100663361</MetadataToken>
              <Name>System.Collections.IEnumerator MyCollectionLibrary.MyCollectionExtensions/&lt;SelectionOnCondition&gt;d__0`2::System.Collections.IEnumerable.GetEnumerator()</Name>
              <SequencePoints />
              <BranchPoints />
              <MethodPoint vc="0" uspid="623" ordinal="0" offset="0" />
            </Method>
          </Methods>
        </Class>
        <Class>
          <Summary numSequencePoints="51" visitedSequencePoints="15" numBranchPoints="17" visitedBranchPoints="4" sequenceCoverage="29.41" branchCoverage="23.53" maxCyclomaticComplexity="2" minCyclomaticComplexity="1" maxCrapScore="6" minCrapScore="1" visitedClasses="1" numClasses="1" visitedMethods="4" numMethods="11" />
          <FullName>MyCollectionLibrary.Point`2</FullName>
          <Methods>
            <Method visited="true" cyclomaticComplexity="1" nPathComplexity="0" sequenceCoverage="100" branchCoverage="100" crapScore="1" isConstructor="false" isStatic="false" isGetter="true" isSetter="false">
              <Summary numSequencePoints="3" visitedSequencePoints="3" numBranchPoints="1" visitedBranchPoints="1" sequenceCoverage="100" branchCoverage="100" maxCyclomaticComplexity="1" minCyclomaticComplexity="1" maxCrapScore="1" minCrapScore="1" visitedClasses="0" numClasses="0" visitedMethods="1" numMethods="1" />
              <MetadataToken>100663333</MetadataToken>
              <Name>TKey MyCollectionLibrary.Point`2::get_Key()</Name>
              <FileRef uid="6" />
              <SequencePoints>
                <SequencePoint vc="24" uspid="624" ordinal="0" offset="0" sl="19" sc="17" el="19" ec="18" bec="0" bev="0" fileid="6" />
                <SequencePoint vc="24" uspid="625" ordinal="1" offset="1" sl="19" sc="19" el="19" ec="30" bec="0" bev="0" fileid="6" />
                <SequencePoint vc="24" uspid="626" ordinal="2" offset="10" sl="19" sc="31" el="19" ec="32" bec="0" bev="0" fileid="6" />
              </SequencePoints>
              <BranchPoints />
              <MethodPoint xsi:type="SequencePoint" vc="24" uspid="624" ordinal="0" offset="0" sl="19" sc="17" el="19" ec="18" bec="0" bev="0" fileid="6" />
            </Method>
            <Method visited="true" cyclomaticComplexity="1" nPathComplexity="0" sequenceCoverage="100" branchCoverage="100" crapScore="1" isConstructor="false" isStatic="false" isGetter="true" isSetter="false">
              <Summary numSequencePoints="3" visitedSequencePoints="3" numBranchPoints="1" visitedBranchPoints="1" sequenceCoverage="100" branchCoverage="100" maxCyclomaticComplexity="1" minCyclomaticComplexity="1" maxCrapScore="1" minCrapScore="1" visitedClasses="0" numClasses="0" visitedMethods="1" numMethods="1" />
              <MetadataToken>100663334</MetadataToken>
              <Name>TVal MyCollectionLibrary.Point`2::get_Value()</Name>
              <FileRef uid="6" />
              <SequencePoints>
                <SequencePoint vc="8" uspid="627" ordinal="0" offset="0" sl="24" sc="17" el="24" ec="18" bec="0" bev="0" fileid="6" />
                <SequencePoint vc="8" uspid="628" ordinal="1" offset="1" sl="24" sc="19" el="24" ec="32" bec="0" bev="0" fileid="6" />
                <SequencePoint vc="8" uspid="629" ordinal="2" offset="10" sl="24" sc="33" el="24" ec="34" bec="0" bev="0" fileid="6" />
              </SequencePoints>
              <BranchPoints />
              <MethodPoint xsi:type="SequencePoint" vc="8" uspid="627" ordinal="0" offset="0" sl="24" sc="17" el="24" ec="18" bec="0" bev="0" fileid="6" />
            </Method>
            <Method visited="false" cyclomaticComplexity="1" nPathComplexity="0" sequenceCoverage="0" branchCoverage="0" crapScore="2" isConstructor="false" isStatic="false" isGetter="false" isSetter="true">
              <Summary numSequencePoints="3" visitedSequencePoints="0" numBranchPoints="1" visitedBranchPoints="0" sequenceCoverage="0" branchCoverage="0" maxCyclomaticComplexity="1" minCyclomaticComplexity="1" maxCrapScore="2" minCrapScore="2" visitedClasses="0" numClasses="0" visitedMethods="0" numMethods="1" />
              <MetadataToken>100663335</MetadataToken>
              <Name>System.Void MyCollectionLibrary.Point`2::set_Value(TVal)</Name>
              <FileRef uid="6" />
              <SequencePoints>
                <SequencePoint vc="0" uspid="630" ordinal="0" offset="0" sl="25" sc="17" el="25" ec="18" bec="0" bev="0" fileid="6" />
                <SequencePoint vc="0" uspid="631" ordinal="1" offset="1" sl="25" sc="19" el="25" ec="38" bec="0" bev="0" fileid="6" />
                <SequencePoint vc="0" uspid="632" ordinal="2" offset="8" sl="25" sc="39" el="25" ec="40" bec="0" bev="0" fileid="6" />
              </SequencePoints>
              <BranchPoints />
              <MethodPoint xsi:type="SequencePoint" vc="0" uspid="630" ordinal="0" offset="0" sl="25" sc="17" el="25" ec="18" bec="0" bev="0" fileid="6" />
            </Method>
            <Method visited="true" cyclomaticComplexity="1" nPathComplexity="0" sequenceCoverage="100" branchCoverage="100" crapScore="1" isConstructor="false" isStatic="false" isGetter="true" isSetter="false">
              <Summary numSequencePoints="3" visitedSequencePoints="3" numBranchPoints="1" visitedBranchPoints="1" sequenceCoverage="100" branchCoverage="100" maxCyclomaticComplexity="1" minCyclomaticComplexity="1" maxCrapScore="1" minCrapScore="1" visitedClasses="0" numClasses="0" visitedMethods="1" numMethods="1" />
              <MetadataToken>100663336</MetadataToken>
              <Name>MyCollectionLibrary.Point`2&lt;TKey,TVal&gt; MyCollectionLibrary.Point`2::get_Next()</Name>
              <FileRef uid="6" />
              <SequencePoints>
                <SequencePoint vc="8" uspid="633" ordinal="0" offset="0" sl="30" sc="17" el="30" ec="18" bec="0" bev="0" fileid="6" />
                <SequencePoint vc="8" uspid="634" ordinal="1" offset="1" sl="30" sc="19" el="30" ec="31" bec="0" bev="0" fileid="6" />
                <SequencePoint vc="8" uspid="635" ordinal="2" offset="10" sl="30" sc="32" el="30" ec="33" bec="0" bev="0" fileid="6" />
              </SequencePoints>
              <BranchPoints />
              <MethodPoint xsi:type="SequencePoint" vc="8" uspid="633" ordinal="0" offset="0" sl="30" sc="17" el="30" ec="18" bec="0" bev="0" fileid="6" />
            </Method>
            <Method visited="false" cyclomaticComplexity="1" nPathComplexity="0" sequenceCoverage="0" branchCoverage="0" crapScore="2" isConstructor="false" isStatic="false" isGetter="false" isSetter="true">
              <Summary numSequencePoints="3" visitedSequencePoints="0" numBranchPoints="1" visitedBranchPoints="0" sequenceCoverage="0" branchCoverage="0" maxCyclomaticComplexity="1" minCyclomaticComplexity="1" maxCrapScore="2" minCrapScore="2" visitedClasses="0" numClasses="0" visitedMethods="0" numMethods="1" />
              <MetadataToken>100663337</MetadataToken>
              <Name>System.Void MyCollectionLibrary.Point`2::set_Next(MyCollectionLibrary.Point`2&lt;TKey,TVal&gt;)</Name>
              <FileRef uid="6" />
              <SequencePoints>
                <SequencePoint vc="0" uspid="636" ordinal="0" offset="0" sl="31" sc="17" el="31" ec="18" bec="0" bev="0" fileid="6" />
                <SequencePoint vc="0" uspid="637" ordinal="1" offset="1" sl="31" sc="19" el="31" ec="32" bec="0" bev="0" fileid="6" />
                <SequencePoint vc="0" uspid="638" ordinal="2" offset="8" sl="31" sc="33" el="31" ec="34" bec="0" bev="0" fileid="6" />
              </SequencePoints>
              <BranchPoints />
              <MethodPoint xsi:type="SequencePoint" vc="0" uspid="636" ordinal="0" offset="0" sl="31" sc="17" el="31" ec="18" bec="0" bev="0" fileid="6" />
            </Method>
            <Method visited="true" cyclomaticComplexity="1" nPathComplexity="0" sequenceCoverage="100" branchCoverage="100" crapScore="1" isConstructor="true" isStatic="false" isGetter="false" isSetter="false">
              <Summary numSequencePoints="6" visitedSequencePoints="6" numBranchPoints="1" visitedBranchPoints="1" sequenceCoverage="100" branchCoverage="100" maxCyclomaticComplexity="1" minCyclomaticComplexity="1" maxCrapScore="1" minCrapScore="1" visitedClasses="0" numClasses="0" visitedMethods="1" numMethods="1" />
              <MetadataToken>100663338</MetadataToken>
              <Name>System.Void MyCollectionLibrary.Point`2::.ctor(TKey,TVal,System.Int32)</Name>
              <FileRef uid="6" />
              <SequencePoints>
                <SequencePoint vc="8" uspid="639" ordinal="0" offset="0" sl="34" sc="9" el="34" ec="55" bec="0" bev="0" fileid="6" />
                <SequencePoint vc="8" uspid="640" ordinal="1" offset="7" sl="35" sc="9" el="35" ec="10" bec="0" bev="0" fileid="6" />
                <SequencePoint vc="8" uspid="641" ordinal="2" offset="8" sl="36" sc="13" el="36" ec="25" bec="0" bev="0" fileid="6" />
                <SequencePoint vc="8" uspid="642" ordinal="3" offset="15" sl="37" sc="13" el="37" ec="28" bec="0" bev="0" fileid="6" />
                <SequencePoint vc="8" uspid="643" ordinal="4" offset="22" sl="38" sc="13" el="38" ec="25" bec="0" bev="0" fileid="6" />
                <SequencePoint vc="8" uspid="644" ordinal="5" offset="29" sl="39" sc="9" el="39" ec="10" bec="0" bev="0" fileid="6" />
              </SequencePoints>
              <BranchPoints />
              <MethodPoint xsi:type="SequencePoint" vc="8" uspid="639" ordinal="0" offset="0" sl="34" sc="9" el="34" ec="55" bec="0" bev="0" fileid="6" />
            </Method>
            <Method visited="false" cyclomaticComplexity="1" nPathComplexity="0" sequenceCoverage="0" branchCoverage="0" crapScore="2" isConstructor="true" isStatic="false" isGetter="false" isSetter="false">
              <Summary numSequencePoints="5" visitedSequencePoints="0" numBranchPoints="1" visitedBranchPoints="0" sequenceCoverage="0" branchCoverage="0" maxCyclomaticComplexity="1" minCyclomaticComplexity="1" maxCrapScore="2" minCrapScore="2" visitedClasses="0" numClasses="0" visitedMethods="0" numMethods="1" />
              <MetadataToken>100663339</MetadataToken>
              <Name>System.Void MyCollectionLibrary.Point`2::.ctor(TKey)</Name>
              <FileRef uid="6" />
              <SequencePoints>
                <SequencePoint vc="0" uspid="645" ordinal="0" offset="0" sl="41" sc="9" el="41" ec="31" bec="0" bev="0" fileid="6" />
                <SequencePoint vc="0" uspid="646" ordinal="1" offset="7" sl="42" sc="9" el="42" ec="10" bec="0" bev="0" fileid="6" />
                <SequencePoint vc="0" uspid="647" ordinal="2" offset="8" sl="44" sc="13" el="44" ec="28" bec="0" bev="0" fileid="6" />
                <SequencePoint vc="0" uspid="648" ordinal="3" offset="15" sl="45" sc="13" el="45" ec="25" bec="0" bev="0" fileid="6" />
                <SequencePoint vc="0" uspid="649" ordinal="4" offset="22" sl="46" sc="9" el="46" ec="10" bec="0" bev="0" fileid="6" />
              </SequencePoints>
              <BranchPoints />
              <MethodPoint xsi:type="SequencePoint" vc="0" uspid="645" ordinal="0" offset="0" sl="41" sc="9" el="41" ec="31" bec="0" bev="0" fileid="6" />
            </Method>
            <Method visited="false" cyclomaticComplexity="1" nPathComplexity="0" sequenceCoverage="0" branchCoverage="0" crapScore="2" isConstructor="true" isStatic="false" isGetter="false" isSetter="false">
              <Summary numSequencePoints="6" visitedSequencePoints="0" numBranchPoints="1" visitedBranchPoints="0" sequenceCoverage="0" branchCoverage="0" maxCyclomaticComplexity="1" minCyclomaticComplexity="1" maxCrapScore="2" minCrapScore="2" visitedClasses="0" numClasses="0" visitedMethods="0" numMethods="1" />
              <MetadataToken>100663340</MetadataToken>
              <Name>System.Void MyCollectionLibrary.Point`2::.ctor()</Name>
              <FileRef uid="6" />
              <SequencePoints>
                <SequencePoint vc="0" uspid="650" ordinal="0" offset="0" sl="48" sc="9" el="48" ec="23" bec="0" bev="0" fileid="6" />
                <SequencePoint vc="0" uspid="651" ordinal="1" offset="7" sl="49" sc="9" el="49" ec="10" bec="0" bev="0" fileid="6" />
                <SequencePoint vc="0" uspid="652" ordinal="2" offset="8" sl="50" sc="13" el="50" ec="35" bec="0" bev="0" fileid="6" />
                <SequencePoint vc="0" uspid="653" ordinal="3" offset="20" sl="51" sc="13" el="51" ec="25" bec="0" bev="0" fileid="6" />
                <SequencePoint vc="0" uspid="654" ordinal="4" offset="27" sl="52" sc="13" el="52" ec="33" bec="0" bev="0" fileid="6" />
                <SequencePoint vc="0" uspid="655" ordinal="5" offset="39" sl="53" sc="9" el="53" ec="10" bec="0" bev="0" fileid="6" />
              </SequencePoints>
              <BranchPoints />
              <MethodPoint xsi:type="SequencePoint" vc="0" uspid="650" ordinal="0" offset="0" sl="48" sc="9" el="48" ec="23" bec="0" bev="0" fileid="6" />
            </Method>
            <Method visited="false" cyclomaticComplexity="2" nPathComplexity="2" sequenceCoverage="0" branchCoverage="0" crapScore="6" isConstructor="true" isStatic="false" isGetter="false" isSetter="false">
              <Summary numSequencePoints="8" visitedSequencePoints="0" numBranchPoints="3" visitedBranchPoints="0" sequenceCoverage="0" branchCoverage="0" maxCyclomaticComplexity="2" minCyclomaticComplexity="2" maxCrapScore="6" minCrapScore="6" visitedClasses="0" numClasses="0" visitedMethods="0" numMethods="1" />
              <MetadataToken>100663341</MetadataToken>
              <Name>System.Void MyCollectionLibrary.Point`2::.ctor(MyCollectionLibrary.Point`2&lt;TKey,TVal&gt;)</Name>
              <FileRef uid="6" />
              <SequencePoints>
                <SequencePoint vc="0" uspid="656" ordinal="0" offset="0" sl="55" sc="9" el="55" ec="46" bec="0" bev="0" fileid="6" />
                <SequencePoint vc="0" uspid="657" ordinal="1" offset="7" sl="56" sc="9" el="56" ec="10" bec="0" bev="0" fileid="6" />
                <SequencePoint vc="0" uspid="658" ordinal="2" offset="8" sl="57" sc="13" el="57" ec="34" bec="0" bev="0" fileid="6" />
                <SequencePoint vc="0" uspid="659" ordinal="3" offset="20" sl="58" sc="13" el="58" ec="38" bec="0" bev="0" fileid="6" />
                <SequencePoint vc="0" uspid="660" ordinal="4" offset="32" sl="59" sc="13" el="59" ec="36" bec="2" bev="0" fileid="6" />
                <SequencePoint vc="0" uspid="661" ordinal="5" offset="45" sl="60" sc="17" el="60" ec="34" bec="0" bev="0" fileid="6" />
                <SequencePoint vc="0" uspid="662" ordinal="6" offset="54" sl="62" sc="17" el="62" ec="85" bec="0" bev="0" fileid="6" />
                <SequencePoint vc="0" uspid="663" ordinal="7" offset="88" sl="63" sc="9" el="63" ec="10" bec="0" bev="0" fileid="6" />
              </SequencePoints>
              <BranchPoints>
                <BranchPoint vc="0" uspid="664" ordinal="0" offset="43" sl="59" path="0" offsetend="45" fileid="6" />
                <BranchPoint vc="0" uspid="665" ordinal="1" offset="43" sl="59" path="1" offsetend="54" fileid="6" />
              </BranchPoints>
              <MethodPoint xsi:type="SequencePoint" vc="0" uspid="656" ordinal="0" offset="0" sl="55" sc="9" el="55" ec="46" bec="0" bev="0" fileid="6" />
            </Method>
            <Method visited="false" cyclomaticComplexity="2" nPathComplexity="2" sequenceCoverage="0" branchCoverage="0" crapScore="6" isConstructor="false" isStatic="false" isGetter="false" isSetter="false">
              <Summary numSequencePoints="6" visitedSequencePoints="0" numBranchPoints="3" visitedBranchPoints="0" sequenceCoverage="0" branchCoverage="0" maxCyclomaticComplexity="2" minCyclomaticComplexity="2" maxCrapScore="6" minCrapScore="6" visitedClasses="0" numClasses="0" visitedMethods="0" numMethods="1" />
              <MetadataToken>100663342</MetadataToken>
              <Name>System.String MyCollectionLibrary.Point`2::ToString()</Name>
              <FileRef uid="6" />
              <SequencePoints>
                <SequencePoint vc="0" uspid="666" ordinal="0" offset="0" sl="66" sc="9" el="66" ec="10" bec="0" bev="0" fileid="6" />
                <SequencePoint vc="0" uspid="667" ordinal="1" offset="1" sl="67" sc="13" el="67" ec="31" bec="2" bev="0" fileid="6" />
                <SequencePoint vc="0" uspid="668" ordinal="2" offset="19" sl="68" sc="13" el="68" ec="14" bec="0" bev="0" fileid="6" />
                <SequencePoint vc="0" uspid="669" ordinal="3" offset="20" sl="69" sc="17" el="69" ec="59" bec="0" bev="0" fileid="6" />
                <SequencePoint vc="0" uspid="670" ordinal="4" offset="50" sl="71" sc="13" el="71" ec="64" bec="0" bev="0" fileid="6" />
                <SequencePoint vc="0" uspid="671" ordinal="5" offset="97" sl="72" sc="9" el="72" ec="10" bec="0" bev="0" fileid="6" />
              </SequencePoints>
              <BranchPoints>
                <BranchPoint vc="0" uspid="672" ordinal="0" offset="17" sl="67" path="0" offsetend="19" fileid="6" />
                <BranchPoint vc="0" uspid="673" ordinal="1" offset="17" sl="67" path="1" offsetend="50" fileid="6" />
              </BranchPoints>
              <MethodPoint xsi:type="SequencePoint" vc="0" uspid="666" ordinal="0" offset="0" sl="66" sc="9" el="66" ec="10" bec="0" bev="0" fileid="6" />
            </Method>
            <Method visited="false" cyclomaticComplexity="2" nPathComplexity="2" sequenceCoverage="0" branchCoverage="0" crapScore="6" isConstructor="false" isStatic="false" isGetter="false" isSetter="false">
              <Summary numSequencePoints="5" visitedSequencePoints="0" numBranchPoints="3" visitedBranchPoints="0" sequenceCoverage="0" branchCoverage="0" maxCyclomaticComplexity="2" minCyclomaticComplexity="2" maxCrapScore="6" minCrapScore="6" visitedClasses="0" numClasses="0" visitedMethods="0" numMethods="1" />
              <MetadataToken>100663343</MetadataToken>
              <Name>System.Boolean MyCollectionLibrary.Point`2::Equals(System.Object)</Name>
              <FileRef uid="6" />
              <SequencePoints>
                <SequencePoint vc="0" uspid="674" ordinal="0" offset="0" sl="75" sc="9" el="75" ec="10" bec="0" bev="0" fileid="6" />
                <SequencePoint vc="0" uspid="675" ordinal="1" offset="1" sl="76" sc="13" el="76" ec="48" bec="2" bev="0" fileid="6" />
                <SequencePoint vc="0" uspid="676" ordinal="2" offset="16" sl="77" sc="17" el="77" ec="111" bec="0" bev="0" fileid="6" />
                <SequencePoint vc="0" uspid="677" ordinal="3" offset="92" sl="78" sc="13" el="78" ec="26" bec="0" bev="0" fileid="6" />
                <SequencePoint vc="0" uspid="678" ordinal="4" offset="96" sl="79" sc="9" el="79" ec="10" bec="0" bev="0" fileid="6" />
              </SequencePoints>
              <BranchPoints>
                <BranchPoint vc="0" uspid="679" ordinal="0" offset="14" sl="76" path="0" offsetend="16" fileid="6" />
                <BranchPoint vc="0" uspid="680" ordinal="1" offset="14" sl="76" path="1" offsetend="92" fileid="6" />
              </BranchPoints>
              <MethodPoint xsi:type="SequencePoint" vc="0" uspid="674" ordinal="0" offset="0" sl="75" sc="9" el="75" ec="10" bec="0" bev="0" fileid="6" />
            </Method>
          </Methods>
        </Class>
      </Classes>
    </Module>
  </Modules>
</CoverageSession>